This file contains any messages produced by compilers while
running configure, to aid debugging if configure makes a mistake.

It was created by configure, which was
generated by GNU Autoconf 2.59.  Invocation command line was

  $ ./configure --prefix=/usr --enable-static --prefix=/usr --sysconfdir=/private/etc --localstatedir=/private/var --mandir=/usr/share/man --enable-ltdl-install=no --cache-file=/dev/null --srcdir=. CFLAGS=-g -O2 -D_REENTRANT -D_POSIX_PTHREAD_SEMANTICS -DDARWIN -Wall -D_GNU_SOURCE -DNDEBUG --cache-file=/dev/null --srcdir=.

## --------- ##
## Platform. ##
## --------- ##

hostname = simost4.apple.com
uname -m = Power Macintosh
uname -r = 9.0.0d3
uname -s = Darwin
uname -v = Darwin Kernel Version 9.0.0d3: Sun Oct  1 00:34:58 PDT 2006; root:xnu-965~3/RELEASE_PPC

/usr/bin/uname -p = powerpc
/bin/uname -X     = unknown

/bin/arch              = unknown
/usr/bin/arch -k       = unknown
/usr/convex/getsysinfo = unknown
hostinfo               = Mach kernel version:
	 Darwin Kernel Version 9.0.0d3: Sun Oct  1 00:34:58 PDT 2006; root:xnu-965~3/RELEASE_PPC
Kernel configured for up to 2 processors.
2 processors are physically available.
2 processors are logically available.
Processor type: ppc970 (PowerPC 970)
Processors active: 0 1
Primary memory available: 512.00 megabytes
Default processor set: 84 tasks, 266 threads, 2 processors
Load average: 1.14, Mach factor: 1.32
/bin/machine           = unknown
/usr/bin/oslevel       = unknown
/bin/universe          = unknown

PATH: /Volumes/Tenacious/backup3/Users/steve/bin/powerpc-apple-darwin
PATH: /Volumes/Tenacious/backup3/Users/steve/bin
PATH: /usr/local/bin
PATH: /usr/bin
PATH: /bin
PATH: /usr/local/sbin
PATH: /usr/sbin
PATH: /sbin
PATH: /Network/Servers/seaport/release/bin
PATH: /Network/Servers/seaport/release/rcdev/xbs-Current/jbin


## ----------- ##
## Core tests. ##
## ----------- ##

configure:1341: checking for gcc
configure:1357: found /usr/bin/gcc
configure:1367: result: gcc
configure:1611: checking for C compiler version
configure:1614: gcc --version </dev/null >&5
powerpc-apple-darwin8-gcc-4.0.1 (GCC) 4.0.1 (Apple Computer, Inc. build 5421)
Copyright (C) 2005 Free Software Foundation, Inc.
This is free software; see the source for copying conditions.  There is NO
warranty; not even for MERCHANTABILITY or FITNESS FOR A PARTICULAR PURPOSE.

configure:1617: $? = 0
configure:1619: gcc -v </dev/null >&5
Using built-in specs.
Target: powerpc-apple-darwin8
Configured with: /var/tmp/gcc/gcc-5421~4/src/configure --disable-checking -enable-werror --prefix=/usr --mandir=/share/man --enable-languages=c,objc,c++,obj-c++ --program-transform-name=/^[cg][^.-]*$/s/$/-4.0/ --with-gxx-include-dir=/include/c++/4.0.0 --with-slibdir=/usr/lib --build=powerpc-apple-darwin8 --host=powerpc-apple-darwin8 --target=powerpc-apple-darwin8
Thread model: posix
gcc version 4.0.1 (Apple Computer, Inc. build 5421)
configure:1622: $? = 0
configure:1624: gcc -V </dev/null >&5
gcc-4.0: argument to `-V' is missing
configure:1627: $? = 1
configure:1650: checking for C compiler default output file name
configure:1653: gcc -g -O2 -D_REENTRANT -D_POSIX_PTHREAD_SEMANTICS -DDARWIN -Wall -D_GNU_SOURCE -DNDEBUG   conftest.c -lresolv  -lpthread >&5
configure:1656: $? = 0
configure:1702: result: a.out
configure:1707: checking whether the C compiler works
configure:1713: ./a.out
configure:1716: $? = 0
configure:1733: result: yes
configure:1740: checking whether we are cross compiling
configure:1742: result: no
configure:1745: checking for suffix of executables
configure:1747: gcc -o conftest -g -O2 -D_REENTRANT -D_POSIX_PTHREAD_SEMANTICS -DDARWIN -Wall -D_GNU_SOURCE -DNDEBUG   conftest.c -lresolv  -lpthread >&5
configure:1750: $? = 0
configure:1775: result: 
configure:1781: checking for suffix of object files
configure:1802: gcc -c -g -O2 -D_REENTRANT -D_POSIX_PTHREAD_SEMANTICS -DDARWIN -Wall -D_GNU_SOURCE -DNDEBUG  conftest.c >&5
configure:1805: $? = 0
configure:1827: result: o
configure:1831: checking whether we are using the GNU C compiler
configure:1855: gcc -c -g -O2 -D_REENTRANT -D_POSIX_PTHREAD_SEMANTICS -DDARWIN -Wall -D_GNU_SOURCE -DNDEBUG  conftest.c >&5
configure:1861: $? = 0
configure:1865: test -z 
			 || test ! -s conftest.err
configure:1868: $? = 0
configure:1871: test -s conftest.o
configure:1874: $? = 0
configure:1887: result: yes
configure:1893: checking whether gcc accepts -g
configure:1914: gcc -c -g  conftest.c >&5
configure:1920: $? = 0
configure:1924: test -z 
			 || test ! -s conftest.err
configure:1927: $? = 0
configure:1930: test -s conftest.o
configure:1933: $? = 0
configure:1944: result: yes
configure:1961: checking for gcc option to accept ANSI C
configure:2031: gcc  -c -g -O2 -D_REENTRANT -D_POSIX_PTHREAD_SEMANTICS -DDARWIN -Wall -D_GNU_SOURCE -DNDEBUG  conftest.c >&5
configure:2037: $? = 0
configure:2041: test -z 
			 || test ! -s conftest.err
configure:2044: $? = 0
configure:2047: test -s conftest.o
configure:2050: $? = 0
configure:2068: result: none needed
configure:2086: gcc -c -g -O2 -D_REENTRANT -D_POSIX_PTHREAD_SEMANTICS -DDARWIN -Wall -D_GNU_SOURCE -DNDEBUG  conftest.c >&5
conftest.c:2: error: syntax error before 'me'
configure:2092: $? = 1
configure: failed program was:
| #ifndef __cplusplus
|   choke me
| #endif
configure:2231: checking how to run the C preprocessor
configure:2266: gcc -E  conftest.c
configure:2272: $? = 0
configure:2304: gcc -E  conftest.c
conftest.c:9:28: error: ac_nonexistent.h: No such file or directory
configure:2310: $? = 1
configure: failed program was:
| /* confdefs.h.  */
| 
| #define PACKAGE_NAME ""
| #define PACKAGE_TARNAME ""
| #define PACKAGE_VERSION ""
| #define PACKAGE_STRING ""
| #define PACKAGE_BUGREPORT ""
| /* end confdefs.h.  */
| #include <ac_nonexistent.h>
configure:2349: result: gcc -E
configure:2373: gcc -E  conftest.c
configure:2379: $? = 0
configure:2411: gcc -E  conftest.c
conftest.c:9:28: error: ac_nonexistent.h: No such file or directory
configure:2417: $? = 1
configure: failed program was:
| /* confdefs.h.  */
| 
| #define PACKAGE_NAME ""
| #define PACKAGE_TARNAME ""
| #define PACKAGE_VERSION ""
| #define PACKAGE_STRING ""
| #define PACKAGE_BUGREPORT ""
| /* end confdefs.h.  */
| #include <ac_nonexistent.h>
configure:2461: checking for egrep
configure:2471: result: grep -E
configure:2476: checking for ANSI C header files
configure:2501: gcc -c -g -O2 -D_REENTRANT -D_POSIX_PTHREAD_SEMANTICS -DDARWIN -Wall -D_GNU_SOURCE -DNDEBUG  conftest.c >&5
configure:2507: $? = 0
configure:2511: test -z 
			 || test ! -s conftest.err
configure:2514: $? = 0
configure:2517: test -s conftest.o
configure:2520: $? = 0
configure:2609: gcc -o conftest -g -O2 -D_REENTRANT -D_POSIX_PTHREAD_SEMANTICS -DDARWIN -Wall -D_GNU_SOURCE -DNDEBUG   conftest.c -lresolv  -lpthread >&5
conftest.c: In function 'main':
conftest.c:26: warning: implicit declaration of function 'exit'
conftest.c:26: warning: incompatible implicit declaration of built-in function 'exit'
configure:2612: $? = 0
configure:2614: ./conftest
configure:2617: $? = 0
configure:2632: result: yes
configure:2656: checking for sys/types.h
configure:2672: gcc -c -g -O2 -D_REENTRANT -D_POSIX_PTHREAD_SEMANTICS -DDARWIN -Wall -D_GNU_SOURCE -DNDEBUG  conftest.c >&5
configure:2678: $? = 0
configure:2682: test -z 
			 || test ! -s conftest.err
configure:2685: $? = 0
configure:2688: test -s conftest.o
configure:2691: $? = 0
configure:2702: result: yes
configure:2656: checking for sys/stat.h
configure:2672: gcc -c -g -O2 -D_REENTRANT -D_POSIX_PTHREAD_SEMANTICS -DDARWIN -Wall -D_GNU_SOURCE -DNDEBUG  conftest.c >&5
configure:2678: $? = 0
configure:2682: test -z 
			 || test ! -s conftest.err
configure:2685: $? = 0
configure:2688: test -s conftest.o
configure:2691: $? = 0
configure:2702: result: yes
configure:2656: checking for stdlib.h
configure:2672: gcc -c -g -O2 -D_REENTRANT -D_POSIX_PTHREAD_SEMANTICS -DDARWIN -Wall -D_GNU_SOURCE -DNDEBUG  conftest.c >&5
configure:2678: $? = 0
configure:2682: test -z 
			 || test ! -s conftest.err
configure:2685: $? = 0
configure:2688: test -s conftest.o
configure:2691: $? = 0
configure:2702: result: yes
configure:2656: checking for string.h
configure:2672: gcc -c -g -O2 -D_REENTRANT -D_POSIX_PTHREAD_SEMANTICS -DDARWIN -Wall -D_GNU_SOURCE -DNDEBUG  conftest.c >&5
configure:2678: $? = 0
configure:2682: test -z 
			 || test ! -s conftest.err
configure:2685: $? = 0
configure:2688: test -s conftest.o
configure:2691: $? = 0
configure:2702: result: yes
configure:2656: checking for memory.h
configure:2672: gcc -c -g -O2 -D_REENTRANT -D_POSIX_PTHREAD_SEMANTICS -DDARWIN -Wall -D_GNU_SOURCE -DNDEBUG  conftest.c >&5
configure:2678: $? = 0
configure:2682: test -z 
			 || test ! -s conftest.err
configure:2685: $? = 0
configure:2688: test -s conftest.o
configure:2691: $? = 0
configure:2702: result: yes
configure:2656: checking for strings.h
configure:2672: gcc -c -g -O2 -D_REENTRANT -D_POSIX_PTHREAD_SEMANTICS -DDARWIN -Wall -D_GNU_SOURCE -DNDEBUG  conftest.c >&5
configure:2678: $? = 0
configure:2682: test -z 
			 || test ! -s conftest.err
configure:2685: $? = 0
configure:2688: test -s conftest.o
configure:2691: $? = 0
configure:2702: result: yes
configure:2656: checking for inttypes.h
configure:2672: gcc -c -g -O2 -D_REENTRANT -D_POSIX_PTHREAD_SEMANTICS -DDARWIN -Wall -D_GNU_SOURCE -DNDEBUG  conftest.c >&5
configure:2678: $? = 0
configure:2682: test -z 
			 || test ! -s conftest.err
configure:2685: $? = 0
configure:2688: test -s conftest.o
configure:2691: $? = 0
configure:2702: result: yes
configure:2656: checking for stdint.h
configure:2672: gcc -c -g -O2 -D_REENTRANT -D_POSIX_PTHREAD_SEMANTICS -DDARWIN -Wall -D_GNU_SOURCE -DNDEBUG  conftest.c >&5
configure:2678: $? = 0
configure:2682: test -z 
			 || test ! -s conftest.err
configure:2685: $? = 0
configure:2688: test -s conftest.o
configure:2691: $? = 0
configure:2702: result: yes
configure:2656: checking for unistd.h
configure:2672: gcc -c -g -O2 -D_REENTRANT -D_POSIX_PTHREAD_SEMANTICS -DDARWIN -Wall -D_GNU_SOURCE -DNDEBUG  conftest.c >&5
configure:2678: $? = 0
configure:2682: test -z 
			 || test ! -s conftest.err
configure:2685: $? = 0
configure:2688: test -s conftest.o
configure:2691: $? = 0
configure:2702: result: yes
configure:2728: checking malloc.h usability
configure:2740: gcc -c -g -O2 -D_REENTRANT -D_POSIX_PTHREAD_SEMANTICS -DDARWIN -Wall -D_GNU_SOURCE -DNDEBUG  conftest.c >&5
conftest.c:53:20: error: malloc.h: No such file or directory
configure:2746: $? = 1
configure: failed program was:
| /* confdefs.h.  */
| 
| #define PACKAGE_NAME ""
| #define PACKAGE_TARNAME ""
| #define PACKAGE_VERSION ""
| #define PACKAGE_STRING ""
| #define PACKAGE_BUGREPORT ""
| #define STDC_HEADERS 1
| #define HAVE_SYS_TYPES_H 1
| #define HAVE_SYS_STAT_H 1
| #define HAVE_STDLIB_H 1
| #define HAVE_STRING_H 1
| #define HAVE_MEMORY_H 1
| #define HAVE_STRINGS_H 1
| #define HAVE_INTTYPES_H 1
| #define HAVE_STDINT_H 1
| #define HAVE_UNISTD_H 1
| /* end confdefs.h.  */
| #include <stdio.h>
| #if HAVE_SYS_TYPES_H
| # include <sys/types.h>
| #endif
| #if HAVE_SYS_STAT_H
| # include <sys/stat.h>
| #endif
| #if STDC_HEADERS
| # include <stdlib.h>
| # include <stddef.h>
| #else
| # if HAVE_STDLIB_H
| #  include <stdlib.h>
| # endif
| #endif
| #if HAVE_STRING_H
| # if !STDC_HEADERS && HAVE_MEMORY_H
| #  include <memory.h>
| # endif
| # include <string.h>
| #endif
| #if HAVE_STRINGS_H
| # include <strings.h>
| #endif
| #if HAVE_INTTYPES_H
| # include <inttypes.h>
| #else
| # if HAVE_STDINT_H
| #  include <stdint.h>
| # endif
| #endif
| #if HAVE_UNISTD_H
| # include <unistd.h>
| #endif
| #include <malloc.h>
configure:2769: result: no
configure:2773: checking malloc.h presence
configure:2783: gcc -E  conftest.c
conftest.c:19:20: error: malloc.h: No such file or directory
configure:2789: $? = 1
configure: failed program was:
| /* confdefs.h.  */
| 
| #define PACKAGE_NAME ""
| #define PACKAGE_TARNAME ""
| #define PACKAGE_VERSION ""
| #define PACKAGE_STRING ""
| #define PACKAGE_BUGREPORT ""
| #define STDC_HEADERS 1
| #define HAVE_SYS_TYPES_H 1
| #define HAVE_SYS_STAT_H 1
| #define HAVE_STDLIB_H 1
| #define HAVE_STRING_H 1
| #define HAVE_MEMORY_H 1
| #define HAVE_STRINGS_H 1
| #define HAVE_INTTYPES_H 1
| #define HAVE_STDINT_H 1
| #define HAVE_UNISTD_H 1
| /* end confdefs.h.  */
| #include <malloc.h>
configure:2809: result: no
configure:2844: checking for malloc.h
configure:2851: result: no
configure:3017: creating ./config.status

## ---------------------- ##
## Running config.status. ##
## ---------------------- ##

This file was extended by config.status, which was
generated by GNU Autoconf 2.59.  Invocation command line was

  CONFIG_FILES    = 
  CONFIG_HEADERS  = 
  CONFIG_LINKS    = 
  CONFIG_COMMANDS = 
  $ ./config.status 

on simost4.apple.com

config.status:636: creating Makefile

## ---------------- ##
## Cache variables. ##
## ---------------- ##

ac_cv_c_compiler_gnu=yes
ac_cv_env_CC_set=
ac_cv_env_CC_value=
ac_cv_env_CFLAGS_set=set
ac_cv_env_CFLAGS_value='-g -O2 -D_REENTRANT -D_POSIX_PTHREAD_SEMANTICS -DDARWIN -Wall -D_GNU_SOURCE -DNDEBUG'
ac_cv_env_CPPFLAGS_set=
ac_cv_env_CPPFLAGS_value=
ac_cv_env_CPP_set=
ac_cv_env_CPP_value=
ac_cv_env_LDFLAGS_set=
ac_cv_env_LDFLAGS_value=
ac_cv_env_build_alias_set=
ac_cv_env_build_alias_value=
ac_cv_env_host_alias_set=
ac_cv_env_host_alias_value=
ac_cv_env_target_alias_set=
ac_cv_env_target_alias_value=
ac_cv_exeext=
ac_cv_header_inttypes_h=yes
ac_cv_header_malloc_h=no
ac_cv_header_memory_h=yes
ac_cv_header_stdc=yes
ac_cv_header_stdint_h=yes
ac_cv_header_stdlib_h=yes
ac_cv_header_string_h=yes
ac_cv_header_strings_h=yes
ac_cv_header_sys_stat_h=yes
ac_cv_header_sys_types_h=yes
ac_cv_header_unistd_h=yes
ac_cv_objext=o
ac_cv_prog_CPP='gcc -E'
ac_cv_prog_ac_ct_CC=gcc
ac_cv_prog_cc_g=yes
ac_cv_prog_cc_stdc=
ac_cv_prog_egrep='grep -E'

## ----------------- ##
## Output variables. ##
## ----------------- ##

CC='gcc'
CFLAGS='-g -O2 -D_REENTRANT -D_POSIX_PTHREAD_SEMANTICS -DDARWIN -Wall -D_GNU_SOURCE -DNDEBUG'
CPP='gcc -E'
CPPFLAGS=''
DEFS='-DPACKAGE_NAME=\"\" -DPACKAGE_TARNAME=\"\" -DPACKAGE_VERSION=\"\" -DPACKAGE_STRING=\"\" -DPACKAGE_BUGREPORT=\"\" -DSTDC_HEADERS=1 -DHAVE_SYS_TYPES_H=1 -DHAVE_SYS_STAT_H=1 -DHAVE_STDLIB_H=1 -DHAVE_STRING_H=1 -DHAVE_MEMORY_H=1 -DHAVE_STRINGS_H=1 -DHAVE_INTTYPES_H=1 -DHAVE_STDINT_H=1 -DHAVE_UNISTD_H=1 '
ECHO_C='ECHO_N=''
ECHO_T=''
EGREP='grep -E'
EXEEXT=''
LDFLAGS=''
LIBOBJS=''
LIBS='-lresolv  -lpthread'
LTLIBOBJS=''
OBJEXT='o'
PACKAGE_BUGREPORT=''
PACKAGE_NAME=''
PACKAGE_STRING=''
PACKAGE_TARNAME=''
PACKAGE_VERSION=''
PATH_SEPARATOR=':'
SHELL='/bin/sh'
ac_ct_CC='gcc'
bindir='${exec_prefix}/bin'
build_alias=''
datadir='${prefix}/share'
eap_md5_cflags=''
eap_md5_ldflags=''
exec_prefix='${prefix}'
host_alias=''
includedir='${prefix}/include'
infodir='${prefix}/info'
libdir='${exec_prefix}/lib'
libexecdir='${exec_prefix}/libexec'
localstatedir='/private/var'
mandir='/usr/share/man'
oldincludedir='/usr/include'
prefix='/usr'
program_transform_name='s,x,x,'
sbindir='${exec_prefix}/sbin'
sharedstatedir='${prefix}/com'
sysconfdir='/private/etc'
target_alias=''
targetname='rlm_eap_md5'

## ----------- ##
## confdefs.h. ##
## ----------- ##

#define HAVE_INTTYPES_H 1
#define HAVE_MEMORY_H 1
#define HAVE_STDINT_H 1
#define HAVE_STDLIB_H 1
#define HAVE_STRINGS_H 1
#define HAVE_STRING_H 1
#define HAVE_SYS_STAT_H 1
#define HAVE_SYS_TYPES_H 1
#define HAVE_UNISTD_H 1
#define PACKAGE_BUGREPORT ""
#define PACKAGE_NAME ""
#define PACKAGE_STRING ""
#define PACKAGE_TARNAME ""
#define PACKAGE_VERSION ""
#define STDC_HEADERS 1

configure: exit 0
