This file contains any messages produced by compilers while
running configure, to aid debugging if configure makes a mistake.

configure:533: checking for gcc
configure:646: checking whether the C compiler (gcc -g -O2 -D_REENTRANT -D_POSIX_PTHREAD_SEMANTICS -DOPENSSL_NO_KRB5   -Wall -D_GNU_SOURCE -DNDEBUG ) works
configure:662: gcc -o conftest -g -O2 -D_REENTRANT -D_POSIX_PTHREAD_SEMANTICS -DOPENSSL_NO_KRB5   -Wall -D_GNU_SOURCE -DNDEBUG   conftest.c -lresolv  -lpthread -lcrypto -lssl 1>&5
configure:659: warning: return type defaults to 'int'
configure:688: checking whether the C compiler (gcc -g -O2 -D_REENTRANT -D_POSIX_PTHREAD_SEMANTICS -DOPENSSL_NO_KRB5   -Wall -D_GNU_SOURCE -DNDEBUG ) is a cross-compiler
configure:693: checking whether we are using GNU C
configure:721: checking whether gcc accepts -g
configure:753: checking how to run the C preprocessor
configure:834: checking for system password file
configure:843: checking for system shadow password file
configure:851: checking for crypt
configure:954: checking for crypt.h
configure:954: checking for shadow.h
configure:993: checking for getspnam
configure:993: checking for getusershell
configure:1047: checking for getspnam in -lshadow
configure:1097: checking for fgetpwent
configure:1097: checking for fgetspent
configure:1097: checking for fgetgrent
