This file contains any messages produced by compilers while
running configure, to aid debugging if configure makes a mistake.

It was created by configure, which was
generated by GNU Autoconf 2.59.  Invocation command line was

  $ ./configure --prefix=/usr --enable-static --prefix=/usr --sysconfdir=/private/etc --localstatedir=/private/var --mandir=/usr/share/man --enable-ltdl-install=no --cache-file=/dev/null --srcdir=. CFLAGS=-g -O2 -D_REENTRANT -D_POSIX_PTHREAD_SEMANTICS -DDARWIN -Wall -D_GNU_SOURCE -DNDEBUG --cache-file=/dev/null --srcdir=.

## --------- ##
## Platform. ##
## --------- ##

hostname = simost4.apple.com
uname -m = Power Macintosh
uname -r = 9.0.0d3
uname -s = Darwin
uname -v = Darwin Kernel Version 9.0.0d3: Sun Oct  1 00:34:58 PDT 2006; root:xnu-965~3/RELEASE_PPC

/usr/bin/uname -p = powerpc
/bin/uname -X     = unknown

/bin/arch              = unknown
/usr/bin/arch -k       = unknown
/usr/convex/getsysinfo = unknown
hostinfo               = Mach kernel version:
	 Darwin Kernel Version 9.0.0d3: Sun Oct  1 00:34:58 PDT 2006; root:xnu-965~3/RELEASE_PPC
Kernel configured for up to 2 processors.
2 processors are physically available.
2 processors are logically available.
Processor type: ppc970 (PowerPC 970)
Processors active: 0 1
Primary memory available: 512.00 megabytes
Default processor set: 84 tasks, 266 threads, 2 processors
Load average: 1.24, Mach factor: 0.74
/bin/machine           = unknown
/usr/bin/oslevel       = unknown
/bin/universe          = unknown

PATH: /Volumes/Tenacious/backup3/Users/steve/bin/powerpc-apple-darwin
PATH: /Volumes/Tenacious/backup3/Users/steve/bin
PATH: /usr/local/bin
PATH: /usr/bin
PATH: /bin
PATH: /usr/local/sbin
PATH: /usr/sbin
PATH: /sbin
PATH: /Network/Servers/seaport/release/bin
PATH: /Network/Servers/seaport/release/rcdev/xbs-Current/jbin


## ----------- ##
## Core tests. ##
## ----------- ##

configure:1356: checking for gcc
configure:1372: found /usr/bin/gcc
configure:1382: result: gcc
configure:1626: checking for C compiler version
configure:1629: gcc --version </dev/null >&5
powerpc-apple-darwin8-gcc-4.0.1 (GCC) 4.0.1 (Apple Computer, Inc. build 5421)
Copyright (C) 2005 Free Software Foundation, Inc.
This is free software; see the source for copying conditions.  There is NO
warranty; not even for MERCHANTABILITY or FITNESS FOR A PARTICULAR PURPOSE.

configure:1632: $? = 0
configure:1634: gcc -v </dev/null >&5
Using built-in specs.
Target: powerpc-apple-darwin8
Configured with: /var/tmp/gcc/gcc-5421~4/src/configure --disable-checking -enable-werror --prefix=/usr --mandir=/share/man --enable-languages=c,objc,c++,obj-c++ --program-transform-name=/^[cg][^.-]*$/s/$/-4.0/ --with-gxx-include-dir=/include/c++/4.0.0 --with-slibdir=/usr/lib --build=powerpc-apple-darwin8 --host=powerpc-apple-darwin8 --target=powerpc-apple-darwin8
Thread model: posix
gcc version 4.0.1 (Apple Computer, Inc. build 5421)
configure:1637: $? = 0
configure:1639: gcc -V </dev/null >&5
gcc-4.0: argument to `-V' is missing
configure:1642: $? = 1
configure:1665: checking for C compiler default output file name
configure:1668: gcc -g -O2 -D_REENTRANT -D_POSIX_PTHREAD_SEMANTICS -DDARWIN -Wall -D_GNU_SOURCE -DNDEBUG   conftest.c -lresolv  -lpthread >&5
configure:1671: $? = 0
configure:1717: result: a.out
configure:1722: checking whether the C compiler works
configure:1728: ./a.out
configure:1731: $? = 0
configure:1748: result: yes
configure:1755: checking whether we are cross compiling
configure:1757: result: no
configure:1760: checking for suffix of executables
configure:1762: gcc -o conftest -g -O2 -D_REENTRANT -D_POSIX_PTHREAD_SEMANTICS -DDARWIN -Wall -D_GNU_SOURCE -DNDEBUG   conftest.c -lresolv  -lpthread >&5
configure:1765: $? = 0
configure:1790: result: 
configure:1796: checking for suffix of object files
configure:1817: gcc -c -g -O2 -D_REENTRANT -D_POSIX_PTHREAD_SEMANTICS -DDARWIN -Wall -D_GNU_SOURCE -DNDEBUG  conftest.c >&5
configure:1820: $? = 0
configure:1842: result: o
configure:1846: checking whether we are using the GNU C compiler
configure:1870: gcc -c -g -O2 -D_REENTRANT -D_POSIX_PTHREAD_SEMANTICS -DDARWIN -Wall -D_GNU_SOURCE -DNDEBUG  conftest.c >&5
configure:1876: $? = 0
configure:1880: test -z 
			 || test ! -s conftest.err
configure:1883: $? = 0
configure:1886: test -s conftest.o
configure:1889: $? = 0
configure:1902: result: yes
configure:1908: checking whether gcc accepts -g
configure:1929: gcc -c -g  conftest.c >&5
configure:1935: $? = 0
configure:1939: test -z 
			 || test ! -s conftest.err
configure:1942: $? = 0
configure:1945: test -s conftest.o
configure:1948: $? = 0
configure:1959: result: yes
configure:1976: checking for gcc option to accept ANSI C
configure:2046: gcc  -c -g -O2 -D_REENTRANT -D_POSIX_PTHREAD_SEMANTICS -DDARWIN -Wall -D_GNU_SOURCE -DNDEBUG  conftest.c >&5
configure:2052: $? = 0
configure:2056: test -z 
			 || test ! -s conftest.err
configure:2059: $? = 0
configure:2062: test -s conftest.o
configure:2065: $? = 0
configure:2083: result: none needed
configure:2101: gcc -c -g -O2 -D_REENTRANT -D_POSIX_PTHREAD_SEMANTICS -DDARWIN -Wall -D_GNU_SOURCE -DNDEBUG  conftest.c >&5
conftest.c:2: error: syntax error before 'me'
configure:2107: $? = 1
configure: failed program was:
| #ifndef __cplusplus
|   choke me
| #endif
configure:2242: checking for mysql_config
configure:2258: found /usr/bin/mysql_config
configure:2269: result: yes
configure:2279: checking for pthread_create in -lpthread
configure:2309: gcc -o conftest -g -O2 -D_REENTRANT -D_POSIX_PTHREAD_SEMANTICS -DDARWIN -Wall -D_GNU_SOURCE -DNDEBUG   conftest.c -lpthread  -lresolv  -lpthread >&5
configure:2315: $? = 0
configure:2319: test -z 
			 || test ! -s conftest.err
configure:2322: $? = 0
configure:2325: test -s conftest
configure:2328: $? = 0
configure:2341: result: yes
configure:2428: checking for mysql_init in -lmysqlclient_r (using mysql_config)
configure:2453: gcc -o conftest -g -O2 -D_REENTRANT -D_POSIX_PTHREAD_SEMANTICS -DDARWIN -Wall -D_GNU_SOURCE -DNDEBUG   conftest.c -arch ppc64  -arch x86_64 -pipe -L/usr/lib/mysql -lmysqlclient_r -lz -lm -lpthread -lresolv  -lpthread >&5
configure:2459: $? = 0
configure:2463: test -z 
			 || test ! -s conftest.err
configure:2466: $? = 0
configure:2469: test -s conftest
configure:2472: $? = 0
configure:2484: result: yes
configure:3062: checking for mysql.h (using mysql_config)
configure:3080: gcc -c -g -O2 -D_REENTRANT -D_POSIX_PTHREAD_SEMANTICS -DDARWIN -Wall -D_GNU_SOURCE -DNDEBUG -I/usr/include/mysql -fno-omit-frame-pointer  -arch ppc64  -arch x86_64 -pipe  conftest.c >&5
conftest.c: In function 'main':
conftest.c:13: warning: unused variable 'a'
conftest.c: In function 'main':
conftest.c:13: warning: unused variable 'a'
configure:3086: $? = 0
configure:3090: test -z 
			 || test ! -s conftest.err
configure:3093: $? = 0
configure:3096: test -s conftest.o
configure:3099: $? = 0
configure:3109: result: yes
configure:3459: creating ./config.status

## ---------------------- ##
## Running config.status. ##
## ---------------------- ##

This file was extended by config.status, which was
generated by GNU Autoconf 2.59.  Invocation command line was

  CONFIG_FILES    = 
  CONFIG_HEADERS  = 
  CONFIG_LINKS    = 
  CONFIG_COMMANDS = 
  $ ./config.status 

on simost4.apple.com

config.status:643: creating Makefile
config.status:746: creating config.h
config.status:830: config.h is unchanged

## ---------------- ##
## Cache variables. ##
## ---------------- ##

ac_cv_c_compiler_gnu=yes
ac_cv_env_CC_set=
ac_cv_env_CC_value=
ac_cv_env_CFLAGS_set=set
ac_cv_env_CFLAGS_value='-g -O2 -D_REENTRANT -D_POSIX_PTHREAD_SEMANTICS -DDARWIN -Wall -D_GNU_SOURCE -DNDEBUG'
ac_cv_env_CPPFLAGS_set=
ac_cv_env_CPPFLAGS_value=
ac_cv_env_LDFLAGS_set=
ac_cv_env_LDFLAGS_value=
ac_cv_env_build_alias_set=
ac_cv_env_build_alias_value=
ac_cv_env_host_alias_set=
ac_cv_env_host_alias_value=
ac_cv_env_target_alias_set=
ac_cv_env_target_alias_value=
ac_cv_exeext=
ac_cv_lib_pthread_pthread_create=yes
ac_cv_objext=o
ac_cv_prog_MYSQL_CONFIG=yes
ac_cv_prog_ac_ct_CC=gcc
ac_cv_prog_cc_g=yes
ac_cv_prog_cc_stdc=

## ----------------- ##
## Output variables. ##
## ----------------- ##

CC='gcc'
CFLAGS='-g -O2 -D_REENTRANT -D_POSIX_PTHREAD_SEMANTICS -DDARWIN -Wall -D_GNU_SOURCE -DNDEBUG'
CPPFLAGS=''
DEFS='-DHAVE_CONFIG_H'
ECHO_C='ECHO_N=''
ECHO_T=''
EXEEXT=''
LDFLAGS=''
LIBOBJS=''
LIBS='-lpthread -lresolv  -lpthread'
LTLIBOBJS=''
MYSQL_CONFIG='yes'
OBJEXT='o'
PACKAGE_BUGREPORT=''
PACKAGE_NAME=''
PACKAGE_STRING=''
PACKAGE_TARNAME=''
PACKAGE_VERSION=''
PATH_SEPARATOR=':'
SHELL='/bin/sh'
ac_ct_CC='gcc'
bindir='${exec_prefix}/bin'
build_alias=''
datadir='${prefix}/share'
exec_prefix='${prefix}'
host_alias=''
includedir='${prefix}/include'
infodir='${prefix}/info'
libdir='${exec_prefix}/lib'
libexecdir='${exec_prefix}/libexec'
localstatedir='/private/var'
mandir='/usr/share/man'
oldincludedir='/usr/include'
prefix='/usr'
program_transform_name='s,x,x,'
sbindir='${exec_prefix}/sbin'
sharedstatedir='${prefix}/com'
sql_mysql_cflags=' -I/usr/include/mysql -fno-omit-frame-pointer  -arch ppc64  -arch x86_64 -pipe'
sql_mysql_ldflags='-arch ppc64  -arch x86_64 -pipe -L/usr/lib/mysql -lmysqlclient_r -lz -lm '
sysconfdir='/private/etc'
target_alias=''
targetname='rlm_sql_mysql'

## ----------- ##
## confdefs.h. ##
## ----------- ##

#define HAVE_MYSQL_H
#define PACKAGE_BUGREPORT ""
#define PACKAGE_NAME ""
#define PACKAGE_STRING ""
#define PACKAGE_TARNAME ""
#define PACKAGE_VERSION ""

configure: exit 0
