This file contains any messages produced by compilers while
running configure, to aid debugging if configure makes a mistake.

It was created by libffi configure 2.1, which was
generated by GNU Autoconf 2.59.  Invocation command line was

  $ ./configure 

## --------- ##
## Platform. ##
## --------- ##

hostname = laurent-sansonettis-macbook-pro-15.local
uname -m = i386
uname -r = 9.0.0d2
uname -s = Darwin
uname -v = Darwin Kernel Version 9.0.0d2: Tue Aug 22 17:00:31 PDT 2006; root:xnu-943.1~1/RELEASE_I386

/usr/bin/uname -p = i386
/bin/uname -X     = unknown

/bin/arch              = unknown
/usr/bin/arch -k       = unknown
/usr/convex/getsysinfo = unknown
hostinfo               = Mach kernel version:
	 Darwin Kernel Version 9.0.0d2: Tue Aug 22 17:00:31 PDT 2006; root:xnu-943.1~1/RELEASE_I386
Kernel configured for up to 2 processors.
2 processors are physically available.
2 processors are logically available.
Processor type: i486 (Intel 80486)
Processors active: 0 1
Primary memory available: 1.00 gigabytes
Default processor set: 91 tasks, 302 threads, 2 processors
Load average: 0.52, Mach factor: 1.50
/bin/machine           = unknown
/usr/bin/oslevel       = unknown
/bin/universe          = unknown

PATH: /bin
PATH: /sbin
PATH: /usr/bin
PATH: /usr/sbin
PATH: /usr/local/bin


## ----------- ##
## Core tests. ##
## ----------- ##

configure:1415: error: cannot run /bin/sh ./../../config.sub

## ---------------- ##
## Cache variables. ##
## ---------------- ##

ac_cv_env_CPPFLAGS_set=
ac_cv_env_CPPFLAGS_value=
ac_cv_env_CPP_set=
ac_cv_env_CPP_value=
ac_cv_env_build_alias_set=
ac_cv_env_build_alias_value=
ac_cv_env_host_alias_set=
ac_cv_env_host_alias_value=
ac_cv_env_target_alias_set=
ac_cv_env_target_alias_value=

## ----------------- ##
## Output variables. ##
## ----------------- ##

ACLOCAL=''
ALLOCA=''
ALPHA_FALSE=''
ALPHA_TRUE=''
AMDEPBACKSLASH=''
AMDEP_FALSE=''
AMDEP_TRUE=''
AMTAR=''
AM_RUNTESTFLAGS=''
ARM_FALSE=''
ARM_TRUE=''
AUTOCONF=''
AUTOHEADER=''
AUTOMAKE=''
AWK=''
CC=''
CCAS=''
CCASFLAGS=''
CCDEPMODE=''
CFLAGS=''
CPP=''
CPPFLAGS=''
CYGPATH_W=''
DEFS=''
DEPDIR=''
ECHO_C='ECHO_N=''
ECHO_T=''
EGREP=''
EXEEXT=''
HAVE_LONG_DOUBLE=''
IA64_FALSE=''
IA64_TRUE=''
INSTALL_DATA=''
INSTALL_PROGRAM=''
INSTALL_SCRIPT=''
INSTALL_STRIP_PROGRAM=''
LIBOBJS=''
LIBS=''
LIBTOOL=''
LN_S=''
LTLIBOBJS=''
M68K_FALSE=''
M68K_TRUE=''
MAINT=''
MAINTAINER_MODE_FALSE=''
MAINTAINER_MODE_TRUE=''
MAKEINFO=''
MIPS_IRIX_FALSE=''
MIPS_IRIX_TRUE=''
MIPS_LINUX_FALSE=''
MIPS_LINUX_TRUE=''
OBJEXT=''
PACKAGE=''
PACKAGE_BUGREPORT='http://gcc.gnu.org/bugs.html'
PACKAGE_NAME='libffi'
PACKAGE_STRING='libffi 2.1'
PACKAGE_TARNAME='libffi'
PACKAGE_VERSION='2.1'
PATH_SEPARATOR=':'
PA_FALSE=''
PA_TRUE=''
POWERPC_AIX_FALSE=''
POWERPC_AIX_TRUE=''
POWERPC_DARWIN_FALSE=''
POWERPC_DARWIN_TRUE=''
POWERPC_FALSE=''
POWERPC_TRUE=''
RANLIB=''
S390_FALSE=''
S390_TRUE=''
SET_MAKE=''
SH64_FALSE=''
SH64_TRUE=''
SHELL='/bin/sh'
SH_FALSE=''
SH_TRUE=''
SPARC_FALSE=''
SPARC_TRUE=''
STRIP=''
TARGET=''
TARGETDIR=''
TESTSUBDIR_FALSE=''
TESTSUBDIR_TRUE=''
VERSION=''
X86_64_FALSE=''
X86_64_TRUE=''
X86_DARWIN_FALSE=''
X86_DARWIN_TRUE=''
X86_FALSE=''
X86_TRUE=''
X86_WIN32_FALSE=''
X86_WIN32_TRUE=''
ac_ct_CC=''
ac_ct_RANLIB=''
ac_ct_STRIP=''
am__fastdepCC_FALSE=''
am__fastdepCC_TRUE=''
am__include=''
am__leading_dot=''
am__quote=''
bindir='${exec_prefix}/bin'
build=''
build_alias=''
build_cpu=''
build_os=''
build_vendor=''
datadir='${prefix}/share'
exec_prefix='NONE'
gcc_version=''
host=''
host_alias=''
host_cpu=''
host_os=''
host_vendor=''
includedir='${prefix}/include'
infodir='${prefix}/info'
install_sh=''
libdir='${exec_prefix}/lib'
libexecdir='${exec_prefix}/libexec'
localstatedir='${prefix}/var'
mandir='${prefix}/man'
multi_basedir='./../..'
oldincludedir='/usr/include'
prefix='NONE'
program_transform_name='s,x,x,'
sbindir='${exec_prefix}/sbin'
sharedstatedir='${prefix}/com'
sysconfdir='${prefix}/etc'
target=''
target_alias=''
target_cpu=''
target_os=''
target_vendor=''
tool_include_dir=''
toolexecdir=''
toolexeclibdir=''

## ----------- ##
## confdefs.h. ##
## ----------- ##

#define PACKAGE_BUGREPORT "http://gcc.gnu.org/bugs.html"
#define PACKAGE_NAME "libffi"
#define PACKAGE_STRING "libffi 2.1"
#define PACKAGE_TARNAME "libffi"
#define PACKAGE_VERSION "2.1"

configure: exit 1
