This file contains any messages produced by compilers while
running configure, to aid debugging if configure makes a mistake.

It was created by configure, which was
generated by GNU Autoconf 2.59.  Invocation command line was

  $ ./configure --prefix=/usr --enable-static --prefix=/usr --sysconfdir=/private/etc --localstatedir=/private/var --mandir=/usr/share/man --enable-ltdl-install=no --cache-file=/dev/null --srcdir=.

## --------- ##
## Platform. ##
## --------- ##

hostname = simost4.apple.com
uname -m = Power Macintosh
uname -r = 9.0.0d3
uname -s = Darwin
uname -v = Darwin Kernel Version 9.0.0d3: Sun Oct  1 00:34:58 PDT 2006; root:xnu-965~3/RELEASE_PPC

/usr/bin/uname -p = powerpc
/bin/uname -X     = unknown

/bin/arch              = unknown
/usr/bin/arch -k       = unknown
/usr/convex/getsysinfo = unknown
hostinfo               = Mach kernel version:
	 Darwin Kernel Version 9.0.0d3: Sun Oct  1 00:34:58 PDT 2006; root:xnu-965~3/RELEASE_PPC
Kernel configured for up to 2 processors.
2 processors are physically available.
2 processors are logically available.
Processor type: ppc970 (PowerPC 970)
Processors active: 0 1
Primary memory available: 512.00 megabytes
Default processor set: 83 tasks, 265 threads, 2 processors
Load average: 1.31, Mach factor: 0.90
/bin/machine           = unknown
/usr/bin/oslevel       = unknown
/bin/universe          = unknown

PATH: /Volumes/Tenacious/backup3/Users/steve/bin/powerpc-apple-darwin
PATH: /Volumes/Tenacious/backup3/Users/steve/bin
PATH: /usr/local/bin
PATH: /usr/bin
PATH: /bin
PATH: /usr/local/sbin
PATH: /usr/sbin
PATH: /sbin
PATH: /Network/Servers/seaport/release/bin
PATH: /Network/Servers/seaport/release/rcdev/xbs-Current/jbin


## ----------- ##
## Core tests. ##
## ----------- ##

configure:1306: checking for gcc
configure:1322: found /usr/bin/gcc
configure:1332: result: gcc
configure:1576: checking for C compiler version
configure:1579: gcc --version </dev/null >&5
powerpc-apple-darwin8-gcc-4.0.1 (GCC) 4.0.1 (Apple Computer, Inc. build 5421)
Copyright (C) 2005 Free Software Foundation, Inc.
This is free software; see the source for copying conditions.  There is NO
warranty; not even for MERCHANTABILITY or FITNESS FOR A PARTICULAR PURPOSE.

configure:1582: $? = 0
configure:1584: gcc -v </dev/null >&5
Using built-in specs.
Target: powerpc-apple-darwin8
Configured with: /var/tmp/gcc/gcc-5421~4/src/configure --disable-checking -enable-werror --prefix=/usr --mandir=/share/man --enable-languages=c,objc,c++,obj-c++ --program-transform-name=/^[cg][^.-]*$/s/$/-4.0/ --with-gxx-include-dir=/include/c++/4.0.0 --with-slibdir=/usr/lib --build=powerpc-apple-darwin8 --host=powerpc-apple-darwin8 --target=powerpc-apple-darwin8
Thread model: posix
gcc version 4.0.1 (Apple Computer, Inc. build 5421)
configure:1587: $? = 0
configure:1589: gcc -V </dev/null >&5
gcc-4.0: argument to `-V' is missing
configure:1592: $? = 1
configure:1615: checking for C compiler default output file name
configure:1618: gcc -g -O2 -D_REENTRANT -D_POSIX_PTHREAD_SEMANTICS -DDARWIN -Wall -D_GNU_SOURCE -DNDEBUG   conftest.c -lresolv  -lpthread >&5
configure:1621: $? = 0
configure:1667: result: a.out
configure:1672: checking whether the C compiler works
configure:1678: ./a.out
configure:1681: $? = 0
configure:1698: result: yes
configure:1705: checking whether we are cross compiling
configure:1707: result: no
configure:1710: checking for suffix of executables
configure:1712: gcc -o conftest -g -O2 -D_REENTRANT -D_POSIX_PTHREAD_SEMANTICS -DDARWIN -Wall -D_GNU_SOURCE -DNDEBUG   conftest.c -lresolv  -lpthread >&5
configure:1715: $? = 0
configure:1740: result: 
configure:1746: checking for suffix of object files
configure:1767: gcc -c -g -O2 -D_REENTRANT -D_POSIX_PTHREAD_SEMANTICS -DDARWIN -Wall -D_GNU_SOURCE -DNDEBUG  conftest.c >&5
configure:1770: $? = 0
configure:1792: result: o
configure:1796: checking whether we are using the GNU C compiler
configure:1820: gcc -c -g -O2 -D_REENTRANT -D_POSIX_PTHREAD_SEMANTICS -DDARWIN -Wall -D_GNU_SOURCE -DNDEBUG  conftest.c >&5
configure:1826: $? = 0
configure:1830: test -z 
			 || test ! -s conftest.err
configure:1833: $? = 0
configure:1836: test -s conftest.o
configure:1839: $? = 0
configure:1852: result: yes
configure:1858: checking whether gcc accepts -g
configure:1879: gcc -c -g  conftest.c >&5
configure:1885: $? = 0
configure:1889: test -z 
			 || test ! -s conftest.err
configure:1892: $? = 0
configure:1895: test -s conftest.o
configure:1898: $? = 0
configure:1909: result: yes
configure:1926: checking for gcc option to accept ANSI C
configure:1996: gcc  -c -g -O2 -D_REENTRANT -D_POSIX_PTHREAD_SEMANTICS -DDARWIN -Wall -D_GNU_SOURCE -DNDEBUG  conftest.c >&5
configure:2002: $? = 0
configure:2006: test -z 
			 || test ! -s conftest.err
configure:2009: $? = 0
configure:2012: test -s conftest.o
configure:2015: $? = 0
configure:2033: result: none needed
configure:2051: gcc -c -g -O2 -D_REENTRANT -D_POSIX_PTHREAD_SEMANTICS -DDARWIN -Wall -D_GNU_SOURCE -DNDEBUG  conftest.c >&5
conftest.c:2: error: syntax error before 'me'
configure:2057: $? = 1
configure: failed program was:
| #ifndef __cplusplus
|   choke me
| #endif
configure:2424: creating ./config.status

## ---------------------- ##
## Running config.status. ##
## ---------------------- ##

This file was extended by config.status, which was
generated by GNU Autoconf 2.59.  Invocation command line was

  CONFIG_FILES    = 
  CONFIG_HEADERS  = 
  CONFIG_LINKS    = 
  CONFIG_COMMANDS = 
  $ ./config.status 

on simost4.apple.com

config.status:637: creating ./Makefile
config.status:637: creating ./drivers/Makefile
configure:3256: configuring in ./drivers/rlm_sql_iodbc
configure:3373: running /bin/sh './configure' --prefix=/usr  '--enable-static' '--prefix=/usr' '--sysconfdir=/private/etc' '--localstatedir=/private/var' '--mandir=/usr/share/man' '--enable-ltdl-install=no' '--cache-file=/dev/null' '--srcdir=.' 'CFLAGS=-g -O2 -D_REENTRANT -D_POSIX_PTHREAD_SEMANTICS -DDARWIN -Wall -D_GNU_SOURCE -DNDEBUG' --cache-file=/dev/null --srcdir=.
configure:3256: configuring in ./drivers/rlm_sql_mysql
configure:3373: running /bin/sh './configure' --prefix=/usr  '--enable-static' '--prefix=/usr' '--sysconfdir=/private/etc' '--localstatedir=/private/var' '--mandir=/usr/share/man' '--enable-ltdl-install=no' '--cache-file=/dev/null' '--srcdir=.' 'CFLAGS=-g -O2 -D_REENTRANT -D_POSIX_PTHREAD_SEMANTICS -DDARWIN -Wall -D_GNU_SOURCE -DNDEBUG' --cache-file=/dev/null --srcdir=.
configure:3256: configuring in ./drivers/rlm_sql_postgresql
configure:3373: running /bin/sh './configure' --prefix=/usr  '--enable-static' '--prefix=/usr' '--sysconfdir=/private/etc' '--localstatedir=/private/var' '--mandir=/usr/share/man' '--enable-ltdl-install=no' '--cache-file=/dev/null' '--srcdir=.' 'CFLAGS=-g -O2 -D_REENTRANT -D_POSIX_PTHREAD_SEMANTICS -DDARWIN -Wall -D_GNU_SOURCE -DNDEBUG' --cache-file=/dev/null --srcdir=.
configure:3256: configuring in ./drivers/rlm_sql_oracle
configure:3373: running /bin/sh './configure' --prefix=/usr  '--enable-static' '--prefix=/usr' '--sysconfdir=/private/etc' '--localstatedir=/private/var' '--mandir=/usr/share/man' '--enable-ltdl-install=no' '--cache-file=/dev/null' '--srcdir=.' 'CFLAGS=-g -O2 -D_REENTRANT -D_POSIX_PTHREAD_SEMANTICS -DDARWIN -Wall -D_GNU_SOURCE -DNDEBUG' --cache-file=/dev/null --srcdir=.
configure:3256: configuring in ./drivers/rlm_sql_unixodbc
configure:3373: running /bin/sh './configure' --prefix=/usr  '--enable-static' '--prefix=/usr' '--sysconfdir=/private/etc' '--localstatedir=/private/var' '--mandir=/usr/share/man' '--enable-ltdl-install=no' '--cache-file=/dev/null' '--srcdir=.' 'CFLAGS=-g -O2 -D_REENTRANT -D_POSIX_PTHREAD_SEMANTICS -DDARWIN -Wall -D_GNU_SOURCE -DNDEBUG' --cache-file=/dev/null --srcdir=.

## ---------------- ##
## Cache variables. ##
## ---------------- ##

ac_cv_c_compiler_gnu=yes
ac_cv_env_CC_set=
ac_cv_env_CC_value=
ac_cv_env_CFLAGS_set=set
ac_cv_env_CFLAGS_value='-g -O2 -D_REENTRANT -D_POSIX_PTHREAD_SEMANTICS -DDARWIN -Wall -D_GNU_SOURCE -DNDEBUG'
ac_cv_env_CPPFLAGS_set=
ac_cv_env_CPPFLAGS_value=
ac_cv_env_LDFLAGS_set=
ac_cv_env_LDFLAGS_value=
ac_cv_env_build_alias_set=
ac_cv_env_build_alias_value=
ac_cv_env_host_alias_set=
ac_cv_env_host_alias_value=
ac_cv_env_target_alias_set=
ac_cv_env_target_alias_value=
ac_cv_exeext=
ac_cv_objext=o
ac_cv_prog_ac_ct_CC=gcc
ac_cv_prog_cc_g=yes
ac_cv_prog_cc_stdc=

## ----------------- ##
## Output variables. ##
## ----------------- ##

CC='gcc'
CFLAGS='-g -O2 -D_REENTRANT -D_POSIX_PTHREAD_SEMANTICS -DDARWIN -Wall -D_GNU_SOURCE -DNDEBUG'
CPPFLAGS=''
DEFS='-DPACKAGE_NAME=\"\" -DPACKAGE_TARNAME=\"\" -DPACKAGE_VERSION=\"\" -DPACKAGE_STRING=\"\" -DPACKAGE_BUGREPORT=\"\" '
ECHO_C='ECHO_N=''
ECHO_T=''
EXEEXT=''
LDFLAGS=''
LIBOBJS=''
LIBS='-lresolv  -lpthread'
LTLIBOBJS=''
OBJEXT='o'
PACKAGE_BUGREPORT=''
PACKAGE_NAME=''
PACKAGE_STRING=''
PACKAGE_TARNAME=''
PACKAGE_VERSION=''
PATH_SEPARATOR=':'
SHELL='/bin/sh'
SQL_MODULES=' rlm_sql_iodbc rlm_sql_mysql rlm_sql_postgresql rlm_sql_oracle rlm_sql_unixodbc'
ac_ct_CC='gcc'
bindir='${exec_prefix}/bin'
build_alias=''
datadir='${prefix}/share'
exec_prefix='${prefix}'
host_alias=''
includedir='${prefix}/include'
infodir='${prefix}/info'
libdir='${exec_prefix}/lib'
libexecdir='${exec_prefix}/libexec'
localstatedir='/private/var'
mandir='/usr/share/man'
oldincludedir='/usr/include'
prefix='/usr'
program_transform_name='s,x,x,'
sbindir='${exec_prefix}/sbin'
sharedstatedir='${prefix}/com'
sql_cflags=''
sql_ldflags=''
subdirs='  ./drivers/rlm_sql_iodbc ./drivers/rlm_sql_mysql ./drivers/rlm_sql_postgresql ./drivers/rlm_sql_oracle ./drivers/rlm_sql_unixodbc'
sysconfdir='/private/etc'
target_alias=''
targetname='rlm_sql'

## ----------- ##
## confdefs.h. ##
## ----------- ##

#define PACKAGE_BUGREPORT ""
#define PACKAGE_NAME ""
#define PACKAGE_STRING ""
#define PACKAGE_TARNAME ""
#define PACKAGE_VERSION ""

configure: exit 0
