This file contains any messages produced by compilers while
running configure, to aid debugging if configure makes a mistake.

It was created by configure, which was
generated by GNU Autoconf 2.59.  Invocation command line was

  $ ./configure --prefix=/usr --enable-static --prefix=/usr --sysconfdir=/private/etc --localstatedir=/private/var --mandir=/usr/share/man --enable-ltdl-install=no --cache-file=/dev/null --srcdir=.

## --------- ##
## Platform. ##
## --------- ##

hostname = simost4.apple.com
uname -m = Power Macintosh
uname -r = 9.0.0d3
uname -s = Darwin
uname -v = Darwin Kernel Version 9.0.0d3: Sun Oct  1 00:34:58 PDT 2006; root:xnu-965~3/RELEASE_PPC

/usr/bin/uname -p = powerpc
/bin/uname -X     = unknown

/bin/arch              = unknown
/usr/bin/arch -k       = unknown
/usr/convex/getsysinfo = unknown
hostinfo               = Mach kernel version:
	 Darwin Kernel Version 9.0.0d3: Sun Oct  1 00:34:58 PDT 2006; root:xnu-965~3/RELEASE_PPC
Kernel configured for up to 2 processors.
2 processors are physically available.
2 processors are logically available.
Processor type: ppc970 (PowerPC 970)
Processors active: 0 1
Primary memory available: 512.00 megabytes
Default processor set: 83 tasks, 265 threads, 2 processors
Load average: 1.31, Mach factor: 0.69
/bin/machine           = unknown
/usr/bin/oslevel       = unknown
/bin/universe          = unknown

PATH: /Volumes/Tenacious/backup3/Users/steve/bin/powerpc-apple-darwin
PATH: /Volumes/Tenacious/backup3/Users/steve/bin
PATH: /usr/local/bin
PATH: /usr/bin
PATH: /bin
PATH: /usr/local/sbin
PATH: /usr/sbin
PATH: /sbin
PATH: /Network/Servers/seaport/release/bin
PATH: /Network/Servers/seaport/release/rcdev/xbs-Current/jbin


## ----------- ##
## Core tests. ##
## ----------- ##

configure:1301: checking for gcc
configure:1317: found /usr/bin/gcc
configure:1327: result: gcc
configure:1571: checking for C compiler version
configure:1574: gcc --version </dev/null >&5
powerpc-apple-darwin8-gcc-4.0.1 (GCC) 4.0.1 (Apple Computer, Inc. build 5421)
Copyright (C) 2005 Free Software Foundation, Inc.
This is free software; see the source for copying conditions.  There is NO
warranty; not even for MERCHANTABILITY or FITNESS FOR A PARTICULAR PURPOSE.

configure:1577: $? = 0
configure:1579: gcc -v </dev/null >&5
Using built-in specs.
Target: powerpc-apple-darwin8
Configured with: /var/tmp/gcc/gcc-5421~4/src/configure --disable-checking -enable-werror --prefix=/usr --mandir=/share/man --enable-languages=c,objc,c++,obj-c++ --program-transform-name=/^[cg][^.-]*$/s/$/-4.0/ --with-gxx-include-dir=/include/c++/4.0.0 --with-slibdir=/usr/lib --build=powerpc-apple-darwin8 --host=powerpc-apple-darwin8 --target=powerpc-apple-darwin8
Thread model: posix
gcc version 4.0.1 (Apple Computer, Inc. build 5421)
configure:1582: $? = 0
configure:1584: gcc -V </dev/null >&5
gcc-4.0: argument to `-V' is missing
configure:1587: $? = 1
configure:1610: checking for C compiler default output file name
configure:1613: gcc -g -O2 -D_REENTRANT -D_POSIX_PTHREAD_SEMANTICS -DDARWIN -Wall -D_GNU_SOURCE -DNDEBUG   conftest.c -lresolv  -lpthread >&5
configure:1616: $? = 0
configure:1662: result: a.out
configure:1667: checking whether the C compiler works
configure:1673: ./a.out
configure:1676: $? = 0
configure:1693: result: yes
configure:1700: checking whether we are cross compiling
configure:1702: result: no
configure:1705: checking for suffix of executables
configure:1707: gcc -o conftest -g -O2 -D_REENTRANT -D_POSIX_PTHREAD_SEMANTICS -DDARWIN -Wall -D_GNU_SOURCE -DNDEBUG   conftest.c -lresolv  -lpthread >&5
configure:1710: $? = 0
configure:1735: result: 
configure:1741: checking for suffix of object files
configure:1762: gcc -c -g -O2 -D_REENTRANT -D_POSIX_PTHREAD_SEMANTICS -DDARWIN -Wall -D_GNU_SOURCE -DNDEBUG  conftest.c >&5
configure:1765: $? = 0
configure:1787: result: o
configure:1791: checking whether we are using the GNU C compiler
configure:1815: gcc -c -g -O2 -D_REENTRANT -D_POSIX_PTHREAD_SEMANTICS -DDARWIN -Wall -D_GNU_SOURCE -DNDEBUG  conftest.c >&5
configure:1821: $? = 0
configure:1825: test -z 
			 || test ! -s conftest.err
configure:1828: $? = 0
configure:1831: test -s conftest.o
configure:1834: $? = 0
configure:1847: result: yes
configure:1853: checking whether gcc accepts -g
configure:1874: gcc -c -g  conftest.c >&5
configure:1880: $? = 0
configure:1884: test -z 
			 || test ! -s conftest.err
configure:1887: $? = 0
configure:1890: test -s conftest.o
configure:1893: $? = 0
configure:1904: result: yes
configure:1921: checking for gcc option to accept ANSI C
configure:1991: gcc  -c -g -O2 -D_REENTRANT -D_POSIX_PTHREAD_SEMANTICS -DDARWIN -Wall -D_GNU_SOURCE -DNDEBUG  conftest.c >&5
configure:1997: $? = 0
configure:2001: test -z 
			 || test ! -s conftest.err
configure:2004: $? = 0
configure:2007: test -s conftest.o
configure:2010: $? = 0
configure:2028: result: none needed
configure:2046: gcc -c -g -O2 -D_REENTRANT -D_POSIX_PTHREAD_SEMANTICS -DDARWIN -Wall -D_GNU_SOURCE -DNDEBUG  conftest.c >&5
conftest.c:2: error: syntax error before 'me'
configure:2052: $? = 1
configure: failed program was:
| #ifndef __cplusplus
|   choke me
| #endif
configure:2393: creating ./config.status

## ---------------------- ##
## Running config.status. ##
## ---------------------- ##

This file was extended by config.status, which was
generated by GNU Autoconf 2.59.  Invocation command line was

  CONFIG_FILES    = 
  CONFIG_HEADERS  = 
  CONFIG_LINKS    = 
  CONFIG_COMMANDS = 
  $ ./config.status 

on simost4.apple.com

config.status:636: creating Makefile
configure:3224: configuring in ./types/rlm_eap_md5
configure:3341: running /bin/sh './configure' --prefix=/usr  '--enable-static' '--prefix=/usr' '--sysconfdir=/private/etc' '--localstatedir=/private/var' '--mandir=/usr/share/man' '--enable-ltdl-install=no' '--cache-file=/dev/null' '--srcdir=.' 'CFLAGS=-g -O2 -D_REENTRANT -D_POSIX_PTHREAD_SEMANTICS -DDARWIN -Wall -D_GNU_SOURCE -DNDEBUG' --cache-file=/dev/null --srcdir=.
configure:3224: configuring in ./types/rlm_eap_mschapv2
configure:3341: running /bin/sh './configure' --prefix=/usr  '--enable-static' '--prefix=/usr' '--sysconfdir=/private/etc' '--localstatedir=/private/var' '--mandir=/usr/share/man' '--enable-ltdl-install=no' '--cache-file=/dev/null' '--srcdir=.' 'CFLAGS=-g -O2 -D_REENTRANT -D_POSIX_PTHREAD_SEMANTICS -DDARWIN -Wall -D_GNU_SOURCE -DNDEBUG' --cache-file=/dev/null --srcdir=.
configure:3224: configuring in ./types/rlm_eap_peap
configure:3341: running /bin/sh './configure' --prefix=/usr  '--enable-static' '--prefix=/usr' '--sysconfdir=/private/etc' '--localstatedir=/private/var' '--mandir=/usr/share/man' '--enable-ltdl-install=no' '--cache-file=/dev/null' '--srcdir=.' 'CFLAGS=-g -O2 -D_REENTRANT -D_POSIX_PTHREAD_SEMANTICS -DDARWIN -Wall -D_GNU_SOURCE -DNDEBUG' --cache-file=/dev/null --srcdir=.
configure:3224: configuring in ./types/rlm_eap_sim
configure:3341: running /bin/sh './configure' --prefix=/usr  '--enable-static' '--prefix=/usr' '--sysconfdir=/private/etc' '--localstatedir=/private/var' '--mandir=/usr/share/man' '--enable-ltdl-install=no' '--cache-file=/dev/null' '--srcdir=.' 'CFLAGS=-g -O2 -D_REENTRANT -D_POSIX_PTHREAD_SEMANTICS -DDARWIN -Wall -D_GNU_SOURCE -DNDEBUG' --cache-file=/dev/null --srcdir=.
configure:3224: configuring in ./types/rlm_eap_tls
configure:3341: running /bin/sh './configure' --prefix=/usr  '--enable-static' '--prefix=/usr' '--sysconfdir=/private/etc' '--localstatedir=/private/var' '--mandir=/usr/share/man' '--enable-ltdl-install=no' '--cache-file=/dev/null' '--srcdir=.' 'CFLAGS=-g -O2 -D_REENTRANT -D_POSIX_PTHREAD_SEMANTICS -DDARWIN -Wall -D_GNU_SOURCE -DNDEBUG' --cache-file=/dev/null --srcdir=.
configure:3224: configuring in ./types/rlm_eap_ttls
configure:3341: running /bin/sh './configure' --prefix=/usr  '--enable-static' '--prefix=/usr' '--sysconfdir=/private/etc' '--localstatedir=/private/var' '--mandir=/usr/share/man' '--enable-ltdl-install=no' '--cache-file=/dev/null' '--srcdir=.' 'CFLAGS=-g -O2 -D_REENTRANT -D_POSIX_PTHREAD_SEMANTICS -DDARWIN -Wall -D_GNU_SOURCE -DNDEBUG' --cache-file=/dev/null --srcdir=.

## ---------------- ##
## Cache variables. ##
## ---------------- ##

ac_cv_c_compiler_gnu=yes
ac_cv_env_CC_set=
ac_cv_env_CC_value=
ac_cv_env_CFLAGS_set=set
ac_cv_env_CFLAGS_value='-g -O2 -D_REENTRANT -D_POSIX_PTHREAD_SEMANTICS -DDARWIN -Wall -D_GNU_SOURCE -DNDEBUG'
ac_cv_env_CPPFLAGS_set=
ac_cv_env_CPPFLAGS_value=
ac_cv_env_LDFLAGS_set=
ac_cv_env_LDFLAGS_value=
ac_cv_env_build_alias_set=
ac_cv_env_build_alias_value=
ac_cv_env_host_alias_set=
ac_cv_env_host_alias_value=
ac_cv_env_target_alias_set=
ac_cv_env_target_alias_value=
ac_cv_exeext=
ac_cv_objext=o
ac_cv_prog_ac_ct_CC=gcc
ac_cv_prog_cc_g=yes
ac_cv_prog_cc_stdc=

## ----------------- ##
## Output variables. ##
## ----------------- ##

CC='gcc'
CFLAGS='-g -O2 -D_REENTRANT -D_POSIX_PTHREAD_SEMANTICS -DDARWIN -Wall -D_GNU_SOURCE -DNDEBUG'
CPPFLAGS=''
DEFS='-DPACKAGE_NAME=\"\" -DPACKAGE_TARNAME=\"\" -DPACKAGE_VERSION=\"\" -DPACKAGE_STRING=\"\" -DPACKAGE_BUGREPORT=\"\" '
ECHO_C='ECHO_N=''
ECHO_T=''
EXEEXT=''
LDFLAGS=''
LIBOBJS=''
LIBS='-lresolv  -lpthread'
LTLIBOBJS=''
OBJEXT='o'
PACKAGE_BUGREPORT=''
PACKAGE_NAME=''
PACKAGE_STRING=''
PACKAGE_TARNAME=''
PACKAGE_VERSION=''
PATH_SEPARATOR=':'
SHELL='/bin/sh'
ac_ct_CC='gcc'
bindir='${exec_prefix}/bin'
build_alias=''
datadir='${prefix}/share'
eap_cflags=''
eap_ldflags=''
eaptypes='types'
exec_prefix='${prefix}'
host_alias=''
includedir='${prefix}/include'
infodir='${prefix}/info'
libdir='${exec_prefix}/lib'
libexecdir='${exec_prefix}/libexec'
localstatedir='/private/var'
mandir='/usr/share/man'
oldincludedir='/usr/include'
prefix='/usr'
program_transform_name='s,x,x,'
sbindir='${exec_prefix}/sbin'
sharedstatedir='${prefix}/com'
subdirs='  ./types/rlm_eap_md5 ./types/rlm_eap_mschapv2 ./types/rlm_eap_peap ./types/rlm_eap_sim ./types/rlm_eap_tls ./types/rlm_eap_ttls'
sysconfdir='/private/etc'
target_alias=''
targetname='rlm_eap'

## ----------- ##
## confdefs.h. ##
## ----------- ##

#define PACKAGE_BUGREPORT ""
#define PACKAGE_NAME ""
#define PACKAGE_STRING ""
#define PACKAGE_TARNAME ""
#define PACKAGE_VERSION ""

configure: exit 0
