Unable to lookup type ItemsSchemas: element items type Items not found
Schemas: element anonelem9 ref to comment not found
Schemas: element anonelem2 ref to comment not found
Type of sequence 6 : ./test/schemas/po1_0.xsd:38 :elements
Type of anontype5 : ./test/schemas/po1_0.xsd:37 :elements
Type of SKU : ./test/schemas/po1_0.xsd:57 :simple
Type of sequence 3 : ./test/schemas/po1_0.xsd:25 :elements
Type of sequence 4 : ./test/schemas/po1_0.xsd:35 :elements
Type of restriction 8 : ./test/schemas/po1_0.xsd:42 :empty
Type of sequence 1 : ./test/schemas/po1_0.xsd:16 :elements
Type of simpletype7 : ./test/schemas/po1_0.xsd:41 :simple
Type of sequence 6 : ./test/schemas/po1_0.xsd:38 :elements
Type of sequence 1 : ./test/schemas/po1_0.xsd:16 :elements
Type of PurchaseOrderType : ./test/schemas/po1_0.xsd:15 :elements
Type of sequence 4 : ./test/schemas/po1_0.xsd:35 :elements
Type of Items : ./test/schemas/po1_0.xsd:34 :elements
Type of restriction 10 : ./test/schemas/po1_0.xsd:58 :empty
Type of sequence 3 : ./test/schemas/po1_0.xsd:25 :elements
Type of USAddress : ./test/schemas/po1_0.xsd:24 :elements
Building content model for billTo
Building content model for item
Building content model for purchaseOrder
Building content model for shipTo
Unable to lookup type SKUSchemas: attribute partNum type SKU not found
xmlSchemaValidateCallback: shipTo, shipTo, shipTo
xmlSchemaValidateCallback: name, name, name
xmlSchemaValidateCallback: street, street, street
xmlSchemaValidateCallback: city, city, city
xmlSchemaValidateCallback: state, state, state
xmlSchemaValidateCallback: zip, zip, zip
Element shipTo content check succeeded
xmlSchemaValidateCallback: billTo, billTo, billTo
xmlSchemaValidateCallback: name, name, name
xmlSchemaValidateCallback: street, street, street
xmlSchemaValidateCallback: city, city, city
xmlSchemaValidateCallback: state, state, state
xmlSchemaValidateCallback: zip, zip, zip
Element billTo content check succeeded
Element purchaseOrder content check failed
