This file contains any messages produced by compilers while
running configure, to aid debugging if configure makes a mistake.

It was created by configure, which was
generated by GNU Autoconf 2.59.  Invocation command line was

  $ ./configure --prefix=/usr --enable-static --prefix=/usr --sysconfdir=/private/etc --localstatedir=/private/var --mandir=/usr/share/man --enable-ltdl-install=no --cache-file=/dev/null --srcdir=. CFLAGS=-g -O2 -D_REENTRANT -D_POSIX_PTHREAD_SEMANTICS -DDARWIN -Wall -D_GNU_SOURCE -DNDEBUG --cache-file=/dev/null --srcdir=.

## --------- ##
## Platform. ##
## --------- ##

hostname = simost4.apple.com
uname -m = Power Macintosh
uname -r = 9.0.0d3
uname -s = Darwin
uname -v = Darwin Kernel Version 9.0.0d3: Sun Oct  1 00:34:58 PDT 2006; root:xnu-965~3/RELEASE_PPC

/usr/bin/uname -p = powerpc
/bin/uname -X     = unknown

/bin/arch              = unknown
/usr/bin/arch -k       = unknown
/usr/convex/getsysinfo = unknown
hostinfo               = Mach kernel version:
	 Darwin Kernel Version 9.0.0d3: Sun Oct  1 00:34:58 PDT 2006; root:xnu-965~3/RELEASE_PPC
Kernel configured for up to 2 processors.
2 processors are physically available.
2 processors are logically available.
Processor type: ppc970 (PowerPC 970)
Processors active: 0 1
Primary memory available: 512.00 megabytes
Default processor set: 84 tasks, 267 threads, 2 processors
Load average: 1.90, Mach factor: 0.47
/bin/machine           = unknown
/usr/bin/oslevel       = unknown
/bin/universe          = unknown

PATH: /Volumes/Tenacious/backup3/Users/steve/bin/powerpc-apple-darwin
PATH: /Volumes/Tenacious/backup3/Users/steve/bin
PATH: /usr/local/bin
PATH: /usr/bin
PATH: /bin
PATH: /usr/local/sbin
PATH: /usr/sbin
PATH: /sbin
PATH: /Network/Servers/seaport/release/bin
PATH: /Network/Servers/seaport/release/rcdev/xbs-Current/jbin


## ----------- ##
## Core tests. ##
## ----------- ##

configure:1307: checking for gcc
configure:1323: found /usr/bin/gcc
configure:1333: result: gcc
configure:1577: checking for C compiler version
configure:1580: gcc --version </dev/null >&5
powerpc-apple-darwin8-gcc-4.0.1 (GCC) 4.0.1 (Apple Computer, Inc. build 5421)
Copyright (C) 2005 Free Software Foundation, Inc.
This is free software; see the source for copying conditions.  There is NO
warranty; not even for MERCHANTABILITY or FITNESS FOR A PARTICULAR PURPOSE.

configure:1583: $? = 0
configure:1585: gcc -v </dev/null >&5
Using built-in specs.
Target: powerpc-apple-darwin8
Configured with: /var/tmp/gcc/gcc-5421~4/src/configure --disable-checking -enable-werror --prefix=/usr --mandir=/share/man --enable-languages=c,objc,c++,obj-c++ --program-transform-name=/^[cg][^.-]*$/s/$/-4.0/ --with-gxx-include-dir=/include/c++/4.0.0 --with-slibdir=/usr/lib --build=powerpc-apple-darwin8 --host=powerpc-apple-darwin8 --target=powerpc-apple-darwin8
Thread model: posix
gcc version 4.0.1 (Apple Computer, Inc. build 5421)
configure:1588: $? = 0
configure:1590: gcc -V </dev/null >&5
gcc-4.0: argument to `-V' is missing
configure:1593: $? = 1
configure:1616: checking for C compiler default output file name
configure:1619: gcc -g -O2 -D_REENTRANT -D_POSIX_PTHREAD_SEMANTICS -DDARWIN -Wall -D_GNU_SOURCE -DNDEBUG   conftest.c -lresolv  -lpthread >&5
configure:1622: $? = 0
configure:1668: result: a.out
configure:1673: checking whether the C compiler works
configure:1679: ./a.out
configure:1682: $? = 0
configure:1699: result: yes
configure:1706: checking whether we are cross compiling
configure:1708: result: no
configure:1711: checking for suffix of executables
configure:1713: gcc -o conftest -g -O2 -D_REENTRANT -D_POSIX_PTHREAD_SEMANTICS -DDARWIN -Wall -D_GNU_SOURCE -DNDEBUG   conftest.c -lresolv  -lpthread >&5
configure:1716: $? = 0
configure:1741: result: 
configure:1747: checking for suffix of object files
configure:1768: gcc -c -g -O2 -D_REENTRANT -D_POSIX_PTHREAD_SEMANTICS -DDARWIN -Wall -D_GNU_SOURCE -DNDEBUG  conftest.c >&5
configure:1771: $? = 0
configure:1793: result: o
configure:1797: checking whether we are using the GNU C compiler
configure:1821: gcc -c -g -O2 -D_REENTRANT -D_POSIX_PTHREAD_SEMANTICS -DDARWIN -Wall -D_GNU_SOURCE -DNDEBUG  conftest.c >&5
configure:1827: $? = 0
configure:1831: test -z 
			 || test ! -s conftest.err
configure:1834: $? = 0
configure:1837: test -s conftest.o
configure:1840: $? = 0
configure:1853: result: yes
configure:1859: checking whether gcc accepts -g
configure:1880: gcc -c -g  conftest.c >&5
configure:1886: $? = 0
configure:1890: test -z 
			 || test ! -s conftest.err
configure:1893: $? = 0
configure:1896: test -s conftest.o
configure:1899: $? = 0
configure:1910: result: yes
configure:1927: checking for gcc option to accept ANSI C
configure:1997: gcc  -c -g -O2 -D_REENTRANT -D_POSIX_PTHREAD_SEMANTICS -DDARWIN -Wall -D_GNU_SOURCE -DNDEBUG  conftest.c >&5
configure:2003: $? = 0
configure:2007: test -z 
			 || test ! -s conftest.err
configure:2010: $? = 0
configure:2013: test -s conftest.o
configure:2016: $? = 0
configure:2034: result: none needed
configure:2052: gcc -c -g -O2 -D_REENTRANT -D_POSIX_PTHREAD_SEMANTICS -DDARWIN -Wall -D_GNU_SOURCE -DNDEBUG  conftest.c >&5
conftest.c:2: error: syntax error before 'me'
configure:2058: $? = 1
configure: failed program was:
| #ifndef __cplusplus
|   choke me
| #endif
configure:2196: checking how to run the C preprocessor
configure:2231: gcc -E  conftest.c
configure:2237: $? = 0
configure:2269: gcc -E  conftest.c
conftest.c:9:28: error: ac_nonexistent.h: No such file or directory
configure:2275: $? = 1
configure: failed program was:
| /* confdefs.h.  */
| 
| #define PACKAGE_NAME ""
| #define PACKAGE_TARNAME ""
| #define PACKAGE_VERSION ""
| #define PACKAGE_STRING ""
| #define PACKAGE_BUGREPORT ""
| /* end confdefs.h.  */
| #include <ac_nonexistent.h>
configure:2314: result: gcc -E
configure:2338: gcc -E  conftest.c
configure:2344: $? = 0
configure:2376: gcc -E  conftest.c
conftest.c:9:28: error: ac_nonexistent.h: No such file or directory
configure:2382: $? = 1
configure: failed program was:
| /* confdefs.h.  */
| 
| #define PACKAGE_NAME ""
| #define PACKAGE_TARNAME ""
| #define PACKAGE_VERSION ""
| #define PACKAGE_STRING ""
| #define PACKAGE_BUGREPORT ""
| /* end confdefs.h.  */
| #include <ac_nonexistent.h>
configure:2456: checking for sql.h
configure:2476: gcc -c -g -O2 -D_REENTRANT -D_POSIX_PTHREAD_SEMANTICS -DDARWIN -Wall -D_GNU_SOURCE -DNDEBUG  conftest.c >&5
conftest.c: In function 'main':
conftest.c:13: warning: unused variable 'a'
configure:2482: $? = 0
configure:2486: test -z 
			 || test ! -s conftest.err
configure:2489: $? = 0
configure:2492: test -s conftest.o
configure:2495: $? = 0
configure:2573: result: yes
configure:2576: checking for SQLConnect in -lodbc
configure:2599: gcc -o conftest -g -O2 -D_REENTRANT -D_POSIX_PTHREAD_SEMANTICS -DDARWIN -Wall -D_GNU_SOURCE -DNDEBUG   conftest.c -lresolv  -lpthread -L/usr/local/lib -lodbc >&5
/usr/bin/ld_classic: Undefined symbols:
_SQLGetConfigMode
_SQLGetPrivateProfileString
_SQLSetConfigMode
collect2: ld returned 1 exit status
configure:2605: $? = 1
configure: failed program was:
| /* confdefs.h.  */
| 
| #define PACKAGE_NAME ""
| #define PACKAGE_TARNAME ""
| #define PACKAGE_VERSION ""
| #define PACKAGE_STRING ""
| #define PACKAGE_BUGREPORT ""
| /* end confdefs.h.  */
| extern char SQLConnect();
| int
| main ()
| {
| SQLConnect()
|   ;
|   return 0;
| }
configure:2637: result: no
configure:2640: WARNING: unixODBC libraries not found.  Use --with-unixODBC-lib-dir=<path>.
configure:2653: WARNING: sql submodule 'unixodbc' disabled
configure:2792: creating ./config.status

## ---------------------- ##
## Running config.status. ##
## ---------------------- ##

This file was extended by config.status, which was
generated by GNU Autoconf 2.59.  Invocation command line was

  CONFIG_FILES    = 
  CONFIG_HEADERS  = 
  CONFIG_LINKS    = 
  CONFIG_COMMANDS = 
  $ ./config.status 

on simost4.apple.com

config.status:635: creating Makefile

## ---------------- ##
## Cache variables. ##
## ---------------- ##

ac_cv_c_compiler_gnu=yes
ac_cv_env_CC_set=
ac_cv_env_CC_value=
ac_cv_env_CFLAGS_set=set
ac_cv_env_CFLAGS_value='-g -O2 -D_REENTRANT -D_POSIX_PTHREAD_SEMANTICS -DDARWIN -Wall -D_GNU_SOURCE -DNDEBUG'
ac_cv_env_CPPFLAGS_set=
ac_cv_env_CPPFLAGS_value=
ac_cv_env_CPP_set=
ac_cv_env_CPP_value=
ac_cv_env_LDFLAGS_set=
ac_cv_env_LDFLAGS_value=
ac_cv_env_build_alias_set=
ac_cv_env_build_alias_value=
ac_cv_env_host_alias_set=
ac_cv_env_host_alias_value=
ac_cv_env_target_alias_set=
ac_cv_env_target_alias_value=
ac_cv_exeext=
ac_cv_objext=o
ac_cv_prog_CPP='gcc -E'
ac_cv_prog_ac_ct_CC=gcc
ac_cv_prog_cc_g=yes
ac_cv_prog_cc_stdc=

## ----------------- ##
## Output variables. ##
## ----------------- ##

CC='gcc'
CFLAGS='-g -O2 -D_REENTRANT -D_POSIX_PTHREAD_SEMANTICS -DDARWIN -Wall -D_GNU_SOURCE -DNDEBUG'
CPP='gcc -E'
CPPFLAGS=''
DEFS='-DPACKAGE_NAME=\"\" -DPACKAGE_TARNAME=\"\" -DPACKAGE_VERSION=\"\" -DPACKAGE_STRING=\"\" -DPACKAGE_BUGREPORT=\"\" '
ECHO_C='ECHO_N=''
ECHO_T=''
EXEEXT=''
LDFLAGS=''
LIBOBJS=''
LIBS='-lresolv  -lpthread'
LTLIBOBJS=''
OBJEXT='o'
PACKAGE_BUGREPORT=''
PACKAGE_NAME=''
PACKAGE_STRING=''
PACKAGE_TARNAME=''
PACKAGE_VERSION=''
PATH_SEPARATOR=':'
SHELL='/bin/sh'
ac_ct_CC='gcc'
bindir='${exec_prefix}/bin'
build_alias=''
datadir='${prefix}/share'
exec_prefix='${prefix}'
host_alias=''
includedir='${prefix}/include'
infodir='${prefix}/info'
libdir='${exec_prefix}/lib'
libexecdir='${exec_prefix}/libexec'
localstatedir='/private/var'
mandir='/usr/share/man'
oldincludedir='/usr/include'
prefix='/usr'
program_transform_name='s,x,x,'
sbindir='${exec_prefix}/sbin'
sharedstatedir='${prefix}/com'
sql_unixodbc_cflags='  '
sql_unixodbc_ldflags=' -lresolv  -lpthread'
sysconfdir='/private/etc'
target_alias=''
targetname=''

## ----------- ##
## confdefs.h. ##
## ----------- ##

#define PACKAGE_BUGREPORT ""
#define PACKAGE_NAME ""
#define PACKAGE_STRING ""
#define PACKAGE_TARNAME ""
#define PACKAGE_VERSION ""

configure: exit 0
