./test/HTML/apple_765468.html:1: HTML parser error : htmlParseStartTag: invalid element name
<<param>?<canvas>ion="1.0" encoding="utf-4"?>
 ^
./test/HTML/apple_765468.html:1: HTML parser error : Tag canvas invalid
<<param>?<canvas>ion="1.0" encoding="utf-4"?>
                ^
./test/HTML/apple_765468.html:2: HTML parser error : Misplaced DOCTYPE declaration
<!DOCTYPE a[<!ATTLIST  a N<!--n#(<Z<!nZ<?OTATION (`|b\x00) #	--RÌEQUIRED>]><!DO
^
./test/HTML/apple_765468.html:2: HTML parser error : DOCTYPE improperly terminated
<!DOCTYPE a[<!ATTLIST  a N<!--n#(<Z<!nZ<?OTATION (`|b\x00) #	--RÌEQUIRED>]><!DO
           ^
./test/HTML/apple_765468.html:2: HTML parser error : Invalid char in CDATA 0x1
<!DOCTYPE a[<!ATTLIST  a N<!--n#(<Z<!nZ<?OTATION (`|b\x00) #	--RÌEQUIRED>]><!DO
                                                            	              ^
./test/HTML/apple_765468.html:2: HTML parser error : Misplaced DOCTYPE declaration
<!DOCTYPE a[<!ATTLIST  a N<!--n#(<Z<!nZ<?OTATION (`|b\x00) #	--RÌEQUIRED>]><!DO
                                                            	               ^
error : input conversion failed due to input error, bytes 0xA0 0x68 0x3C 0x3B
./test/HTML/apple_765468.html:2: HTML parser error : htmlCheckEncoding: error switching to encoding 'html'

^
./test/HTML/apple_765468.html:2: HTML parser error : htmlParseDocTypeDecl : no DOCTYPE name !

^
./test/HTML/apple_765468.html:2: HTML parser error : DOCTYPE improperly terminated

^
