This file contains any messages produced by compilers while
running configure, to aid debugging if configure makes a mistake.

It was created by libedit configure 2.11, which was
generated by GNU Autoconf 2.61.  Invocation command line was

  $ /var/tmp/libedit.roots/libedit~obj/SRCDIR/libedit/configure --prefix=/usr --mandir=/usr/share/man --infodir=/usr/share/info --disable-dependency-tracking

## --------- ##
## Platform. ##
## --------- ##

hostname = il0204d-dhcp14.apple.com
uname -m = i386
uname -r = 10.0
uname -s = Darwin
uname -v = Darwin Kernel Version 10.0.0: Fri Jul 31 22:47:34 PDT 2009; root:xnu-1456.1.25~1/RELEASE_I386

/usr/bin/uname -p = i386
/bin/uname -X     = unknown

/bin/arch              = unknown
/usr/bin/arch -k       = unknown
/usr/convex/getsysinfo = unknown
/usr/bin/hostinfo      = Mach kernel version:
	 Darwin Kernel Version 10.0.0: Fri Jul 31 22:47:34 PDT 2009; root:xnu-1456.1.25~1/RELEASE_I386
Kernel configured for up to 2 processors.
2 processors are physically available.
2 processors are logically available.
Processor type: i486 (Intel 80486)
Processors active: 0 1
Primary memory available: 2.00 gigabytes
Default processor set: 113 tasks, 324 threads, 2 processors
Load average: 1.48, Mach factor: 0.89
/bin/machine           = unknown
/usr/bin/oslevel       = unknown
/bin/universe          = unknown

PATH: /usr/local/bin
PATH: /usr/bin
PATH: /bin
PATH: /usr/sbin
PATH: /sbin


## ----------- ##
## Core tests. ##
## ----------- ##

configure:1983: checking for a BSD-compatible install
configure:2039: result: /usr/bin/install -c
configure:2050: checking whether build environment is sane
configure:2093: result: yes
configure:2121: checking for a thread-safe mkdir -p
configure:2160: result: /var/tmp/libedit.roots/libedit~obj/SRCDIR/libedit/install-sh -c -d
configure:2173: checking for gawk
configure:2203: result: no
configure:2173: checking for mawk
configure:2203: result: no
configure:2173: checking for nawk
configure:2203: result: no
configure:2173: checking for awk
configure:2189: found /usr/bin/awk
configure:2200: result: awk
configure:2211: checking whether make sets $(MAKE)
configure:2232: result: yes
configure:2451: checking build system type
configure:2469: result: i386-apple-darwin10.0
configure:2491: checking host system type
configure:2506: result: i386-apple-darwin10.0
configure:2540: checking for style of include used by make
configure:2568: result: GNU
configure:2638: checking for gcc
configure:2654: found /usr/bin/gcc
configure:2665: result: gcc
configure:2903: checking for C compiler version
configure:2910: gcc --version >&5
i686-apple-darwin10-gcc-4.2.1 (GCC) 4.2.1 (Apple Inc. build 5646)
Copyright (C) 2007 Free Software Foundation, Inc.
This is free software; see the source for copying conditions.  There is NO
warranty; not even for MERCHANTABILITY or FITNESS FOR A PARTICULAR PURPOSE.

configure:2913: $? = 0
configure:2920: gcc -v >&5
Using built-in specs.
Target: i686-apple-darwin10
Configured with: /var/tmp/gcc/gcc-5646~6/src/configure --disable-checking --enable-werror --prefix=/usr --mandir=/share/man --enable-languages=c,objc,c++,obj-c++ --program-transform-name=/^[cg][^.-]*$/s/$/-4.2/ --with-slibdir=/usr/lib --build=i686-apple-darwin10 --with-gxx-include-dir=/include/c++/4.2.1 --program-prefix=i686-apple-darwin10- --host=x86_64-apple-darwin10 --target=i686-apple-darwin10
Thread model: posix
gcc version 4.2.1 (Apple Inc. build 5646)
configure:2923: $? = 0
configure:2930: gcc -V >&5
gcc-4.2: argument to `-V' is missing
configure:2933: $? = 1
configure:2956: checking for C compiler default output file name
configure:2983: gcc -arch i386 -arch x86_64 -g -Os -pipe   -arch i386 -arch x86_64             conftest.c  >&5
configure:2986: $? = 0
configure:3024: result: a.out
configure:3041: checking whether the C compiler works
configure:3051: ./a.out
configure:3054: $? = 0
configure:3071: result: yes
configure:3078: checking whether we are cross compiling
configure:3080: result: no
configure:3083: checking for suffix of executables
configure:3090: gcc -o conftest -arch i386 -arch x86_64 -g -Os -pipe   -arch i386 -arch x86_64             conftest.c  >&5
configure:3093: $? = 0
configure:3117: result: 
configure:3123: checking for suffix of object files
configure:3149: gcc -c -arch i386 -arch x86_64 -g -Os -pipe   conftest.c >&5
configure:3152: $? = 0
configure:3175: result: o
configure:3179: checking whether we are using the GNU C compiler
configure:3208: gcc -c -arch i386 -arch x86_64 -g -Os -pipe   conftest.c >&5
configure:3214: $? = 0
configure:3231: result: yes
configure:3236: checking whether gcc accepts -g
configure:3266: gcc -c -g  conftest.c >&5
configure:3272: $? = 0
configure:3371: result: yes
configure:3388: checking for gcc option to accept ISO C89
configure:3462: gcc  -c -arch i386 -arch x86_64 -g -Os -pipe   conftest.c >&5
configure:3468: $? = 0
configure:3491: result: none needed
configure:3511: checking dependency style of gcc
configure:3602: result: none
configure:3617: checking for a sed that does not truncate output
configure:3696: result: /usr/bin/sed
configure:3714: checking for grep that handles long lines and -e
configure:3788: result: /usr/bin/grep
configure:3793: checking for egrep
configure:3871: result: /usr/bin/grep -E
configure:3876: checking for fgrep
configure:3954: result: /usr/bin/grep -F
configure:3989: checking for ld used by gcc
configure:4056: result: /usr/libexec/gcc/i686-apple-darwin10/4.2.1/ld
configure:4065: checking if the linker (/usr/libexec/gcc/i686-apple-darwin10/4.2.1/ld) is GNU ld
configure:4080: result: no
configure:4092: checking for BSD- or MS-compatible name lister (nm)
configure:4141: result: /usr/bin/nm
configure:4263: checking the name lister (/usr/bin/nm) interface
configure:4270: gcc -c -arch i386 -arch x86_64 -g -Os -pipe   conftest.c >&5
configure:4273: /usr/bin/nm "conftest.o"
configure:4276: output
0000025c D _some_variable
configure:4283: result: BSD nm
configure:4286: checking whether ln -s works
configure:4290: result: yes
configure:4298: checking the maximum length of command line arguments
configure:4418: result: 196608
configure:4435: checking whether the shell understands some XSI constructs
configure:4445: result: yes
configure:4449: checking whether the shell understands "+="
configure:4455: result: yes
configure:4490: checking for /usr/libexec/gcc/i686-apple-darwin10/4.2.1/ld option to reload object files
configure:4497: result: -r
configure:4524: checking how to recognize dependent libraries
configure:4714: result: pass_all
configure:4774: checking for ar
configure:4790: found /usr/bin/ar
configure:4801: result: ar
configure:4883: checking for strip
configure:4899: found /usr/bin/strip
configure:4910: result: strip
configure:4986: checking for ranlib
configure:5002: found /usr/bin/ranlib
configure:5013: result: ranlib
configure:5107: checking command to parse /usr/bin/nm output from gcc object
configure:5225: gcc -c -arch i386 -arch x86_64 -g -Os -pipe   conftest.c >&5
configure:5228: $? = 0
configure:5232: /usr/bin/nm conftest.o \| sed -n -e 's/^.*[	 ]\([BCDEGRST][BCDEGRST]*\)[	 ][	 ]*\([_A-Za-z][_A-Za-z0-9]*\)$/\1 \2 \2/p' \> conftest.nm
configure:5235: $? = 0
cannot find nm_test_var in conftest.nm
configure:5225: gcc -c -arch i386 -arch x86_64 -g -Os -pipe   conftest.c >&5
configure:5228: $? = 0
configure:5232: /usr/bin/nm conftest.o \| sed -n -e 's/^.*[	 ]\([BCDEGRST][BCDEGRST]*\)[	 ][	 ]*_\([_A-Za-z][_A-Za-z0-9]*\)$/\1 _\2 \2/p' \> conftest.nm
configure:5235: $? = 0
configure:5289: gcc -o conftest -arch i386 -arch x86_64 -g -Os -pipe   -arch i386 -arch x86_64             conftest.c conftstm.o >&5
configure:5292: $? = 0
configure:5330: result: ok
configure:5620: checking for dsymutil
configure:5636: found /usr/bin/dsymutil
configure:5647: result: dsymutil
configure:5716: checking for nmedit
configure:5732: found /usr/local/bin/nmedit
configure:5743: result: nmedit
configure:5812: checking for lipo
configure:5828: found /usr/bin/lipo
configure:5839: result: lipo
configure:5908: checking for otool
configure:5924: found /usr/bin/otool
configure:5935: result: otool
configure:6004: checking for otool64
configure:6034: result: no
configure:6083: checking for -single_module linker flag
gcc -arch i386 -arch x86_64 -g -Os -pipe  -arch i386 -arch x86_64             -o libconftest.dylib -dynamiclib -Wl,-single_module conftest.c
configure:6110: result: yes
configure:6112: checking for -exported_symbols_list linker flag
configure:6142: gcc -o conftest -arch i386 -arch x86_64 -g -Os -pipe   -arch i386 -arch x86_64             -Wl,-exported_symbols_list,conftest.sym conftest.c  >&5
configure:6148: $? = 0
configure:6167: result: yes
configure:6209: checking how to run the C preprocessor
configure:6249: gcc -E  conftest.c
configure:6255: $? = 0
configure:6286: gcc -E  conftest.c
conftest.c:10:28: error: ac_nonexistent.h: No such file or directory
configure:6292: $? = 1
configure: failed program was:
| /* confdefs.h.  */
| #define PACKAGE_NAME "libedit"
| #define PACKAGE_TARNAME "libedit-20090902"
| #define PACKAGE_VERSION "2.11"
| #define PACKAGE_STRING "libedit 2.11"
| #define PACKAGE_BUGREPORT ""
| #define PACKAGE "libedit-20090902"
| #define VERSION "2.11"
| /* end confdefs.h.  */
| #include <ac_nonexistent.h>
configure:6325: result: gcc -E
configure:6354: gcc -E  conftest.c
configure:6360: $? = 0
configure:6391: gcc -E  conftest.c
conftest.c:10:28: error: ac_nonexistent.h: No such file or directory
configure:6397: $? = 1
configure: failed program was:
| /* confdefs.h.  */
| #define PACKAGE_NAME "libedit"
| #define PACKAGE_TARNAME "libedit-20090902"
| #define PACKAGE_VERSION "2.11"
| #define PACKAGE_STRING "libedit 2.11"
| #define PACKAGE_BUGREPORT ""
| #define PACKAGE "libedit-20090902"
| #define VERSION "2.11"
| /* end confdefs.h.  */
| #include <ac_nonexistent.h>
configure:6435: checking for ANSI C header files
configure:6465: gcc -c -arch i386 -arch x86_64 -g -Os -pipe   conftest.c >&5
configure:6471: $? = 0
configure:6570: gcc -o conftest -arch i386 -arch x86_64 -g -Os -pipe   -arch i386 -arch x86_64             conftest.c  >&5
configure:6573: $? = 0
configure:6579: ./conftest
configure:6582: $? = 0
configure:6599: result: yes
configure:6623: checking for sys/types.h
configure:6644: gcc -c -arch i386 -arch x86_64 -g -Os -pipe   conftest.c >&5
configure:6650: $? = 0
configure:6666: result: yes
configure:6623: checking for sys/stat.h
configure:6644: gcc -c -arch i386 -arch x86_64 -g -Os -pipe   conftest.c >&5
configure:6650: $? = 0
configure:6666: result: yes
configure:6623: checking for stdlib.h
configure:6644: gcc -c -arch i386 -arch x86_64 -g -Os -pipe   conftest.c >&5
configure:6650: $? = 0
configure:6666: result: yes
configure:6623: checking for string.h
configure:6644: gcc -c -arch i386 -arch x86_64 -g -Os -pipe   conftest.c >&5
configure:6650: $? = 0
configure:6666: result: yes
configure:6623: checking for memory.h
configure:6644: gcc -c -arch i386 -arch x86_64 -g -Os -pipe   conftest.c >&5
configure:6650: $? = 0
configure:6666: result: yes
configure:6623: checking for strings.h
configure:6644: gcc -c -arch i386 -arch x86_64 -g -Os -pipe   conftest.c >&5
configure:6650: $? = 0
configure:6666: result: yes
configure:6623: checking for inttypes.h
configure:6644: gcc -c -arch i386 -arch x86_64 -g -Os -pipe   conftest.c >&5
configure:6650: $? = 0
configure:6666: result: yes
configure:6623: checking for stdint.h
configure:6644: gcc -c -arch i386 -arch x86_64 -g -Os -pipe   conftest.c >&5
configure:6650: $? = 0
configure:6666: result: yes
configure:6623: checking for unistd.h
configure:6644: gcc -c -arch i386 -arch x86_64 -g -Os -pipe   conftest.c >&5
configure:6650: $? = 0
configure:6666: result: yes
configure:6682: checking for dlfcn.h
configure:6703: gcc -c -arch i386 -arch x86_64 -g -Os -pipe   conftest.c >&5
configure:6709: $? = 0
configure:6725: result: yes
configure:6909: checking for objdir
configure:6924: result: .libs
configure:7216: checking if gcc supports -fno-rtti -fno-exceptions
configure:7234: gcc -c -arch i386 -arch x86_64 -g -Os -pipe   -fno-rtti -fno-exceptions conftest.c >&5
cc1: warning: command line option "-fno-rtti" is valid for C++/ObjC++ but not for C
cc1: warning: command line option "-fno-rtti" is valid for C++/ObjC++ but not for C
configure:7238: $? = 0
configure:7251: result: no
configure:7271: checking for gcc option to produce PIC
configure:7528: result: -fno-common -DPIC
configure:7540: checking if gcc PIC flag -fno-common -DPIC works
configure:7558: gcc -c -arch i386 -arch x86_64 -g -Os -pipe   -fno-common -DPIC -DPIC conftest.c >&5
configure:7562: $? = 0
configure:7575: result: yes
configure:7599: checking if gcc static flag -static works
configure:7627: result: no
configure:7642: checking if gcc supports -c -o file.o
configure:7663: gcc -c -arch i386 -arch x86_64 -g -Os -pipe   -o out/conftest2.o conftest.c >&5
configure:7667: $? = 0
configure:7689: result: yes
configure:7697: checking if gcc supports -c -o file.o
configure:7744: result: yes
configure:7777: checking whether the gcc linker (/usr/libexec/gcc/i686-apple-darwin10/4.2.1/ld) supports shared libraries
configure:8831: result: yes
configure:9070: checking dynamic linker characteristics
configure:9749: result: darwin10.0 dyld
configure:9851: checking how to hardcode library paths into programs
configure:9876: result: immediate
configure:10689: checking whether stripping libraries is possible
configure:10703: result: yes
configure:10729: checking if libtool supports shared libraries
configure:10731: result: yes
configure:10734: checking whether to build shared libraries
configure:10755: result: yes
configure:10758: checking whether to build static libraries
configure:10762: result: yes
configure:10871: checking for g++
configure:10887: found /usr/bin/g++
configure:10898: result: g++
configure:10929: checking for C++ compiler version
configure:10936: g++ --version >&5
i686-apple-darwin10-g++-4.2.1 (GCC) 4.2.1 (Apple Inc. build 5646)
Copyright (C) 2007 Free Software Foundation, Inc.
This is free software; see the source for copying conditions.  There is NO
warranty; not even for MERCHANTABILITY or FITNESS FOR A PARTICULAR PURPOSE.

configure:10939: $? = 0
configure:10946: g++ -v >&5
Using built-in specs.
Target: i686-apple-darwin10
Configured with: /var/tmp/gcc/gcc-5646~6/src/configure --disable-checking --enable-werror --prefix=/usr --mandir=/share/man --enable-languages=c,objc,c++,obj-c++ --program-transform-name=/^[cg][^.-]*$/s/$/-4.2/ --with-slibdir=/usr/lib --build=i686-apple-darwin10 --with-gxx-include-dir=/include/c++/4.2.1 --program-prefix=i686-apple-darwin10- --host=x86_64-apple-darwin10 --target=i686-apple-darwin10
Thread model: posix
gcc version 4.2.1 (Apple Inc. build 5646)
configure:10949: $? = 0
configure:10956: g++ -V >&5
g++-4.2: argument to `-V' is missing
configure:10959: $? = 1
configure:10962: checking whether we are using the GNU C++ compiler
configure:10991: g++ -c -arch i386 -arch x86_64 -g -Os -pipe   conftest.cpp >&5
configure:10997: $? = 0
configure:11014: result: yes
configure:11019: checking whether g++ accepts -g
configure:11049: g++ -c -g  conftest.cpp >&5
configure:11055: $? = 0
configure:11154: result: yes
configure:11179: checking dependency style of g++
configure:11270: result: none
configure:11402: checking for C++ compiler version
configure:11409: g++ --version >&5
i686-apple-darwin10-g++-4.2.1 (GCC) 4.2.1 (Apple Inc. build 5646)
Copyright (C) 2007 Free Software Foundation, Inc.
This is free software; see the source for copying conditions.  There is NO
warranty; not even for MERCHANTABILITY or FITNESS FOR A PARTICULAR PURPOSE.

configure:11412: $? = 0
configure:11419: g++ -v >&5
Using built-in specs.
Target: i686-apple-darwin10
Configured with: /var/tmp/gcc/gcc-5646~6/src/configure --disable-checking --enable-werror --prefix=/usr --mandir=/share/man --enable-languages=c,objc,c++,obj-c++ --program-transform-name=/^[cg][^.-]*$/s/$/-4.2/ --with-slibdir=/usr/lib --build=i686-apple-darwin10 --with-gxx-include-dir=/include/c++/4.2.1 --program-prefix=i686-apple-darwin10- --host=x86_64-apple-darwin10 --target=i686-apple-darwin10
Thread model: posix
gcc version 4.2.1 (Apple Inc. build 5646)
configure:11422: $? = 0
configure:11429: g++ -V >&5
g++-4.2: argument to `-V' is missing
configure:11432: $? = 1
configure:11435: checking whether we are using the GNU C++ compiler
configure:11487: result: yes
configure:11492: checking whether g++ accepts -g
configure:11627: result: yes
configure:11652: checking dependency style of g++
configure:11743: result: none
configure:11766: checking how to run the C++ preprocessor
configure:11802: g++ -E  conftest.cpp
configure:11808: $? = 0
configure:11839: g++ -E  conftest.cpp
conftest.cpp:22:28: error: ac_nonexistent.h: No such file or directory
configure:11845: $? = 1
configure: failed program was:
| /* confdefs.h.  */
| #define PACKAGE_NAME "libedit"
| #define PACKAGE_TARNAME "libedit-20090902"
| #define PACKAGE_VERSION "2.11"
| #define PACKAGE_STRING "libedit 2.11"
| #define PACKAGE_BUGREPORT ""
| #define PACKAGE "libedit-20090902"
| #define VERSION "2.11"
| #define STDC_HEADERS 1
| #define HAVE_SYS_TYPES_H 1
| #define HAVE_SYS_STAT_H 1
| #define HAVE_STDLIB_H 1
| #define HAVE_STRING_H 1
| #define HAVE_MEMORY_H 1
| #define HAVE_STRINGS_H 1
| #define HAVE_INTTYPES_H 1
| #define HAVE_STDINT_H 1
| #define HAVE_UNISTD_H 1
| #define HAVE_DLFCN_H 1
| #define LT_OBJDIR ".libs/"
| /* end confdefs.h.  */
| #include <ac_nonexistent.h>
configure:11878: result: g++ -E
configure:11907: g++ -E  conftest.cpp
configure:11913: $? = 0
configure:11944: g++ -E  conftest.cpp
conftest.cpp:22:28: error: ac_nonexistent.h: No such file or directory
configure:11950: $? = 1
configure: failed program was:
| /* confdefs.h.  */
| #define PACKAGE_NAME "libedit"
| #define PACKAGE_TARNAME "libedit-20090902"
| #define PACKAGE_VERSION "2.11"
| #define PACKAGE_STRING "libedit 2.11"
| #define PACKAGE_BUGREPORT ""
| #define PACKAGE "libedit-20090902"
| #define VERSION "2.11"
| #define STDC_HEADERS 1
| #define HAVE_SYS_TYPES_H 1
| #define HAVE_SYS_STAT_H 1
| #define HAVE_STDLIB_H 1
| #define HAVE_STRING_H 1
| #define HAVE_MEMORY_H 1
| #define HAVE_STRINGS_H 1
| #define HAVE_INTTYPES_H 1
| #define HAVE_STDINT_H 1
| #define HAVE_UNISTD_H 1
| #define HAVE_DLFCN_H 1
| #define LT_OBJDIR ".libs/"
| /* end confdefs.h.  */
| #include <ac_nonexistent.h>
configure:12124: checking for ld used by g++
configure:12191: result: /usr/libexec/gcc/i686-apple-darwin10/4.2.1/ld
configure:12200: checking if the linker (/usr/libexec/gcc/i686-apple-darwin10/4.2.1/ld) is GNU ld
configure:12215: result: no
configure:12270: checking whether the g++ linker (/usr/libexec/gcc/i686-apple-darwin10/4.2.1/ld) supports shared libraries
configure:13232: result: yes
configure:13260: g++ -c -arch i386 -arch x86_64 -g -Os -pipe   conftest.cpp >&5
configure:13263: $? = 0
configure:13445: checking for g++ option to produce PIC
configure:13754: result: -fno-common -DPIC
configure:13763: checking if g++ PIC flag -fno-common -DPIC works
configure:13781: g++ -c -arch i386 -arch x86_64 -g -Os -pipe   -fno-common -DPIC -DPIC conftest.cpp >&5
configure:13785: $? = 0
configure:13798: result: yes
configure:13819: checking if g++ static flag -static works
configure:13847: result: no
configure:13859: checking if g++ supports -c -o file.o
configure:13880: g++ -c -arch i386 -arch x86_64 -g -Os -pipe   -o out/conftest2.o conftest.cpp >&5
configure:13884: $? = 0
configure:13906: result: yes
configure:13911: checking if g++ supports -c -o file.o
configure:13958: result: yes
configure:13988: checking whether the g++ linker (/usr/libexec/gcc/i686-apple-darwin10/4.2.1/ld) supports shared libraries
configure:14014: result: yes
configure:14151: checking dynamic linker characteristics
configure:14778: result: darwin10.0 dyld
configure:14829: checking how to hardcode library paths into programs
configure:14854: result: immediate
configure:14941: checking for gcc
configure:14968: result: gcc
configure:15206: checking for C compiler version
configure:15213: gcc --version >&5
i686-apple-darwin10-gcc-4.2.1 (GCC) 4.2.1 (Apple Inc. build 5646)
Copyright (C) 2007 Free Software Foundation, Inc.
This is free software; see the source for copying conditions.  There is NO
warranty; not even for MERCHANTABILITY or FITNESS FOR A PARTICULAR PURPOSE.

configure:15216: $? = 0
configure:15223: gcc -v >&5
Using built-in specs.
Target: i686-apple-darwin10
Configured with: /var/tmp/gcc/gcc-5646~6/src/configure --disable-checking --enable-werror --prefix=/usr --mandir=/share/man --enable-languages=c,objc,c++,obj-c++ --program-transform-name=/^[cg][^.-]*$/s/$/-4.2/ --with-slibdir=/usr/lib --build=i686-apple-darwin10 --with-gxx-include-dir=/include/c++/4.2.1 --program-prefix=i686-apple-darwin10- --host=x86_64-apple-darwin10 --target=i686-apple-darwin10
Thread model: posix
gcc version 4.2.1 (Apple Inc. build 5646)
configure:15226: $? = 0
configure:15233: gcc -V >&5
gcc-4.2: argument to `-V' is missing
configure:15236: $? = 1
configure:15239: checking whether we are using the GNU C compiler
configure:15291: result: yes
configure:15296: checking whether gcc accepts -g
configure:15431: result: yes
configure:15448: checking for gcc option to accept ISO C89
configure:15551: result: none needed
configure:15571: checking dependency style of gcc
configure:15662: result: none
configure:15677: checking whether ln -s works
configure:15681: result: yes
configure:15692: checking for gawk
configure:15719: result: awk
configure:15737: checking for nroff
configure:15755: found /usr/bin/nroff
configure:15767: result: /usr/bin/nroff
configure:15786: checking for tgetent in -lcurses
configure:15821: gcc -o conftest -arch i386 -arch x86_64 -g -Os -pipe   -arch i386 -arch x86_64             conftest.c -lcurses   >&5
configure:15827: $? = 0
configure:15845: result: yes
configure:15936: checking for working alloca.h
configure:15963: gcc -o conftest -arch i386 -arch x86_64 -g -Os -pipe   -arch i386 -arch x86_64             conftest.c -lcurses  >&5
configure:15969: $? = 0
configure:15986: result: yes
configure:15996: checking for alloca
configure:16043: gcc -o conftest -arch i386 -arch x86_64 -g -Os -pipe   -arch i386 -arch x86_64             conftest.c -lcurses  >&5
configure:16049: $? = 0
configure:16066: result: yes
configure:16301: checking for dirent.h that defines DIR
configure:16330: gcc -c -arch i386 -arch x86_64 -g -Os -pipe   conftest.c >&5
configure:16336: $? = 0
configure:16352: result: yes
configure:16365: checking for library containing opendir
configure:16406: gcc -o conftest -arch i386 -arch x86_64 -g -Os -pipe   -arch i386 -arch x86_64             conftest.c -lcurses  >&5
configure:16412: $? = 0
configure:16440: result: none required
configure:16534: checking for ANSI C header files
configure:16698: result: yes
configure:16708: checking for sys/wait.h that is POSIX.1 compatible
configure:16744: gcc -c -arch i386 -arch x86_64 -g -Os -pipe   conftest.c >&5
configure:16750: $? = 0
configure:16765: result: yes
configure:16800: checking fcntl.h usability
configure:16817: gcc -c -arch i386 -arch x86_64 -g -Os -pipe   conftest.c >&5
configure:16823: $? = 0
configure:16837: result: yes
configure:16841: checking fcntl.h presence
configure:16856: gcc -E  conftest.c
configure:16862: $? = 0
configure:16876: result: yes
configure:16904: checking for fcntl.h
configure:16912: result: yes
configure:16800: checking limits.h usability
configure:16817: gcc -c -arch i386 -arch x86_64 -g -Os -pipe   conftest.c >&5
configure:16823: $? = 0
configure:16837: result: yes
configure:16841: checking limits.h presence
configure:16856: gcc -E  conftest.c
configure:16862: $? = 0
configure:16876: result: yes
configure:16904: checking for limits.h
configure:16912: result: yes
configure:16800: checking malloc.h usability
configure:16817: gcc -c -arch i386 -arch x86_64 -g -Os -pipe   conftest.c >&5
conftest.c:63:20: error: malloc.h: No such file or directory
conftest.c:63:20: error: malloc.h: No such file or directory
lipo: can't open input file: /var/tmp//cccvdNcT.out (No such file or directory)
configure:16823: $? = 1
configure: failed program was:
| /* confdefs.h.  */
| #define PACKAGE_NAME "libedit"
| #define PACKAGE_TARNAME "libedit-20090902"
| #define PACKAGE_VERSION "2.11"
| #define PACKAGE_STRING "libedit 2.11"
| #define PACKAGE_BUGREPORT ""
| #define PACKAGE "libedit-20090902"
| #define VERSION "2.11"
| #define STDC_HEADERS 1
| #define HAVE_SYS_TYPES_H 1
| #define HAVE_SYS_STAT_H 1
| #define HAVE_STDLIB_H 1
| #define HAVE_STRING_H 1
| #define HAVE_MEMORY_H 1
| #define HAVE_STRINGS_H 1
| #define HAVE_INTTYPES_H 1
| #define HAVE_STDINT_H 1
| #define HAVE_UNISTD_H 1
| #define HAVE_DLFCN_H 1
| #define LT_OBJDIR ".libs/"
| #define HAVE_LIBCURSES 1
| #define HAVE_ALLOCA_H 1
| #define HAVE_ALLOCA 1
| #define HAVE_DIRENT_H 1
| #define STDC_HEADERS 1
| #define HAVE_SYS_WAIT_H 1
| #define HAVE_FCNTL_H 1
| #define HAVE_LIMITS_H 1
| /* end confdefs.h.  */
| #include <stdio.h>
| #ifdef HAVE_SYS_TYPES_H
| # include <sys/types.h>
| #endif
| #ifdef HAVE_SYS_STAT_H
| # include <sys/stat.h>
| #endif
| #ifdef STDC_HEADERS
| # include <stdlib.h>
| # include <stddef.h>
| #else
| # ifdef HAVE_STDLIB_H
| #  include <stdlib.h>
| # endif
| #endif
| #ifdef HAVE_STRING_H
| # if !defined STDC_HEADERS && defined HAVE_MEMORY_H
| #  include <memory.h>
| # endif
| # include <string.h>
| #endif
| #ifdef HAVE_STRINGS_H
| # include <strings.h>
| #endif
| #ifdef HAVE_INTTYPES_H
| # include <inttypes.h>
| #endif
| #ifdef HAVE_STDINT_H
| # include <stdint.h>
| #endif
| #ifdef HAVE_UNISTD_H
| # include <unistd.h>
| #endif
| #include <malloc.h>
configure:16837: result: no
configure:16841: checking malloc.h presence
configure:16856: gcc -E  conftest.c
conftest.c:30:20: error: malloc.h: No such file or directory
configure:16862: $? = 1
configure: failed program was:
| /* confdefs.h.  */
| #define PACKAGE_NAME "libedit"
| #define PACKAGE_TARNAME "libedit-20090902"
| #define PACKAGE_VERSION "2.11"
| #define PACKAGE_STRING "libedit 2.11"
| #define PACKAGE_BUGREPORT ""
| #define PACKAGE "libedit-20090902"
| #define VERSION "2.11"
| #define STDC_HEADERS 1
| #define HAVE_SYS_TYPES_H 1
| #define HAVE_SYS_STAT_H 1
| #define HAVE_STDLIB_H 1
| #define HAVE_STRING_H 1
| #define HAVE_MEMORY_H 1
| #define HAVE_STRINGS_H 1
| #define HAVE_INTTYPES_H 1
| #define HAVE_STDINT_H 1
| #define HAVE_UNISTD_H 1
| #define HAVE_DLFCN_H 1
| #define LT_OBJDIR ".libs/"
| #define HAVE_LIBCURSES 1
| #define HAVE_ALLOCA_H 1
| #define HAVE_ALLOCA 1
| #define HAVE_DIRENT_H 1
| #define STDC_HEADERS 1
| #define HAVE_SYS_WAIT_H 1
| #define HAVE_FCNTL_H 1
| #define HAVE_LIMITS_H 1
| /* end confdefs.h.  */
| #include <malloc.h>
configure:16876: result: no
configure:16904: checking for malloc.h
configure:16912: result: no
configure:16790: checking for stdlib.h
configure:16796: result: yes
configure:16790: checking for string.h
configure:16796: result: yes
configure:16800: checking sys/ioctl.h usability
configure:16817: gcc -c -arch i386 -arch x86_64 -g -Os -pipe   conftest.c >&5
configure:16823: $? = 0
configure:16837: result: yes
configure:16841: checking sys/ioctl.h presence
configure:16856: gcc -E  conftest.c
configure:16862: $? = 0
configure:16876: result: yes
configure:16904: checking for sys/ioctl.h
configure:16912: result: yes
configure:16800: checking sys/param.h usability
configure:16817: gcc -c -arch i386 -arch x86_64 -g -Os -pipe   conftest.c >&5
configure:16823: $? = 0
configure:16837: result: yes
configure:16841: checking sys/param.h presence
configure:16856: gcc -E  conftest.c
configure:16862: $? = 0
configure:16876: result: yes
configure:16904: checking for sys/param.h
configure:16912: result: yes
configure:16790: checking for unistd.h
configure:16796: result: yes
configure:16800: checking curses.h usability
configure:16817: gcc -c -arch i386 -arch x86_64 -g -Os -pipe   conftest.c >&5
configure:16823: $? = 0
configure:16837: result: yes
configure:16841: checking curses.h presence
configure:16856: gcc -E  conftest.c
configure:16862: $? = 0
configure:16876: result: yes
configure:16904: checking for curses.h
configure:16912: result: yes
configure:16800: checking ncurses.h usability
configure:16817: gcc -c -arch i386 -arch x86_64 -g -Os -pipe   conftest.c >&5
configure:16823: $? = 0
configure:16837: result: yes
configure:16841: checking ncurses.h presence
configure:16856: gcc -E  conftest.c
configure:16862: $? = 0
configure:16876: result: yes
configure:16904: checking for ncurses.h
configure:16912: result: yes
configure:16800: checking sys/cdefs.h usability
configure:16817: gcc -c -arch i386 -arch x86_64 -g -Os -pipe   conftest.c >&5
configure:16823: $? = 0
configure:16837: result: yes
configure:16841: checking sys/cdefs.h presence
configure:16856: gcc -E  conftest.c
configure:16862: $? = 0
configure:16876: result: yes
configure:16904: checking for sys/cdefs.h
configure:16912: result: yes
configure:16936: checking termios.h usability
configure:16953: gcc -c -arch i386 -arch x86_64 -g -Os -pipe   conftest.c >&5
configure:16959: $? = 0
configure:16973: result: yes
configure:16977: checking termios.h presence
configure:16992: gcc -E  conftest.c
configure:16998: $? = 0
configure:17012: result: yes
configure:17040: checking for termios.h
configure:17047: result: yes
configure:17079: checking for term.h
configure:17105: gcc -c -arch i386 -arch x86_64 -g -Os -pipe   conftest.c >&5
configure:17111: $? = 0
configure:17127: result: yes
configure:17140: checking for an ANSI C-conforming const
configure:17215: gcc -c -arch i386 -arch x86_64 -g -Os -pipe   conftest.c >&5
configure:17221: $? = 0
configure:17236: result: yes
configure:17246: checking for pid_t
configure:17276: gcc -c -arch i386 -arch x86_64 -g -Os -pipe   conftest.c >&5
configure:17282: $? = 0
configure:17297: result: yes
configure:17309: checking for size_t
configure:17339: gcc -c -arch i386 -arch x86_64 -g -Os -pipe   conftest.c >&5
configure:17345: $? = 0
configure:17360: result: yes
configure:17372: checking for u_int32_t
configure:17402: gcc -c -arch i386 -arch x86_64 -g -Os -pipe   conftest.c >&5
configure:17408: $? = 0
configure:17423: result: yes
configure:17436: checking whether closedir returns void
configure:17470: gcc -o conftest -arch i386 -arch x86_64 -g -Os -pipe   -arch i386 -arch x86_64             conftest.c -lcurses  >&5
configure:17473: $? = 0
configure:17479: ./conftest
configure:17482: $? = 0
configure:17498: result: no
configure:17523: checking vfork.h usability
configure:17540: gcc -c -arch i386 -arch x86_64 -g -Os -pipe   conftest.c >&5
conftest.c:73:19: error: vfork.h: No such file or directory
conftest.c:73:19: error: vfork.h: No such file or directory
lipo: can't open input file: /var/tmp//cc8KITvC.out (No such file or directory)
configure:17546: $? = 1
configure: failed program was:
| /* confdefs.h.  */
| #define PACKAGE_NAME "libedit"
| #define PACKAGE_TARNAME "libedit-20090902"
| #define PACKAGE_VERSION "2.11"
| #define PACKAGE_STRING "libedit 2.11"
| #define PACKAGE_BUGREPORT ""
| #define PACKAGE "libedit-20090902"
| #define VERSION "2.11"
| #define STDC_HEADERS 1
| #define HAVE_SYS_TYPES_H 1
| #define HAVE_SYS_STAT_H 1
| #define HAVE_STDLIB_H 1
| #define HAVE_STRING_H 1
| #define HAVE_MEMORY_H 1
| #define HAVE_STRINGS_H 1
| #define HAVE_INTTYPES_H 1
| #define HAVE_STDINT_H 1
| #define HAVE_UNISTD_H 1
| #define HAVE_DLFCN_H 1
| #define LT_OBJDIR ".libs/"
| #define HAVE_LIBCURSES 1
| #define HAVE_ALLOCA_H 1
| #define HAVE_ALLOCA 1
| #define HAVE_DIRENT_H 1
| #define STDC_HEADERS 1
| #define HAVE_SYS_WAIT_H 1
| #define HAVE_FCNTL_H 1
| #define HAVE_LIMITS_H 1
| #define HAVE_STDLIB_H 1
| #define HAVE_STRING_H 1
| #define HAVE_SYS_IOCTL_H 1
| #define HAVE_SYS_PARAM_H 1
| #define HAVE_UNISTD_H 1
| #define HAVE_CURSES_H 1
| #define HAVE_NCURSES_H 1
| #define HAVE_SYS_CDEFS_H 1
| #define HAVE_TERM_H 1
| #define HAVE_U_INT32_T 1
| /* end confdefs.h.  */
| #include <stdio.h>
| #ifdef HAVE_SYS_TYPES_H
| # include <sys/types.h>
| #endif
| #ifdef HAVE_SYS_STAT_H
| # include <sys/stat.h>
| #endif
| #ifdef STDC_HEADERS
| # include <stdlib.h>
| # include <stddef.h>
| #else
| # ifdef HAVE_STDLIB_H
| #  include <stdlib.h>
| # endif
| #endif
| #ifdef HAVE_STRING_H
| # if !defined STDC_HEADERS && defined HAVE_MEMORY_H
| #  include <memory.h>
| # endif
| # include <string.h>
| #endif
| #ifdef HAVE_STRINGS_H
| # include <strings.h>
| #endif
| #ifdef HAVE_INTTYPES_H
| # include <inttypes.h>
| #endif
| #ifdef HAVE_STDINT_H
| # include <stdint.h>
| #endif
| #ifdef HAVE_UNISTD_H
| # include <unistd.h>
| #endif
| #include <vfork.h>
configure:17560: result: no
configure:17564: checking vfork.h presence
configure:17579: gcc -E  conftest.c
conftest.c:40:19: error: vfork.h: No such file or directory
configure:17585: $? = 1
configure: failed program was:
| /* confdefs.h.  */
| #define PACKAGE_NAME "libedit"
| #define PACKAGE_TARNAME "libedit-20090902"
| #define PACKAGE_VERSION "2.11"
| #define PACKAGE_STRING "libedit 2.11"
| #define PACKAGE_BUGREPORT ""
| #define PACKAGE "libedit-20090902"
| #define VERSION "2.11"
| #define STDC_HEADERS 1
| #define HAVE_SYS_TYPES_H 1
| #define HAVE_SYS_STAT_H 1
| #define HAVE_STDLIB_H 1
| #define HAVE_STRING_H 1
| #define HAVE_MEMORY_H 1
| #define HAVE_STRINGS_H 1
| #define HAVE_INTTYPES_H 1
| #define HAVE_STDINT_H 1
| #define HAVE_UNISTD_H 1
| #define HAVE_DLFCN_H 1
| #define LT_OBJDIR ".libs/"
| #define HAVE_LIBCURSES 1
| #define HAVE_ALLOCA_H 1
| #define HAVE_ALLOCA 1
| #define HAVE_DIRENT_H 1
| #define STDC_HEADERS 1
| #define HAVE_SYS_WAIT_H 1
| #define HAVE_FCNTL_H 1
| #define HAVE_LIMITS_H 1
| #define HAVE_STDLIB_H 1
| #define HAVE_STRING_H 1
| #define HAVE_SYS_IOCTL_H 1
| #define HAVE_SYS_PARAM_H 1
| #define HAVE_UNISTD_H 1
| #define HAVE_CURSES_H 1
| #define HAVE_NCURSES_H 1
| #define HAVE_SYS_CDEFS_H 1
| #define HAVE_TERM_H 1
| #define HAVE_U_INT32_T 1
| /* end confdefs.h.  */
| #include <vfork.h>
configure:17599: result: no
configure:17627: checking for vfork.h
configure:17635: result: no
configure:17653: checking for fork
configure:17709: gcc -o conftest -arch i386 -arch x86_64 -g -Os -pipe   -arch i386 -arch x86_64             conftest.c -lcurses  >&5
conftest.c:63: warning: conflicting types for built-in function 'fork'
conftest.c:63: warning: conflicting types for built-in function 'fork'
configure:17715: $? = 0
configure:17733: result: yes
configure:17653: checking for vfork
configure:17709: gcc -o conftest -arch i386 -arch x86_64 -g -Os -pipe   -arch i386 -arch x86_64             conftest.c -lcurses  >&5
configure:17715: $? = 0
configure:17733: result: yes
configure:17744: checking for working fork
configure:17776: gcc -o conftest -arch i386 -arch x86_64 -g -Os -pipe   -arch i386 -arch x86_64             conftest.c -lcurses  >&5
configure:17779: $? = 0
configure:17785: ./conftest
configure:17788: $? = 0
configure:17804: result: yes
configure:17825: checking for working vfork
configure:17963: result: yes
configure:17995: checking whether gcc needs -traditional
conftest.c:44:20: error: termio.h: No such file or directory
configure:18037: result: no
configure:18047: checking return type of signal handlers
configure:18075: gcc -c -arch i386 -arch x86_64 -g -Os -pipe   conftest.c >&5
conftest.c: In function 'main':
conftest.c:50: error: void value not ignored as it ought to be
conftest.c: In function 'main':
conftest.c:50: error: void value not ignored as it ought to be
lipo: can't open input file: /var/tmp//ccxmr5qP.out (No such file or directory)
configure:18081: $? = 1
configure: failed program was:
| /* confdefs.h.  */
| #define PACKAGE_NAME "libedit"
| #define PACKAGE_TARNAME "libedit-20090902"
| #define PACKAGE_VERSION "2.11"
| #define PACKAGE_STRING "libedit 2.11"
| #define PACKAGE_BUGREPORT ""
| #define PACKAGE "libedit-20090902"
| #define VERSION "2.11"
| #define STDC_HEADERS 1
| #define HAVE_SYS_TYPES_H 1
| #define HAVE_SYS_STAT_H 1
| #define HAVE_STDLIB_H 1
| #define HAVE_STRING_H 1
| #define HAVE_MEMORY_H 1
| #define HAVE_STRINGS_H 1
| #define HAVE_INTTYPES_H 1
| #define HAVE_STDINT_H 1
| #define HAVE_UNISTD_H 1
| #define HAVE_DLFCN_H 1
| #define LT_OBJDIR ".libs/"
| #define HAVE_LIBCURSES 1
| #define HAVE_ALLOCA_H 1
| #define HAVE_ALLOCA 1
| #define HAVE_DIRENT_H 1
| #define STDC_HEADERS 1
| #define HAVE_SYS_WAIT_H 1
| #define HAVE_FCNTL_H 1
| #define HAVE_LIMITS_H 1
| #define HAVE_STDLIB_H 1
| #define HAVE_STRING_H 1
| #define HAVE_SYS_IOCTL_H 1
| #define HAVE_SYS_PARAM_H 1
| #define HAVE_UNISTD_H 1
| #define HAVE_CURSES_H 1
| #define HAVE_NCURSES_H 1
| #define HAVE_SYS_CDEFS_H 1
| #define HAVE_TERM_H 1
| #define HAVE_U_INT32_T 1
| #define HAVE_FORK 1
| #define HAVE_VFORK 1
| #define HAVE_WORKING_VFORK 1
| #define HAVE_WORKING_FORK 1
| /* end confdefs.h.  */
| #include <sys/types.h>
| #include <signal.h>
| 
| int
| main ()
| {
| return *(signal (0, 0)) (0) == 1;
|   ;
|   return 0;
| }
configure:18096: result: void
configure:18104: checking whether lstat dereferences a symlink specified with a trailing slash
configure:18140: gcc -o conftest -arch i386 -arch x86_64 -g -Os -pipe   -arch i386 -arch x86_64             conftest.c -lcurses  >&5
configure:18143: $? = 0
configure:18149: ./conftest
configure:18152: $? = 1
configure: program exited with status 1
configure: failed program was:
| /* confdefs.h.  */
| #define PACKAGE_NAME "libedit"
| #define PACKAGE_TARNAME "libedit-20090902"
| #define PACKAGE_VERSION "2.11"
| #define PACKAGE_STRING "libedit 2.11"
| #define PACKAGE_BUGREPORT ""
| #define PACKAGE "libedit-20090902"
| #define VERSION "2.11"
| #define STDC_HEADERS 1
| #define HAVE_SYS_TYPES_H 1
| #define HAVE_SYS_STAT_H 1
| #define HAVE_STDLIB_H 1
| #define HAVE_STRING_H 1
| #define HAVE_MEMORY_H 1
| #define HAVE_STRINGS_H 1
| #define HAVE_INTTYPES_H 1
| #define HAVE_STDINT_H 1
| #define HAVE_UNISTD_H 1
| #define HAVE_DLFCN_H 1
| #define LT_OBJDIR ".libs/"
| #define HAVE_LIBCURSES 1
| #define HAVE_ALLOCA_H 1
| #define HAVE_ALLOCA 1
| #define HAVE_DIRENT_H 1
| #define STDC_HEADERS 1
| #define HAVE_SYS_WAIT_H 1
| #define HAVE_FCNTL_H 1
| #define HAVE_LIMITS_H 1
| #define HAVE_STDLIB_H 1
| #define HAVE_STRING_H 1
| #define HAVE_SYS_IOCTL_H 1
| #define HAVE_SYS_PARAM_H 1
| #define HAVE_UNISTD_H 1
| #define HAVE_CURSES_H 1
| #define HAVE_NCURSES_H 1
| #define HAVE_SYS_CDEFS_H 1
| #define HAVE_TERM_H 1
| #define HAVE_U_INT32_T 1
| #define HAVE_FORK 1
| #define HAVE_VFORK 1
| #define HAVE_WORKING_VFORK 1
| #define HAVE_WORKING_FORK 1
| #define RETSIGTYPE void
| /* end confdefs.h.  */
| #include <stdio.h>
| #ifdef HAVE_SYS_TYPES_H
| # include <sys/types.h>
| #endif
| #ifdef HAVE_SYS_STAT_H
| # include <sys/stat.h>
| #endif
| #ifdef STDC_HEADERS
| # include <stdlib.h>
| # include <stddef.h>
| #else
| # ifdef HAVE_STDLIB_H
| #  include <stdlib.h>
| # endif
| #endif
| #ifdef HAVE_STRING_H
| # if !defined STDC_HEADERS && defined HAVE_MEMORY_H
| #  include <memory.h>
| # endif
| # include <string.h>
| #endif
| #ifdef HAVE_STRINGS_H
| # include <strings.h>
| #endif
| #ifdef HAVE_INTTYPES_H
| # include <inttypes.h>
| #endif
| #ifdef HAVE_STDINT_H
| # include <stdint.h>
| #endif
| #ifdef HAVE_UNISTD_H
| # include <unistd.h>
| #endif
| int
| main ()
| {
| struct stat sbuf;
|      /* Linux will dereference the symlink and fail.
| 	That is better in the sense that it means we will not
| 	have to compile and use the lstat wrapper.  */
|      return lstat ("conftest.sym/", &sbuf) == 0;
|   ;
|   return 0;
| }
configure:18175: result: no
configure:18194: checking whether stat accepts an empty string
configure:18224: gcc -o conftest -arch i386 -arch x86_64 -g -Os -pipe   -arch i386 -arch x86_64             conftest.c -lcurses  >&5
configure:18227: $? = 0
configure:18233: ./conftest
configure:18236: $? = 0
configure:18252: result: no
configure:18286: checking for endpwent
configure:18342: gcc -o conftest -arch i386 -arch x86_64 -g -Os -pipe   -arch i386 -arch x86_64             conftest.c -lcurses  >&5
configure:18348: $? = 0
configure:18366: result: yes
configure:18286: checking for isascii
configure:18342: gcc -o conftest -arch i386 -arch x86_64 -g -Os -pipe   -arch i386 -arch x86_64             conftest.c -lcurses  >&5
conftest.c:69: warning: conflicting types for built-in function 'isascii'
conftest.c:69: warning: conflicting types for built-in function 'isascii'
configure:18348: $? = 0
configure:18366: result: yes
configure:18286: checking for memchr
configure:18342: gcc -o conftest -arch i386 -arch x86_64 -g -Os -pipe   -arch i386 -arch x86_64             conftest.c -lcurses  >&5
configure:18348: $? = 0
configure:18366: result: yes
configure:18286: checking for memset
configure:18342: gcc -o conftest -arch i386 -arch x86_64 -g -Os -pipe   -arch i386 -arch x86_64             conftest.c -lcurses  >&5
conftest.c:71: warning: conflicting types for built-in function 'memset'
conftest.c:71: warning: conflicting types for built-in function 'memset'
configure:18348: $? = 0
configure:18366: result: yes
configure:18286: checking for re_comp
configure:18342: gcc -o conftest -arch i386 -arch x86_64 -g -Os -pipe   -arch i386 -arch x86_64             conftest.c -lcurses  >&5
Undefined symbols for architecture i386:
  "_re_comp", referenced from:
      _main in cc0RJJKg.o
ld: symbol(s) not found for architecture i386
collect2: ld returned 1 exit status
Undefined symbols for architecture x86_64:
  "_re_comp", referenced from:
      _main in ccGWZghF.o
ld: symbol(s) not found for architecture x86_64
collect2: ld returned 1 exit status
lipo: can't open input file: /var/tmp//ccaOVDDR.out (No such file or directory)
configure:18348: $? = 1
configure: failed program was:
| /* confdefs.h.  */
| #define PACKAGE_NAME "libedit"
| #define PACKAGE_TARNAME "libedit-20090902"
| #define PACKAGE_VERSION "2.11"
| #define PACKAGE_STRING "libedit 2.11"
| #define PACKAGE_BUGREPORT ""
| #define PACKAGE "libedit-20090902"
| #define VERSION "2.11"
| #define STDC_HEADERS 1
| #define HAVE_SYS_TYPES_H 1
| #define HAVE_SYS_STAT_H 1
| #define HAVE_STDLIB_H 1
| #define HAVE_STRING_H 1
| #define HAVE_MEMORY_H 1
| #define HAVE_STRINGS_H 1
| #define HAVE_INTTYPES_H 1
| #define HAVE_STDINT_H 1
| #define HAVE_UNISTD_H 1
| #define HAVE_DLFCN_H 1
| #define LT_OBJDIR ".libs/"
| #define HAVE_LIBCURSES 1
| #define HAVE_ALLOCA_H 1
| #define HAVE_ALLOCA 1
| #define HAVE_DIRENT_H 1
| #define STDC_HEADERS 1
| #define HAVE_SYS_WAIT_H 1
| #define HAVE_FCNTL_H 1
| #define HAVE_LIMITS_H 1
| #define HAVE_STDLIB_H 1
| #define HAVE_STRING_H 1
| #define HAVE_SYS_IOCTL_H 1
| #define HAVE_SYS_PARAM_H 1
| #define HAVE_UNISTD_H 1
| #define HAVE_CURSES_H 1
| #define HAVE_NCURSES_H 1
| #define HAVE_SYS_CDEFS_H 1
| #define HAVE_TERM_H 1
| #define HAVE_U_INT32_T 1
| #define HAVE_FORK 1
| #define HAVE_VFORK 1
| #define HAVE_WORKING_VFORK 1
| #define HAVE_WORKING_FORK 1
| #define RETSIGTYPE void
| #define HAVE_ENDPWENT 1
| #define HAVE_ISASCII 1
| #define HAVE_MEMCHR 1
| #define HAVE_MEMSET 1
| /* end confdefs.h.  */
| /* Define re_comp to an innocuous variant, in case <limits.h> declares re_comp.
|    For example, HP-UX 11i <limits.h> declares gettimeofday.  */
| #define re_comp innocuous_re_comp
| 
| /* System header to define __stub macros and hopefully few prototypes,
|     which can conflict with char re_comp (); below.
|     Prefer <limits.h> to <assert.h> if __STDC__ is defined, since
|     <limits.h> exists even on freestanding compilers.  */
| 
| #ifdef __STDC__
| # include <limits.h>
| #else
| # include <assert.h>
| #endif
| 
| #undef re_comp
| 
| /* Override any GCC internal prototype to avoid an error.
|    Use char because int might match the return type of a GCC
|    builtin and then its argument prototype would still apply.  */
| #ifdef __cplusplus
| extern "C"
| #endif
| char re_comp ();
| /* The GNU C library defines this for functions which it implements
|     to always fail with ENOSYS.  Some functions are actually named
|     something starting with __ and the normal name is an alias.  */
| #if defined __stub_re_comp || defined __stub___re_comp
| choke me
| #endif
| 
| int
| main ()
| {
| return re_comp ();
|   ;
|   return 0;
| }
configure:18366: result: no
configure:18286: checking for regcomp
configure:18342: gcc -o conftest -arch i386 -arch x86_64 -g -Os -pipe   -arch i386 -arch x86_64             conftest.c -lcurses  >&5
configure:18348: $? = 0
configure:18366: result: yes
configure:18286: checking for strcasecmp
configure:18342: gcc -o conftest -arch i386 -arch x86_64 -g -Os -pipe   -arch i386 -arch x86_64             conftest.c -lcurses  >&5
conftest.c:73: warning: conflicting types for built-in function 'strcasecmp'
conftest.c:73: warning: conflicting types for built-in function 'strcasecmp'
configure:18348: $? = 0
configure:18366: result: yes
configure:18286: checking for strchr
configure:18342: gcc -o conftest -arch i386 -arch x86_64 -g -Os -pipe   -arch i386 -arch x86_64             conftest.c -lcurses  >&5
conftest.c:74: warning: conflicting types for built-in function 'strchr'
conftest.c:74: warning: conflicting types for built-in function 'strchr'
configure:18348: $? = 0
configure:18366: result: yes
configure:18286: checking for strcspn
configure:18342: gcc -o conftest -arch i386 -arch x86_64 -g -Os -pipe   -arch i386 -arch x86_64             conftest.c -lcurses  >&5
conftest.c:75: warning: conflicting types for built-in function 'strcspn'
conftest.c:75: warning: conflicting types for built-in function 'strcspn'
configure:18348: $? = 0
configure:18366: result: yes
configure:18286: checking for strdup
configure:18342: gcc -o conftest -arch i386 -arch x86_64 -g -Os -pipe   -arch i386 -arch x86_64             conftest.c -lcurses  >&5
conftest.c:76: warning: conflicting types for built-in function 'strdup'
conftest.c:76: warning: conflicting types for built-in function 'strdup'
configure:18348: $? = 0
configure:18366: result: yes
configure:18286: checking for strerror
configure:18342: gcc -o conftest -arch i386 -arch x86_64 -g -Os -pipe   -arch i386 -arch x86_64             conftest.c -lcurses  >&5
configure:18348: $? = 0
configure:18366: result: yes
configure:18286: checking for strrchr
configure:18342: gcc -o conftest -arch i386 -arch x86_64 -g -Os -pipe   -arch i386 -arch x86_64             conftest.c -lcurses  >&5
conftest.c:78: warning: conflicting types for built-in function 'strrchr'
conftest.c:78: warning: conflicting types for built-in function 'strrchr'
configure:18348: $? = 0
configure:18366: result: yes
configure:18286: checking for strstr
configure:18342: gcc -o conftest -arch i386 -arch x86_64 -g -Os -pipe   -arch i386 -arch x86_64             conftest.c -lcurses  >&5
conftest.c:79: warning: conflicting types for built-in function 'strstr'
conftest.c:79: warning: conflicting types for built-in function 'strstr'
configure:18348: $? = 0
configure:18366: result: yes
configure:18286: checking for strtol
configure:18342: gcc -o conftest -arch i386 -arch x86_64 -g -Os -pipe   -arch i386 -arch x86_64             conftest.c -lcurses  >&5
configure:18348: $? = 0
configure:18366: result: yes
configure:18286: checking for issetugid
configure:18342: gcc -o conftest -arch i386 -arch x86_64 -g -Os -pipe   -arch i386 -arch x86_64             conftest.c -lcurses  >&5
configure:18348: $? = 0
configure:18366: result: yes
configure:18377: checking whether getpwnam_r and getpwuid_r are posix like
configure:18406: gcc -o conftest -arch i386 -arch x86_64 -g -Os -pipe   -arch i386 -arch x86_64             conftest.c -lcurses  >&5
configure:18412: $? = 0
configure:18423: result: yes
configure:18437: checking whether getpwnam_r and getpwuid_r are posix _draft_ like
configure:18466: gcc -o conftest -arch i386 -arch x86_64 -g -Os -pipe   -arch i386 -arch x86_64             conftest.c -lcurses  >&5
conftest.c: In function 'main':
conftest.c:66: error: too few arguments to function 'getpwnam_r'
conftest.c:67: error: too few arguments to function 'getpwuid_r'
conftest.c: In function 'main':
conftest.c:66: error: too few arguments to function 'getpwnam_r'
conftest.c:67: error: too few arguments to function 'getpwuid_r'
lipo: can't figure out the architecture type of: /var/tmp//ccXwuu8L.out
configure:18472: $? = 1
configure: failed program was:
| /* confdefs.h.  */
| #define PACKAGE_NAME "libedit"
| #define PACKAGE_TARNAME "libedit-20090902"
| #define PACKAGE_VERSION "2.11"
| #define PACKAGE_STRING "libedit 2.11"
| #define PACKAGE_BUGREPORT ""
| #define PACKAGE "libedit-20090902"
| #define VERSION "2.11"
| #define STDC_HEADERS 1
| #define HAVE_SYS_TYPES_H 1
| #define HAVE_SYS_STAT_H 1
| #define HAVE_STDLIB_H 1
| #define HAVE_STRING_H 1
| #define HAVE_MEMORY_H 1
| #define HAVE_STRINGS_H 1
| #define HAVE_INTTYPES_H 1
| #define HAVE_STDINT_H 1
| #define HAVE_UNISTD_H 1
| #define HAVE_DLFCN_H 1
| #define LT_OBJDIR ".libs/"
| #define HAVE_LIBCURSES 1
| #define HAVE_ALLOCA_H 1
| #define HAVE_ALLOCA 1
| #define HAVE_DIRENT_H 1
| #define STDC_HEADERS 1
| #define HAVE_SYS_WAIT_H 1
| #define HAVE_FCNTL_H 1
| #define HAVE_LIMITS_H 1
| #define HAVE_STDLIB_H 1
| #define HAVE_STRING_H 1
| #define HAVE_SYS_IOCTL_H 1
| #define HAVE_SYS_PARAM_H 1
| #define HAVE_UNISTD_H 1
| #define HAVE_CURSES_H 1
| #define HAVE_NCURSES_H 1
| #define HAVE_SYS_CDEFS_H 1
| #define HAVE_TERM_H 1
| #define HAVE_U_INT32_T 1
| #define HAVE_FORK 1
| #define HAVE_VFORK 1
| #define HAVE_WORKING_VFORK 1
| #define HAVE_WORKING_FORK 1
| #define RETSIGTYPE void
| #define HAVE_ENDPWENT 1
| #define HAVE_ISASCII 1
| #define HAVE_MEMCHR 1
| #define HAVE_MEMSET 1
| #define HAVE_REGCOMP 1
| #define HAVE_STRCASECMP 1
| #define HAVE_STRCHR 1
| #define HAVE_STRCSPN 1
| #define HAVE_STRDUP 1
| #define HAVE_STRERROR 1
| #define HAVE_STRRCHR 1
| #define HAVE_STRSTR 1
| #define HAVE_STRTOL 1
| #define HAVE_ISSETUGID 1
| #define HAVE_GETPW_R_POSIX 1
| /* end confdefs.h.  */
| #include <stdlib.h>
|                 #include <sys/types.h>
|                 #include <pwd.h>
| int
| main ()
| {
| getpwnam_r(NULL, NULL, NULL, (size_t)0);
|                 getpwuid_r((uid_t)0, NULL, NULL, (size_t)0);
|   ;
|   return 0;
| }
configure:18489: result: no
configure:18637: creating ./config.status

## ---------------------- ##
## Running config.status. ##
## ---------------------- ##

This file was extended by libedit config.status 2.11, which was
generated by GNU Autoconf 2.61.  Invocation command line was

  CONFIG_FILES    = 
  CONFIG_HEADERS  = 
  CONFIG_LINKS    = 
  CONFIG_COMMANDS = 
  $ ./config.status 

on il0204d-dhcp14.apple.com

config.status:913: creating Makefile
config.status:913: creating libedit.pc
config.status:913: creating src/Makefile
config.status:913: creating doc/Makefile
config.status:913: creating examples/Makefile
config.status:913: creating config.h
config.status:1226: executing depfiles commands
config.status:1226: executing libtool commands

## ---------------- ##
## Cache variables. ##
## ---------------- ##

ac_cv_build=i386-apple-darwin10.0
ac_cv_c_compiler_gnu=yes
ac_cv_c_const=yes
ac_cv_cxx_compiler_gnu=yes
ac_cv_env_CCC_set=
ac_cv_env_CCC_value=
ac_cv_env_CC_set=
ac_cv_env_CC_value=
ac_cv_env_CFLAGS_set=set
ac_cv_env_CFLAGS_value='-arch i386 -arch x86_64 -g -Os -pipe '
ac_cv_env_CPPFLAGS_set=
ac_cv_env_CPPFLAGS_value=
ac_cv_env_CPP_set=
ac_cv_env_CPP_value=
ac_cv_env_CXXCPP_set=
ac_cv_env_CXXCPP_value=
ac_cv_env_CXXFLAGS_set=set
ac_cv_env_CXXFLAGS_value='-arch i386 -arch x86_64 -g -Os -pipe '
ac_cv_env_CXX_set=
ac_cv_env_CXX_value=
ac_cv_env_LDFLAGS_set=set
ac_cv_env_LDFLAGS_value='-arch i386 -arch x86_64            '
ac_cv_env_LIBS_set=
ac_cv_env_LIBS_value=
ac_cv_env_build_alias_set=
ac_cv_env_build_alias_value=
ac_cv_env_host_alias_set=
ac_cv_env_host_alias_value=
ac_cv_env_target_alias_set=
ac_cv_env_target_alias_value=
ac_cv_func_alloca_works=yes
ac_cv_func_closedir_void=no
ac_cv_func_endpwent=yes
ac_cv_func_fork=yes
ac_cv_func_fork_works=yes
ac_cv_func_isascii=yes
ac_cv_func_issetugid=yes
ac_cv_func_lstat_dereferences_slashed_symlink=no
ac_cv_func_memchr=yes
ac_cv_func_memset=yes
ac_cv_func_re_comp=no
ac_cv_func_regcomp=yes
ac_cv_func_stat_empty_string_bug=no
ac_cv_func_strcasecmp=yes
ac_cv_func_strchr=yes
ac_cv_func_strcspn=yes
ac_cv_func_strdup=yes
ac_cv_func_strerror=yes
ac_cv_func_strrchr=yes
ac_cv_func_strstr=yes
ac_cv_func_strtol=yes
ac_cv_func_vfork=yes
ac_cv_func_vfork_works=yes
ac_cv_header_curses_h=yes
ac_cv_header_dirent_dirent_h=yes
ac_cv_header_dlfcn_h=yes
ac_cv_header_fcntl_h=yes
ac_cv_header_inttypes_h=yes
ac_cv_header_limits_h=yes
ac_cv_header_malloc_h=no
ac_cv_header_memory_h=yes
ac_cv_header_ncurses_h=yes
ac_cv_header_stdc=yes
ac_cv_header_stdint_h=yes
ac_cv_header_stdlib_h=yes
ac_cv_header_string_h=yes
ac_cv_header_strings_h=yes
ac_cv_header_sys_cdefs_h=yes
ac_cv_header_sys_ioctl_h=yes
ac_cv_header_sys_param_h=yes
ac_cv_header_sys_stat_h=yes
ac_cv_header_sys_types_h=yes
ac_cv_header_sys_wait_h=yes
ac_cv_header_term_h=yes
ac_cv_header_termios_h=yes
ac_cv_header_unistd_h=yes
ac_cv_header_vfork_h=no
ac_cv_host=i386-apple-darwin10.0
ac_cv_lib_curses_tgetent=yes
ac_cv_objext=o
ac_cv_path_EGREP='/usr/bin/grep -E'
ac_cv_path_FGREP='/usr/bin/grep -F'
ac_cv_path_GREP=/usr/bin/grep
ac_cv_path_NROFF=/usr/bin/nroff
ac_cv_path_SED=/usr/bin/sed
ac_cv_path_install='/usr/bin/install -c'
ac_cv_prog_AWK=awk
ac_cv_prog_CPP='gcc -E'
ac_cv_prog_CXXCPP='g++ -E'
ac_cv_prog_ac_ct_AR=ar
ac_cv_prog_ac_ct_CC=gcc
ac_cv_prog_ac_ct_CXX=g++
ac_cv_prog_ac_ct_DSYMUTIL=dsymutil
ac_cv_prog_ac_ct_LIPO=lipo
ac_cv_prog_ac_ct_NMEDIT=nmedit
ac_cv_prog_ac_ct_OTOOL=otool
ac_cv_prog_ac_ct_RANLIB=ranlib
ac_cv_prog_ac_ct_STRIP=strip
ac_cv_prog_cc_c89=
ac_cv_prog_cc_g=yes
ac_cv_prog_cxx_g=yes
ac_cv_prog_gcc_traditional=no
ac_cv_prog_make_make_set=yes
ac_cv_search_opendir='none required'
ac_cv_type_pid_t=yes
ac_cv_type_signal=void
ac_cv_type_size_t=yes
ac_cv_type_u_int32_t=yes
ac_cv_working_alloca_h=yes
am_cv_CC_dependencies_compiler_type=none
am_cv_CXX_dependencies_compiler_type=none
lt_cv_apple_cc_single_mod=yes
lt_cv_deplibs_check_method=pass_all
lt_cv_file_magic_cmd='$MAGIC_CMD'
lt_cv_file_magic_test_file=
lt_cv_ld_exported_symbols_list=yes
lt_cv_ld_reload_flag=-r
lt_cv_nm_interface='BSD nm'
lt_cv_objdir=.libs
lt_cv_path_LD=/usr/libexec/gcc/i686-apple-darwin10/4.2.1/ld
lt_cv_path_LDCXX=/usr/libexec/gcc/i686-apple-darwin10/4.2.1/ld
lt_cv_path_NM=/usr/bin/nm
lt_cv_prog_compiler_c_o=yes
lt_cv_prog_compiler_c_o_CXX=yes
lt_cv_prog_compiler_pic_works=yes
lt_cv_prog_compiler_pic_works_CXX=yes
lt_cv_prog_compiler_rtti_exceptions=no
lt_cv_prog_compiler_static_works=no
lt_cv_prog_compiler_static_works_CXX=no
lt_cv_prog_gnu_ld=no
lt_cv_prog_gnu_ldcxx=no
lt_cv_sys_global_symbol_pipe='sed -n -e '\''s/^.*[	 ]\([BCDEGRST][BCDEGRST]*\)[	 ][	 ]*_\([_A-Za-z][_A-Za-z0-9]*\)$/\1 _\2 \2/p'\'''
lt_cv_sys_global_symbol_to_c_name_address='sed -n -e '\''s/^: \([^ ]*\) $/  {\"\1\", (void *) 0},/p'\'' -e '\''s/^[BCDEGRST]* \([^ ]*\) \([^ ]*\)$/  {"\2", (void *) \&\2},/p'\'''
lt_cv_sys_global_symbol_to_c_name_address_lib_prefix='sed -n -e '\''s/^: \([^ ]*\) $/  {\"\1\", (void *) 0},/p'\'' -e '\''s/^[BCDEGRST]* \([^ ]*\) \(lib[^ ]*\)$/  {"\2", (void *) \&\2},/p'\'' -e '\''s/^[BCDEGRST]* \([^ ]*\) \([^ ]*\)$/  {"lib\2", (void *) \&\2},/p'\'''
lt_cv_sys_global_symbol_to_cdecl='sed -n -e '\''s/^T .* \(.*\)$/extern int \1();/p'\'' -e '\''s/^[BCDEGRST]* .* \(.*\)$/extern char \1;/p'\'''
lt_cv_sys_max_cmd_len=196608

## ----------------- ##
## Output variables. ##
## ----------------- ##

ACLOCAL='${SHELL} /var/tmp/libedit.roots/libedit~obj/SRCDIR/libedit/missing --run aclocal-1.10'
ALLOCA=''
AMDEPBACKSLASH=''
AMDEP_FALSE=''
AMDEP_TRUE='#'
AMTAR='${SHELL} /var/tmp/libedit.roots/libedit~obj/SRCDIR/libedit/missing --run tar'
AR='ar'
AUTOCONF='${SHELL} /var/tmp/libedit.roots/libedit~obj/SRCDIR/libedit/missing --run autoconf'
AUTOHEADER='${SHELL} /var/tmp/libedit.roots/libedit~obj/SRCDIR/libedit/missing --run autoheader'
AUTOMAKE='${SHELL} /var/tmp/libedit.roots/libedit~obj/SRCDIR/libedit/missing --run automake-1.10'
AWK='awk'
CC='gcc'
CCDEPMODE='depmode=none'
CFLAGS='-arch i386 -arch x86_64 -g -Os -pipe '
CPP='gcc -E'
CPPFLAGS=''
CXX='g++'
CXXCPP='g++ -E'
CXXDEPMODE='depmode=none'
CXXFLAGS='-arch i386 -arch x86_64 -g -Os -pipe '
CYGPATH_W='echo'
DEFS='-DHAVE_CONFIG_H'
DEPDIR='.deps'
DSYMUTIL='dsymutil'
DUMPBIN=''
ECHO_C='ECHO_N=''
ECHO_T=''
EGREP='/usr/bin/grep -E'
EXEEXT=''
FGREP='/usr/bin/grep -F'
GREP='/usr/bin/grep'
INSTALL_DATA='${INSTALL} -m 644'
INSTALL_PROGRAM='${INSTALL}'
INSTALL_SCRIPT='${INSTALL}'
INSTALL_STRIP_PROGRAM='$(install_sh) -c -s'
LD='/usr/libexec/gcc/i686-apple-darwin10/4.2.1/ld'
LDFLAGS='-arch i386 -arch x86_64            '
LIBOBJS=' ${LIBOBJDIR}lstat$U.o'
LIBS='-lcurses '
LIBTOOL='$(SHELL) $(top_builddir)/libtool'
LIPO='lipo'
LN_S='ln -s'
LTLIBOBJS=' ${LIBOBJDIR}lstat$U.lo'
LT_VERSION='1:11:0'
MAKEINFO='${SHELL} /var/tmp/libedit.roots/libedit~obj/SRCDIR/libedit/missing --run makeinfo'
MANTYPE='mdoc'
NM='/usr/bin/nm'
NMEDIT='nmedit'
NROFF='/usr/bin/nroff'
OBJEXT='o'
OTOOL64=':'
OTOOL='otool'
PACKAGE='libedit-20090902'
PACKAGE_BUGREPORT=''
PACKAGE_NAME='libedit'
PACKAGE_STRING='libedit 2.11'
PACKAGE_TARNAME='libedit-20090902'
PACKAGE_VERSION='2.11'
PATH_SEPARATOR=':'
RANLIB='ranlib'
SED='/usr/bin/sed'
SET_MAKE=''
SHELL='/bin/sh'
STRIP='strip'
VERSION='2.11'
ac_ct_CC='gcc'
ac_ct_CXX='g++'
ac_ct_DUMPBIN=''
am__fastdepCC_FALSE=''
am__fastdepCC_TRUE='#'
am__fastdepCXX_FALSE=''
am__fastdepCXX_TRUE='#'
am__include='include'
am__isrc=' -I$(srcdir)'
am__leading_dot='.'
am__quote=''
am__tar='${AMTAR} chof - "$$tardir"'
am__untar='${AMTAR} xf -'
bindir='${exec_prefix}/bin'
build='i386-apple-darwin10.0'
build_alias=''
build_cpu='i386'
build_os='darwin10.0'
build_vendor='apple'
datadir='${datarootdir}'
datarootdir='${prefix}/share'
docdir='${datarootdir}/doc/${PACKAGE_TARNAME}'
dvidir='${docdir}'
exec_prefix='${prefix}'
host='i386-apple-darwin10.0'
host_alias=''
host_cpu='i386'
host_os='darwin10.0'
host_vendor='apple'
htmldir='${docdir}'
includedir='${prefix}/include'
infodir='/usr/share/info'
install_sh='$(SHELL) /var/tmp/libedit.roots/libedit~obj/SRCDIR/libedit/install-sh'
libdir='${exec_prefix}/lib'
libexecdir='${exec_prefix}/libexec'
localedir='${datarootdir}/locale'
localstatedir='${prefix}/var'
lt_ECHO='/bin/echo'
mandir='/usr/share/man'
mkdir_p='/var/tmp/libedit.roots/libedit~obj/SRCDIR/libedit/install-sh -c -d'
oldincludedir='/usr/include'
pdfdir='${docdir}'
prefix='/usr'
program_transform_name='s,x,x,'
psdir='${docdir}'
sbindir='${exec_prefix}/sbin'
sharedstatedir='${prefix}/com'
sysconfdir='${prefix}/etc'
target_alias=''

## ----------- ##
## confdefs.h. ##
## ----------- ##

#define PACKAGE_NAME "libedit"
#define PACKAGE_TARNAME "libedit-20090902"
#define PACKAGE_VERSION "2.11"
#define PACKAGE_STRING "libedit 2.11"
#define PACKAGE_BUGREPORT ""
#define PACKAGE "libedit-20090902"
#define VERSION "2.11"
#define STDC_HEADERS 1
#define HAVE_SYS_TYPES_H 1
#define HAVE_SYS_STAT_H 1
#define HAVE_STDLIB_H 1
#define HAVE_STRING_H 1
#define HAVE_MEMORY_H 1
#define HAVE_STRINGS_H 1
#define HAVE_INTTYPES_H 1
#define HAVE_STDINT_H 1
#define HAVE_UNISTD_H 1
#define HAVE_DLFCN_H 1
#define LT_OBJDIR ".libs/"
#define HAVE_LIBCURSES 1
#define HAVE_ALLOCA_H 1
#define HAVE_ALLOCA 1
#define HAVE_DIRENT_H 1
#define STDC_HEADERS 1
#define HAVE_SYS_WAIT_H 1
#define HAVE_FCNTL_H 1
#define HAVE_LIMITS_H 1
#define HAVE_STDLIB_H 1
#define HAVE_STRING_H 1
#define HAVE_SYS_IOCTL_H 1
#define HAVE_SYS_PARAM_H 1
#define HAVE_UNISTD_H 1
#define HAVE_CURSES_H 1
#define HAVE_NCURSES_H 1
#define HAVE_SYS_CDEFS_H 1
#define HAVE_TERM_H 1
#define HAVE_U_INT32_T 1
#define HAVE_FORK 1
#define HAVE_VFORK 1
#define HAVE_WORKING_VFORK 1
#define HAVE_WORKING_FORK 1
#define RETSIGTYPE void
#define HAVE_ENDPWENT 1
#define HAVE_ISASCII 1
#define HAVE_MEMCHR 1
#define HAVE_MEMSET 1
#define HAVE_REGCOMP 1
#define HAVE_STRCASECMP 1
#define HAVE_STRCHR 1
#define HAVE_STRCSPN 1
#define HAVE_STRDUP 1
#define HAVE_STRERROR 1
#define HAVE_STRRCHR 1
#define HAVE_STRSTR 1
#define HAVE_STRTOL 1
#define HAVE_ISSETUGID 1
#define HAVE_GETPW_R_POSIX 1

configure: exit 0
