This file contains any messages produced by compilers while
running configure, to aid debugging if configure makes a mistake.

It was created by configure, which was
generated by GNU Autoconf 2.59.  Invocation command line was

  $ ./configure --prefix=/usr --enable-static --prefix=/usr --sysconfdir=/private/etc --localstatedir=/private/var --mandir=/usr/share/man --enable-ltdl-install=no --cache-file=/dev/null --srcdir=.

## --------- ##
## Platform. ##
## --------- ##

hostname = simost4.apple.com
uname -m = Power Macintosh
uname -r = 9.0.0d3
uname -s = Darwin
uname -v = Darwin Kernel Version 9.0.0d3: Sun Oct  1 00:34:58 PDT 2006; root:xnu-965~3/RELEASE_PPC

/usr/bin/uname -p = powerpc
/bin/uname -X     = unknown

/bin/arch              = unknown
/usr/bin/arch -k       = unknown
/usr/convex/getsysinfo = unknown
hostinfo               = Mach kernel version:
	 Darwin Kernel Version 9.0.0d3: Sun Oct  1 00:34:58 PDT 2006; root:xnu-965~3/RELEASE_PPC
Kernel configured for up to 2 processors.
2 processors are physically available.
2 processors are logically available.
Processor type: ppc970 (PowerPC 970)
Processors active: 0 1
Primary memory available: 512.00 megabytes
Default processor set: 83 tasks, 265 threads, 2 processors
Load average: 1.38, Mach factor: 0.75
/bin/machine           = unknown
/usr/bin/oslevel       = unknown
/bin/universe          = unknown

PATH: /Volumes/Tenacious/backup3/Users/steve/bin/powerpc-apple-darwin
PATH: /Volumes/Tenacious/backup3/Users/steve/bin
PATH: /usr/local/bin
PATH: /usr/bin
PATH: /bin
PATH: /usr/local/sbin
PATH: /usr/sbin
PATH: /sbin
PATH: /Network/Servers/seaport/release/bin
PATH: /Network/Servers/seaport/release/rcdev/xbs-Current/jbin


## ----------- ##
## Core tests. ##
## ----------- ##

configure:1339: checking for gcc
configure:1355: found /usr/bin/gcc
configure:1365: result: gcc
configure:1609: checking for C compiler version
configure:1612: gcc --version </dev/null >&5
powerpc-apple-darwin8-gcc-4.0.1 (GCC) 4.0.1 (Apple Computer, Inc. build 5421)
Copyright (C) 2005 Free Software Foundation, Inc.
This is free software; see the source for copying conditions.  There is NO
warranty; not even for MERCHANTABILITY or FITNESS FOR A PARTICULAR PURPOSE.

configure:1615: $? = 0
configure:1617: gcc -v </dev/null >&5
Using built-in specs.
Target: powerpc-apple-darwin8
Configured with: /var/tmp/gcc/gcc-5421~4/src/configure --disable-checking -enable-werror --prefix=/usr --mandir=/share/man --enable-languages=c,objc,c++,obj-c++ --program-transform-name=/^[cg][^.-]*$/s/$/-4.0/ --with-gxx-include-dir=/include/c++/4.0.0 --with-slibdir=/usr/lib --build=powerpc-apple-darwin8 --host=powerpc-apple-darwin8 --target=powerpc-apple-darwin8
Thread model: posix
gcc version 4.0.1 (Apple Computer, Inc. build 5421)
configure:1620: $? = 0
configure:1622: gcc -V </dev/null >&5
gcc-4.0: argument to `-V' is missing
configure:1625: $? = 1
configure:1648: checking for C compiler default output file name
configure:1651: gcc -g -O2 -D_REENTRANT -D_POSIX_PTHREAD_SEMANTICS -DDARWIN -Wall -D_GNU_SOURCE -DNDEBUG   conftest.c -lresolv  -lpthread >&5
configure:1654: $? = 0
configure:1700: result: a.out
configure:1705: checking whether the C compiler works
configure:1711: ./a.out
configure:1714: $? = 0
configure:1731: result: yes
configure:1738: checking whether we are cross compiling
configure:1740: result: no
configure:1743: checking for suffix of executables
configure:1745: gcc -o conftest -g -O2 -D_REENTRANT -D_POSIX_PTHREAD_SEMANTICS -DDARWIN -Wall -D_GNU_SOURCE -DNDEBUG   conftest.c -lresolv  -lpthread >&5
configure:1748: $? = 0
configure:1773: result: 
configure:1779: checking for suffix of object files
configure:1800: gcc -c -g -O2 -D_REENTRANT -D_POSIX_PTHREAD_SEMANTICS -DDARWIN -Wall -D_GNU_SOURCE -DNDEBUG  conftest.c >&5
configure:1803: $? = 0
configure:1825: result: o
configure:1829: checking whether we are using the GNU C compiler
configure:1853: gcc -c -g -O2 -D_REENTRANT -D_POSIX_PTHREAD_SEMANTICS -DDARWIN -Wall -D_GNU_SOURCE -DNDEBUG  conftest.c >&5
configure:1859: $? = 0
configure:1863: test -z 
			 || test ! -s conftest.err
configure:1866: $? = 0
configure:1869: test -s conftest.o
configure:1872: $? = 0
configure:1885: result: yes
configure:1891: checking whether gcc accepts -g
configure:1912: gcc -c -g  conftest.c >&5
configure:1918: $? = 0
configure:1922: test -z 
			 || test ! -s conftest.err
configure:1925: $? = 0
configure:1928: test -s conftest.o
configure:1931: $? = 0
configure:1942: result: yes
configure:1959: checking for gcc option to accept ANSI C
configure:2029: gcc  -c -g -O2 -D_REENTRANT -D_POSIX_PTHREAD_SEMANTICS -DDARWIN -Wall -D_GNU_SOURCE -DNDEBUG  conftest.c >&5
configure:2035: $? = 0
configure:2039: test -z 
			 || test ! -s conftest.err
configure:2042: $? = 0
configure:2045: test -s conftest.o
configure:2048: $? = 0
configure:2066: result: none needed
configure:2084: gcc -c -g -O2 -D_REENTRANT -D_POSIX_PTHREAD_SEMANTICS -DDARWIN -Wall -D_GNU_SOURCE -DNDEBUG  conftest.c >&5
conftest.c:2: error: syntax error before 'me'
configure:2090: $? = 1
configure: failed program was:
| #ifndef __cplusplus
|   choke me
| #endif
configure:2229: checking how to run the C preprocessor
configure:2264: gcc -E  conftest.c
configure:2270: $? = 0
configure:2302: gcc -E  conftest.c
conftest.c:9:28: error: ac_nonexistent.h: No such file or directory
configure:2308: $? = 1
configure: failed program was:
| /* confdefs.h.  */
| 
| #define PACKAGE_NAME ""
| #define PACKAGE_TARNAME ""
| #define PACKAGE_VERSION ""
| #define PACKAGE_STRING ""
| #define PACKAGE_BUGREPORT ""
| /* end confdefs.h.  */
| #include <ac_nonexistent.h>
configure:2347: result: gcc -E
configure:2371: gcc -E  conftest.c
configure:2377: $? = 0
configure:2409: gcc -E  conftest.c
conftest.c:9:28: error: ac_nonexistent.h: No such file or directory
configure:2415: $? = 1
configure: failed program was:
| /* confdefs.h.  */
| 
| #define PACKAGE_NAME ""
| #define PACKAGE_TARNAME ""
| #define PACKAGE_VERSION ""
| #define PACKAGE_STRING ""
| #define PACKAGE_BUGREPORT ""
| /* end confdefs.h.  */
| #include <ac_nonexistent.h>
configure:2459: checking for egrep
configure:2469: result: grep -E
configure:2474: checking for ANSI C header files
configure:2499: gcc -c -g -O2 -D_REENTRANT -D_POSIX_PTHREAD_SEMANTICS -DDARWIN -Wall -D_GNU_SOURCE -DNDEBUG  conftest.c >&5
configure:2505: $? = 0
configure:2509: test -z 
			 || test ! -s conftest.err
configure:2512: $? = 0
configure:2515: test -s conftest.o
configure:2518: $? = 0
configure:2607: gcc -o conftest -g -O2 -D_REENTRANT -D_POSIX_PTHREAD_SEMANTICS -DDARWIN -Wall -D_GNU_SOURCE -DNDEBUG   conftest.c -lresolv  -lpthread >&5
conftest.c: In function 'main':
conftest.c:26: warning: implicit declaration of function 'exit'
conftest.c:26: warning: incompatible implicit declaration of built-in function 'exit'
configure:2610: $? = 0
configure:2612: ./conftest
configure:2615: $? = 0
configure:2630: result: yes
configure:2654: checking for sys/types.h
configure:2670: gcc -c -g -O2 -D_REENTRANT -D_POSIX_PTHREAD_SEMANTICS -DDARWIN -Wall -D_GNU_SOURCE -DNDEBUG  conftest.c >&5
configure:2676: $? = 0
configure:2680: test -z 
			 || test ! -s conftest.err
configure:2683: $? = 0
configure:2686: test -s conftest.o
configure:2689: $? = 0
configure:2700: result: yes
configure:2654: checking for sys/stat.h
configure:2670: gcc -c -g -O2 -D_REENTRANT -D_POSIX_PTHREAD_SEMANTICS -DDARWIN -Wall -D_GNU_SOURCE -DNDEBUG  conftest.c >&5
configure:2676: $? = 0
configure:2680: test -z 
			 || test ! -s conftest.err
configure:2683: $? = 0
configure:2686: test -s conftest.o
configure:2689: $? = 0
configure:2700: result: yes
configure:2654: checking for stdlib.h
configure:2670: gcc -c -g -O2 -D_REENTRANT -D_POSIX_PTHREAD_SEMANTICS -DDARWIN -Wall -D_GNU_SOURCE -DNDEBUG  conftest.c >&5
configure:2676: $? = 0
configure:2680: test -z 
			 || test ! -s conftest.err
configure:2683: $? = 0
configure:2686: test -s conftest.o
configure:2689: $? = 0
configure:2700: result: yes
configure:2654: checking for string.h
configure:2670: gcc -c -g -O2 -D_REENTRANT -D_POSIX_PTHREAD_SEMANTICS -DDARWIN -Wall -D_GNU_SOURCE -DNDEBUG  conftest.c >&5
configure:2676: $? = 0
configure:2680: test -z 
			 || test ! -s conftest.err
configure:2683: $? = 0
configure:2686: test -s conftest.o
configure:2689: $? = 0
configure:2700: result: yes
configure:2654: checking for memory.h
configure:2670: gcc -c -g -O2 -D_REENTRANT -D_POSIX_PTHREAD_SEMANTICS -DDARWIN -Wall -D_GNU_SOURCE -DNDEBUG  conftest.c >&5
configure:2676: $? = 0
configure:2680: test -z 
			 || test ! -s conftest.err
configure:2683: $? = 0
configure:2686: test -s conftest.o
configure:2689: $? = 0
configure:2700: result: yes
configure:2654: checking for strings.h
configure:2670: gcc -c -g -O2 -D_REENTRANT -D_POSIX_PTHREAD_SEMANTICS -DDARWIN -Wall -D_GNU_SOURCE -DNDEBUG  conftest.c >&5
configure:2676: $? = 0
configure:2680: test -z 
			 || test ! -s conftest.err
configure:2683: $? = 0
configure:2686: test -s conftest.o
configure:2689: $? = 0
configure:2700: result: yes
configure:2654: checking for inttypes.h
configure:2670: gcc -c -g -O2 -D_REENTRANT -D_POSIX_PTHREAD_SEMANTICS -DDARWIN -Wall -D_GNU_SOURCE -DNDEBUG  conftest.c >&5
configure:2676: $? = 0
configure:2680: test -z 
			 || test ! -s conftest.err
configure:2683: $? = 0
configure:2686: test -s conftest.o
configure:2689: $? = 0
configure:2700: result: yes
configure:2654: checking for stdint.h
configure:2670: gcc -c -g -O2 -D_REENTRANT -D_POSIX_PTHREAD_SEMANTICS -DDARWIN -Wall -D_GNU_SOURCE -DNDEBUG  conftest.c >&5
configure:2676: $? = 0
configure:2680: test -z 
			 || test ! -s conftest.err
configure:2683: $? = 0
configure:2686: test -s conftest.o
configure:2689: $? = 0
configure:2700: result: yes
configure:2654: checking for unistd.h
configure:2670: gcc -c -g -O2 -D_REENTRANT -D_POSIX_PTHREAD_SEMANTICS -DDARWIN -Wall -D_GNU_SOURCE -DNDEBUG  conftest.c >&5
configure:2676: $? = 0
configure:2680: test -z 
			 || test ! -s conftest.err
configure:2683: $? = 0
configure:2686: test -s conftest.o
configure:2689: $? = 0
configure:2700: result: yes
configure:2726: checking sys/mman.h usability
configure:2738: gcc -c -g -O2 -D_REENTRANT -D_POSIX_PTHREAD_SEMANTICS -DDARWIN -Wall -D_GNU_SOURCE -DNDEBUG  conftest.c >&5
configure:2744: $? = 0
configure:2748: test -z 
			 || test ! -s conftest.err
configure:2751: $? = 0
configure:2754: test -s conftest.o
configure:2757: $? = 0
configure:2767: result: yes
configure:2771: checking sys/mman.h presence
configure:2781: gcc -E  conftest.c
configure:2787: $? = 0
configure:2807: result: yes
configure:2842: checking for sys/mman.h
configure:2849: result: yes
configure:2970: creating ./config.status

## ---------------------- ##
## Running config.status. ##
## ---------------------- ##

This file was extended by config.status, which was
generated by GNU Autoconf 2.59.  Invocation command line was

  CONFIG_FILES    = 
  CONFIG_HEADERS  = 
  CONFIG_LINKS    = 
  CONFIG_COMMANDS = 
  $ ./config.status 

on simost4.apple.com

config.status:644: creating Makefile
config.status:747: creating config.h
config.status:851: config.h is unchanged

## ---------------- ##
## Cache variables. ##
## ---------------- ##

ac_cv_c_compiler_gnu=yes
ac_cv_env_CC_set=
ac_cv_env_CC_value=
ac_cv_env_CFLAGS_set=set
ac_cv_env_CFLAGS_value='-g -O2 -D_REENTRANT -D_POSIX_PTHREAD_SEMANTICS -DDARWIN -Wall -D_GNU_SOURCE -DNDEBUG'
ac_cv_env_CPPFLAGS_set=
ac_cv_env_CPPFLAGS_value=
ac_cv_env_CPP_set=
ac_cv_env_CPP_value=
ac_cv_env_LDFLAGS_set=
ac_cv_env_LDFLAGS_value=
ac_cv_env_build_alias_set=
ac_cv_env_build_alias_value=
ac_cv_env_host_alias_set=
ac_cv_env_host_alias_value=
ac_cv_env_target_alias_set=
ac_cv_env_target_alias_value=
ac_cv_exeext=
ac_cv_header_inttypes_h=yes
ac_cv_header_memory_h=yes
ac_cv_header_stdc=yes
ac_cv_header_stdint_h=yes
ac_cv_header_stdlib_h=yes
ac_cv_header_string_h=yes
ac_cv_header_strings_h=yes
ac_cv_header_sys_mman_h=yes
ac_cv_header_sys_stat_h=yes
ac_cv_header_sys_types_h=yes
ac_cv_header_unistd_h=yes
ac_cv_objext=o
ac_cv_prog_CPP='gcc -E'
ac_cv_prog_ac_ct_CC=gcc
ac_cv_prog_cc_g=yes
ac_cv_prog_cc_stdc=
ac_cv_prog_egrep='grep -E'

## ----------------- ##
## Output variables. ##
## ----------------- ##

CC='gcc'
CFLAGS='-g -O2 -D_REENTRANT -D_POSIX_PTHREAD_SEMANTICS -DDARWIN -Wall -D_GNU_SOURCE -DNDEBUG'
CPP='gcc -E'
CPPFLAGS=''
DEFS='-DHAVE_CONFIG_H'
ECHO_C='ECHO_N=''
ECHO_T=''
EGREP='grep -E'
EXEEXT=''
LDFLAGS=''
LIBOBJS=''
LIBS='-lresolv  -lpthread'
LTLIBOBJS=''
OBJEXT='o'
PACKAGE_BUGREPORT=''
PACKAGE_NAME=''
PACKAGE_STRING=''
PACKAGE_TARNAME=''
PACKAGE_VERSION=''
PATH_SEPARATOR=':'
SHELL='/bin/sh'
ac_ct_CC='gcc'
bindir='${exec_prefix}/bin'
build_alias=''
datadir='${prefix}/share'
exec_prefix='${prefix}'
host_alias=''
includedir='${prefix}/include'
infodir='${prefix}/info'
libdir='${exec_prefix}/lib'
libexecdir='${exec_prefix}/libexec'
localstatedir='/private/var'
mandir='/usr/share/man'
oldincludedir='/usr/include'
prefix='/usr'
program_transform_name='s,x,x,'
radutmp_cflags=''
radutmp_ldflags=''
sbindir='${exec_prefix}/sbin'
sharedstatedir='${prefix}/com'
sysconfdir='/private/etc'
target_alias=''
targetname='rlm_radutmp'

## ----------- ##
## confdefs.h. ##
## ----------- ##

#define HAVE_INTTYPES_H 1
#define HAVE_MEMORY_H 1
#define HAVE_STDINT_H 1
#define HAVE_STDLIB_H 1
#define HAVE_STRINGS_H 1
#define HAVE_STRING_H 1
#define HAVE_SYS_MMAN_H 1
#define HAVE_SYS_STAT_H 1
#define HAVE_SYS_TYPES_H 1
#define HAVE_UNISTD_H 1
#define PACKAGE_BUGREPORT ""
#define PACKAGE_NAME ""
#define PACKAGE_STRING ""
#define PACKAGE_TARNAME ""
#define PACKAGE_VERSION ""
#define STDC_HEADERS 1

configure: exit 0
