
## ---------------------- ##
## Running config.status. ##
## ---------------------- ##

This file was extended by Xar config.status 1.6dev, which was
generated by GNU Autoconf 2.61.  Invocation command line was

  CONFIG_FILES    = 
  CONFIG_HEADERS  = 
  CONFIG_LINKS    = 
  CONFIG_COMMANDS = 
  $ ./config.status 

on il0303a-dhcp67.apple.com

config.status:629: creating cfgoutputs.stamp
config.status:629: creating Makefile
config.status:629: creating include/xar.h
config.status:629: creating lib/Makefile.inc
config.status:629: creating lib/libxar.la.in
config.status:629: creating src/Makefile.inc
config.status:629: creating xar.spec
config.status:629: creating cfghdrs.stamp
config.status:892: cfghdrs.stamp is unchanged
config.status:629: creating include/config.h
config.status:892: include/config.h is unchanged
