This file contains any messages produced by compilers while
running configure, to aid debugging if configure makes a mistake.

It was created by configure, which was
generated by GNU Autoconf 2.59.  Invocation command line was

  $ ./configure --prefix=/usr --enable-static --prefix=/usr --sysconfdir=/private/etc --localstatedir=/private/var --mandir=/usr/share/man --enable-ltdl-install=no --cache-file=/dev/null --srcdir=. CFLAGS=-g -O2 -D_REENTRANT -D_POSIX_PTHREAD_SEMANTICS -DDARWIN -Wall -D_GNU_SOURCE -DNDEBUG --cache-file=/dev/null --srcdir=.

## --------- ##
## Platform. ##
## --------- ##

hostname = simost4.apple.com
uname -m = Power Macintosh
uname -r = 9.0.0d3
uname -s = Darwin
uname -v = Darwin Kernel Version 9.0.0d3: Sun Oct  1 00:34:58 PDT 2006; root:xnu-965~3/RELEASE_PPC

/usr/bin/uname -p = powerpc
/bin/uname -X     = unknown

/bin/arch              = unknown
/usr/bin/arch -k       = unknown
/usr/convex/getsysinfo = unknown
hostinfo               = Mach kernel version:
	 Darwin Kernel Version 9.0.0d3: Sun Oct  1 00:34:58 PDT 2006; root:xnu-965~3/RELEASE_PPC
Kernel configured for up to 2 processors.
2 processors are physically available.
2 processors are logically available.
Processor type: ppc970 (PowerPC 970)
Processors active: 0 1
Primary memory available: 512.00 megabytes
Default processor set: 84 tasks, 266 threads, 2 processors
Load average: 1.20, Mach factor: 0.84
/bin/machine           = unknown
/usr/bin/oslevel       = unknown
/bin/universe          = unknown

PATH: /Volumes/Tenacious/backup3/Users/steve/bin/powerpc-apple-darwin
PATH: /Volumes/Tenacious/backup3/Users/steve/bin
PATH: /usr/local/bin
PATH: /usr/bin
PATH: /bin
PATH: /usr/local/sbin
PATH: /usr/sbin
PATH: /sbin
PATH: /Network/Servers/seaport/release/bin
PATH: /Network/Servers/seaport/release/rcdev/xbs-Current/jbin


## ----------- ##
## Core tests. ##
## ----------- ##

configure:1303: checking for gcc
configure:1319: found /usr/bin/gcc
configure:1329: result: gcc
configure:1573: checking for C compiler version
configure:1576: gcc --version </dev/null >&5
powerpc-apple-darwin8-gcc-4.0.1 (GCC) 4.0.1 (Apple Computer, Inc. build 5421)
Copyright (C) 2005 Free Software Foundation, Inc.
This is free software; see the source for copying conditions.  There is NO
warranty; not even for MERCHANTABILITY or FITNESS FOR A PARTICULAR PURPOSE.

configure:1579: $? = 0
configure:1581: gcc -v </dev/null >&5
Using built-in specs.
Target: powerpc-apple-darwin8
Configured with: /var/tmp/gcc/gcc-5421~4/src/configure --disable-checking -enable-werror --prefix=/usr --mandir=/share/man --enable-languages=c,objc,c++,obj-c++ --program-transform-name=/^[cg][^.-]*$/s/$/-4.0/ --with-gxx-include-dir=/include/c++/4.0.0 --with-slibdir=/usr/lib --build=powerpc-apple-darwin8 --host=powerpc-apple-darwin8 --target=powerpc-apple-darwin8
Thread model: posix
gcc version 4.0.1 (Apple Computer, Inc. build 5421)
configure:1584: $? = 0
configure:1586: gcc -V </dev/null >&5
gcc-4.0: argument to `-V' is missing
configure:1589: $? = 1
configure:1612: checking for C compiler default output file name
configure:1615: gcc -g -O2 -D_REENTRANT -D_POSIX_PTHREAD_SEMANTICS -DDARWIN -Wall -D_GNU_SOURCE -DNDEBUG   conftest.c -lresolv  -lpthread >&5
configure:1618: $? = 0
configure:1664: result: a.out
configure:1669: checking whether the C compiler works
configure:1675: ./a.out
configure:1678: $? = 0
configure:1695: result: yes
configure:1702: checking whether we are cross compiling
configure:1704: result: no
configure:1707: checking for suffix of executables
configure:1709: gcc -o conftest -g -O2 -D_REENTRANT -D_POSIX_PTHREAD_SEMANTICS -DDARWIN -Wall -D_GNU_SOURCE -DNDEBUG   conftest.c -lresolv  -lpthread >&5
configure:1712: $? = 0
configure:1737: result: 
configure:1743: checking for suffix of object files
configure:1764: gcc -c -g -O2 -D_REENTRANT -D_POSIX_PTHREAD_SEMANTICS -DDARWIN -Wall -D_GNU_SOURCE -DNDEBUG  conftest.c >&5
configure:1767: $? = 0
configure:1789: result: o
configure:1793: checking whether we are using the GNU C compiler
configure:1817: gcc -c -g -O2 -D_REENTRANT -D_POSIX_PTHREAD_SEMANTICS -DDARWIN -Wall -D_GNU_SOURCE -DNDEBUG  conftest.c >&5
configure:1823: $? = 0
configure:1827: test -z 
			 || test ! -s conftest.err
configure:1830: $? = 0
configure:1833: test -s conftest.o
configure:1836: $? = 0
configure:1849: result: yes
configure:1855: checking whether gcc accepts -g
configure:1876: gcc -c -g  conftest.c >&5
configure:1882: $? = 0
configure:1886: test -z 
			 || test ! -s conftest.err
configure:1889: $? = 0
configure:1892: test -s conftest.o
configure:1895: $? = 0
configure:1906: result: yes
configure:1923: checking for gcc option to accept ANSI C
configure:1993: gcc  -c -g -O2 -D_REENTRANT -D_POSIX_PTHREAD_SEMANTICS -DDARWIN -Wall -D_GNU_SOURCE -DNDEBUG  conftest.c >&5
configure:1999: $? = 0
configure:2003: test -z 
			 || test ! -s conftest.err
configure:2006: $? = 0
configure:2009: test -s conftest.o
configure:2012: $? = 0
configure:2030: result: none needed
configure:2048: gcc -c -g -O2 -D_REENTRANT -D_POSIX_PTHREAD_SEMANTICS -DDARWIN -Wall -D_GNU_SOURCE -DNDEBUG  conftest.c >&5
conftest.c:2: error: syntax error before 'me'
configure:2054: $? = 1
configure: failed program was:
| #ifndef __cplusplus
|   choke me
| #endif
configure:2192: checking how to run the C preprocessor
configure:2227: gcc -E  conftest.c
configure:2233: $? = 0
configure:2265: gcc -E  conftest.c
conftest.c:9:28: error: ac_nonexistent.h: No such file or directory
configure:2271: $? = 1
configure: failed program was:
| /* confdefs.h.  */
| 
| #define PACKAGE_NAME ""
| #define PACKAGE_TARNAME ""
| #define PACKAGE_VERSION ""
| #define PACKAGE_STRING ""
| #define PACKAGE_BUGREPORT ""
| /* end confdefs.h.  */
| #include <ac_nonexistent.h>
configure:2310: result: gcc -E
configure:2334: gcc -E  conftest.c
configure:2340: $? = 0
configure:2372: gcc -E  conftest.c
conftest.c:9:28: error: ac_nonexistent.h: No such file or directory
configure:2378: $? = 1
configure: failed program was:
| /* confdefs.h.  */
| 
| #define PACKAGE_NAME ""
| #define PACKAGE_TARNAME ""
| #define PACKAGE_VERSION ""
| #define PACKAGE_STRING ""
| #define PACKAGE_BUGREPORT ""
| /* end confdefs.h.  */
| #include <ac_nonexistent.h>
configure:2427: checking for oci.h
configure:2448: gcc -c -g -O2 -D_REENTRANT -D_POSIX_PTHREAD_SEMANTICS -DDARWIN -Wall -D_GNU_SOURCE -DNDEBUG  conftest.c >&5
conftest.c:9:17: error: oci.h: No such file or directory
conftest.c: In function 'main':
conftest.c:13: warning: unused variable 'a'
configure:2454: $? = 1
configure: failed program was:
| /* confdefs.h.  */
| 
| #define PACKAGE_NAME ""
| #define PACKAGE_TARNAME ""
| #define PACKAGE_VERSION ""
| #define PACKAGE_STRING ""
| #define PACKAGE_BUGREPORT ""
| /* end confdefs.h.  */
| #include <oci.h>
| int
| main ()
| {
|  int a = 1;
|   ;
|   return 0;
| }
configure:2672: gcc -c -g -O2 -D_REENTRANT -D_POSIX_PTHREAD_SEMANTICS -DDARWIN -Wall -D_GNU_SOURCE -DNDEBUG -I/usr/local/include/oracle  conftest.c >&5
conftest.c:9:17: error: oci.h: No such file or directory
conftest.c: In function 'main':
conftest.c:13: warning: unused variable 'a'
configure:2678: $? = 1
configure: failed program was:
| /* confdefs.h.  */
| 
| #define PACKAGE_NAME ""
| #define PACKAGE_TARNAME ""
| #define PACKAGE_VERSION ""
| #define PACKAGE_STRING ""
| #define PACKAGE_BUGREPORT ""
| /* end confdefs.h.  */
| #include <oci.h>
| int
| main ()
| {
|  int a = 1;
|   ;
|   return 0;
| }
configure:2672: gcc -c -g -O2 -D_REENTRANT -D_POSIX_PTHREAD_SEMANTICS -DDARWIN -Wall -D_GNU_SOURCE -DNDEBUG -I/usr/local/oracle/include  conftest.c >&5
conftest.c:9:17: error: oci.h: No such file or directory
conftest.c: In function 'main':
conftest.c:13: warning: unused variable 'a'
configure:2678: $? = 1
configure: failed program was:
| /* confdefs.h.  */
| 
| #define PACKAGE_NAME ""
| #define PACKAGE_TARNAME ""
| #define PACKAGE_VERSION ""
| #define PACKAGE_STRING ""
| #define PACKAGE_BUGREPORT ""
| /* end confdefs.h.  */
| #include <oci.h>
| int
| main ()
| {
|  int a = 1;
|   ;
|   return 0;
| }
configure:2710: result: no
configure:2712: WARNING: oracle headers not found.  Use --with-oracle-home-dir=<path>.
configure:2863: WARNING: sql submodule 'oracle' disabled
configure:3002: creating ./config.status

## ---------------------- ##
## Running config.status. ##
## ---------------------- ##

This file was extended by config.status, which was
generated by GNU Autoconf 2.59.  Invocation command line was

  CONFIG_FILES    = 
  CONFIG_HEADERS  = 
  CONFIG_LINKS    = 
  CONFIG_COMMANDS = 
  $ ./config.status 

on simost4.apple.com

config.status:637: creating Makefile

## ---------------- ##
## Cache variables. ##
## ---------------- ##

ac_cv_c_compiler_gnu=yes
ac_cv_env_CC_set=
ac_cv_env_CC_value=
ac_cv_env_CFLAGS_set=set
ac_cv_env_CFLAGS_value='-g -O2 -D_REENTRANT -D_POSIX_PTHREAD_SEMANTICS -DDARWIN -Wall -D_GNU_SOURCE -DNDEBUG'
ac_cv_env_CPPFLAGS_set=
ac_cv_env_CPPFLAGS_value=
ac_cv_env_CPP_set=
ac_cv_env_CPP_value=
ac_cv_env_LDFLAGS_set=
ac_cv_env_LDFLAGS_value=
ac_cv_env_build_alias_set=
ac_cv_env_build_alias_value=
ac_cv_env_host_alias_set=
ac_cv_env_host_alias_value=
ac_cv_env_target_alias_set=
ac_cv_env_target_alias_value=
ac_cv_exeext=
ac_cv_objext=o
ac_cv_prog_CPP='gcc -E'
ac_cv_prog_ac_ct_CC=gcc
ac_cv_prog_cc_g=yes
ac_cv_prog_cc_stdc=

## ----------------- ##
## Output variables. ##
## ----------------- ##

CC='gcc'
CFLAGS='-g -O2 -D_REENTRANT -D_POSIX_PTHREAD_SEMANTICS -DDARWIN -Wall -D_GNU_SOURCE -DNDEBUG'
CPP='gcc -E'
CPPFLAGS=''
DEFS='-DPACKAGE_NAME=\"\" -DPACKAGE_TARNAME=\"\" -DPACKAGE_VERSION=\"\" -DPACKAGE_STRING=\"\" -DPACKAGE_BUGREPORT=\"\" '
ECHO_C='ECHO_N=''
ECHO_T=''
EXEEXT=''
LDFLAGS=''
LIBOBJS=''
LIBS='-lresolv  -lpthread'
LTLIBOBJS=''
OBJEXT='o'
ORACLE_INCLUDE=''
ORACLE_LIBS=''
PACKAGE_BUGREPORT=''
PACKAGE_NAME=''
PACKAGE_STRING=''
PACKAGE_TARNAME=''
PACKAGE_VERSION=''
PATH_SEPARATOR=':'
SHELL='/bin/sh'
ac_ct_CC='gcc'
bindir='${exec_prefix}/bin'
build_alias=''
datadir='${prefix}/share'
exec_prefix='${prefix}'
host_alias=''
includedir='${prefix}/include'
infodir='${prefix}/info'
libdir='${exec_prefix}/lib'
libexecdir='${exec_prefix}/libexec'
localstatedir='/private/var'
mandir='/usr/share/man'
oldincludedir='/usr/include'
prefix='/usr'
program_transform_name='s,x,x,'
sbindir='${exec_prefix}/sbin'
sharedstatedir='${prefix}/com'
sql_oracle_cflags=''
sql_oracle_ldflags=''
sysconfdir='/private/etc'
target_alias=''
targetname=''

## ----------- ##
## confdefs.h. ##
## ----------- ##

#define PACKAGE_BUGREPORT ""
#define PACKAGE_NAME ""
#define PACKAGE_STRING ""
#define PACKAGE_TARNAME ""
#define PACKAGE_VERSION ""

configure: exit 0
