This file contains any messages produced by compilers while
running configure, to aid debugging if configure makes a mistake.

It was created by configure, which was
generated by GNU Autoconf 2.59.  Invocation command line was

  $ ./configure --prefix=/usr --enable-static --prefix=/usr --sysconfdir=/private/etc --localstatedir=/private/var --mandir=/usr/share/man --enable-ltdl-install=no --cache-file=/dev/null --srcdir=.

## --------- ##
## Platform. ##
## --------- ##

hostname = simost4.apple.com
uname -m = Power Macintosh
uname -r = 9.0.0d3
uname -s = Darwin
uname -v = Darwin Kernel Version 9.0.0d3: Sun Oct  1 00:34:58 PDT 2006; root:xnu-965~3/RELEASE_PPC

/usr/bin/uname -p = powerpc
/bin/uname -X     = unknown

/bin/arch              = unknown
/usr/bin/arch -k       = unknown
/usr/convex/getsysinfo = unknown
hostinfo               = Mach kernel version:
	 Darwin Kernel Version 9.0.0d3: Sun Oct  1 00:34:58 PDT 2006; root:xnu-965~3/RELEASE_PPC
Kernel configured for up to 2 processors.
2 processors are physically available.
2 processors are logically available.
Processor type: ppc970 (PowerPC 970)
Processors active: 0 1
Primary memory available: 512.00 megabytes
Default processor set: 83 tasks, 264 threads, 2 processors
Load average: 1.73, Mach factor: 0.81
/bin/machine           = unknown
/usr/bin/oslevel       = unknown
/bin/universe          = unknown

PATH: /Volumes/Tenacious/backup3/Users/steve/bin/powerpc-apple-darwin
PATH: /Volumes/Tenacious/backup3/Users/steve/bin
PATH: /usr/local/bin
PATH: /usr/bin
PATH: /bin
PATH: /usr/local/sbin
PATH: /usr/sbin
PATH: /sbin
PATH: /Network/Servers/seaport/release/bin
PATH: /Network/Servers/seaport/release/rcdev/xbs-Current/jbin


## ----------- ##
## Core tests. ##
## ----------- ##

configure:1339: checking for gcc
configure:1355: found /usr/bin/gcc
configure:1365: result: gcc
configure:1609: checking for C compiler version
configure:1612: gcc --version </dev/null >&5
powerpc-apple-darwin8-gcc-4.0.1 (GCC) 4.0.1 (Apple Computer, Inc. build 5421)
Copyright (C) 2005 Free Software Foundation, Inc.
This is free software; see the source for copying conditions.  There is NO
warranty; not even for MERCHANTABILITY or FITNESS FOR A PARTICULAR PURPOSE.

configure:1615: $? = 0
configure:1617: gcc -v </dev/null >&5
Using built-in specs.
Target: powerpc-apple-darwin8
Configured with: /var/tmp/gcc/gcc-5421~4/src/configure --disable-checking -enable-werror --prefix=/usr --mandir=/share/man --enable-languages=c,objc,c++,obj-c++ --program-transform-name=/^[cg][^.-]*$/s/$/-4.0/ --with-gxx-include-dir=/include/c++/4.0.0 --with-slibdir=/usr/lib --build=powerpc-apple-darwin8 --host=powerpc-apple-darwin8 --target=powerpc-apple-darwin8
Thread model: posix
gcc version 4.0.1 (Apple Computer, Inc. build 5421)
configure:1620: $? = 0
configure:1622: gcc -V </dev/null >&5
gcc-4.0: argument to `-V' is missing
configure:1625: $? = 1
configure:1648: checking for C compiler default output file name
configure:1651: gcc -g -O2 -D_REENTRANT -D_POSIX_PTHREAD_SEMANTICS -DDARWIN -Wall -D_GNU_SOURCE -DNDEBUG   conftest.c -lresolv  -lpthread >&5
configure:1654: $? = 0
configure:1700: result: a.out
configure:1705: checking whether the C compiler works
configure:1711: ./a.out
configure:1714: $? = 0
configure:1731: result: yes
configure:1738: checking whether we are cross compiling
configure:1740: result: no
configure:1743: checking for suffix of executables
configure:1745: gcc -o conftest -g -O2 -D_REENTRANT -D_POSIX_PTHREAD_SEMANTICS -DDARWIN -Wall -D_GNU_SOURCE -DNDEBUG   conftest.c -lresolv  -lpthread >&5
configure:1748: $? = 0
configure:1773: result: 
configure:1779: checking for suffix of object files
configure:1800: gcc -c -g -O2 -D_REENTRANT -D_POSIX_PTHREAD_SEMANTICS -DDARWIN -Wall -D_GNU_SOURCE -DNDEBUG  conftest.c >&5
configure:1803: $? = 0
configure:1825: result: o
configure:1829: checking whether we are using the GNU C compiler
configure:1853: gcc -c -g -O2 -D_REENTRANT -D_POSIX_PTHREAD_SEMANTICS -DDARWIN -Wall -D_GNU_SOURCE -DNDEBUG  conftest.c >&5
configure:1859: $? = 0
configure:1863: test -z 
			 || test ! -s conftest.err
configure:1866: $? = 0
configure:1869: test -s conftest.o
configure:1872: $? = 0
configure:1885: result: yes
configure:1891: checking whether gcc accepts -g
configure:1912: gcc -c -g  conftest.c >&5
configure:1918: $? = 0
configure:1922: test -z 
			 || test ! -s conftest.err
configure:1925: $? = 0
configure:1928: test -s conftest.o
configure:1931: $? = 0
configure:1942: result: yes
configure:1959: checking for gcc option to accept ANSI C
configure:2029: gcc  -c -g -O2 -D_REENTRANT -D_POSIX_PTHREAD_SEMANTICS -DDARWIN -Wall -D_GNU_SOURCE -DNDEBUG  conftest.c >&5
configure:2035: $? = 0
configure:2039: test -z 
			 || test ! -s conftest.err
configure:2042: $? = 0
configure:2045: test -s conftest.o
configure:2048: $? = 0
configure:2066: result: none needed
configure:2084: gcc -c -g -O2 -D_REENTRANT -D_POSIX_PTHREAD_SEMANTICS -DDARWIN -Wall -D_GNU_SOURCE -DNDEBUG  conftest.c >&5
conftest.c:2: error: syntax error before 'me'
configure:2090: $? = 1
configure: failed program was:
| #ifndef __cplusplus
|   choke me
| #endif
configure:2228: checking how to run the C preprocessor
configure:2263: gcc -E  conftest.c
configure:2269: $? = 0
configure:2301: gcc -E  conftest.c
conftest.c:9:28: error: ac_nonexistent.h: No such file or directory
configure:2307: $? = 1
configure: failed program was:
| /* confdefs.h.  */
| 
| #define PACKAGE_NAME ""
| #define PACKAGE_TARNAME ""
| #define PACKAGE_VERSION ""
| #define PACKAGE_STRING ""
| #define PACKAGE_BUGREPORT ""
| /* end confdefs.h.  */
| #include <ac_nonexistent.h>
configure:2346: result: gcc -E
configure:2370: gcc -E  conftest.c
configure:2376: $? = 0
configure:2408: gcc -E  conftest.c
conftest.c:9:28: error: ac_nonexistent.h: No such file or directory
configure:2414: $? = 1
configure: failed program was:
| /* confdefs.h.  */
| 
| #define PACKAGE_NAME ""
| #define PACKAGE_TARNAME ""
| #define PACKAGE_VERSION ""
| #define PACKAGE_STRING ""
| #define PACKAGE_BUGREPORT ""
| /* end confdefs.h.  */
| #include <ac_nonexistent.h>
configure:2459: checking for dlopen in -ldl
configure:2489: gcc -o conftest -g -O2 -D_REENTRANT -D_POSIX_PTHREAD_SEMANTICS -DDARWIN -Wall -D_GNU_SOURCE -DNDEBUG   conftest.c -ldl  -lresolv  -lpthread >&5
configure:2495: $? = 0
configure:2499: test -z 
			 || test ! -s conftest.err
configure:2502: $? = 0
configure:2505: test -s conftest
configure:2508: $? = 0
configure:2521: result: yes
configure:2529: checking for pam_start in -lpam
configure:2560: gcc -o conftest -g -O2 -D_REENTRANT -D_POSIX_PTHREAD_SEMANTICS -DDARWIN -Wall -D_GNU_SOURCE -DNDEBUG   conftest.c -lpam  -ldl
	 -lresolv  -lpthread >&5
configure:2566: $? = 0
configure:2570: test -z 
			 || test ! -s conftest.err
configure:2573: $? = 0
configure:2576: test -s conftest
configure:2579: $? = 0
configure:2592: result: yes
configure:2602: checking for egrep
configure:2612: result: grep -E
configure:2617: checking for ANSI C header files
configure:2642: gcc -c -g -O2 -D_REENTRANT -D_POSIX_PTHREAD_SEMANTICS -DDARWIN -Wall -D_GNU_SOURCE -DNDEBUG  conftest.c >&5
configure:2648: $? = 0
configure:2652: test -z 
			 || test ! -s conftest.err
configure:2655: $? = 0
configure:2658: test -s conftest.o
configure:2661: $? = 0
configure:2750: gcc -o conftest -g -O2 -D_REENTRANT -D_POSIX_PTHREAD_SEMANTICS -DDARWIN -Wall -D_GNU_SOURCE -DNDEBUG   conftest.c -lresolv  -lpthread >&5
conftest.c: In function 'main':
conftest.c:26: warning: implicit declaration of function 'exit'
conftest.c:26: warning: incompatible implicit declaration of built-in function 'exit'
configure:2753: $? = 0
configure:2755: ./conftest
configure:2758: $? = 0
configure:2773: result: yes
configure:2797: checking for sys/types.h
configure:2813: gcc -c -g -O2 -D_REENTRANT -D_POSIX_PTHREAD_SEMANTICS -DDARWIN -Wall -D_GNU_SOURCE -DNDEBUG  conftest.c >&5
configure:2819: $? = 0
configure:2823: test -z 
			 || test ! -s conftest.err
configure:2826: $? = 0
configure:2829: test -s conftest.o
configure:2832: $? = 0
configure:2843: result: yes
configure:2797: checking for sys/stat.h
configure:2813: gcc -c -g -O2 -D_REENTRANT -D_POSIX_PTHREAD_SEMANTICS -DDARWIN -Wall -D_GNU_SOURCE -DNDEBUG  conftest.c >&5
configure:2819: $? = 0
configure:2823: test -z 
			 || test ! -s conftest.err
configure:2826: $? = 0
configure:2829: test -s conftest.o
configure:2832: $? = 0
configure:2843: result: yes
configure:2797: checking for stdlib.h
configure:2813: gcc -c -g -O2 -D_REENTRANT -D_POSIX_PTHREAD_SEMANTICS -DDARWIN -Wall -D_GNU_SOURCE -DNDEBUG  conftest.c >&5
configure:2819: $? = 0
configure:2823: test -z 
			 || test ! -s conftest.err
configure:2826: $? = 0
configure:2829: test -s conftest.o
configure:2832: $? = 0
configure:2843: result: yes
configure:2797: checking for string.h
configure:2813: gcc -c -g -O2 -D_REENTRANT -D_POSIX_PTHREAD_SEMANTICS -DDARWIN -Wall -D_GNU_SOURCE -DNDEBUG  conftest.c >&5
configure:2819: $? = 0
configure:2823: test -z 
			 || test ! -s conftest.err
configure:2826: $? = 0
configure:2829: test -s conftest.o
configure:2832: $? = 0
configure:2843: result: yes
configure:2797: checking for memory.h
configure:2813: gcc -c -g -O2 -D_REENTRANT -D_POSIX_PTHREAD_SEMANTICS -DDARWIN -Wall -D_GNU_SOURCE -DNDEBUG  conftest.c >&5
configure:2819: $? = 0
configure:2823: test -z 
			 || test ! -s conftest.err
configure:2826: $? = 0
configure:2829: test -s conftest.o
configure:2832: $? = 0
configure:2843: result: yes
configure:2797: checking for strings.h
configure:2813: gcc -c -g -O2 -D_REENTRANT -D_POSIX_PTHREAD_SEMANTICS -DDARWIN -Wall -D_GNU_SOURCE -DNDEBUG  conftest.c >&5
configure:2819: $? = 0
configure:2823: test -z 
			 || test ! -s conftest.err
configure:2826: $? = 0
configure:2829: test -s conftest.o
configure:2832: $? = 0
configure:2843: result: yes
configure:2797: checking for inttypes.h
configure:2813: gcc -c -g -O2 -D_REENTRANT -D_POSIX_PTHREAD_SEMANTICS -DDARWIN -Wall -D_GNU_SOURCE -DNDEBUG  conftest.c >&5
configure:2819: $? = 0
configure:2823: test -z 
			 || test ! -s conftest.err
configure:2826: $? = 0
configure:2829: test -s conftest.o
configure:2832: $? = 0
configure:2843: result: yes
configure:2797: checking for stdint.h
configure:2813: gcc -c -g -O2 -D_REENTRANT -D_POSIX_PTHREAD_SEMANTICS -DDARWIN -Wall -D_GNU_SOURCE -DNDEBUG  conftest.c >&5
configure:2819: $? = 0
configure:2823: test -z 
			 || test ! -s conftest.err
configure:2826: $? = 0
configure:2829: test -s conftest.o
configure:2832: $? = 0
configure:2843: result: yes
configure:2797: checking for unistd.h
configure:2813: gcc -c -g -O2 -D_REENTRANT -D_POSIX_PTHREAD_SEMANTICS -DDARWIN -Wall -D_GNU_SOURCE -DNDEBUG  conftest.c >&5
configure:2819: $? = 0
configure:2823: test -z 
			 || test ! -s conftest.err
configure:2826: $? = 0
configure:2829: test -s conftest.o
configure:2832: $? = 0
configure:2843: result: yes
configure:2873: checking security/pam_appl.h usability
configure:2885: gcc -c -g -O2 -D_REENTRANT -D_POSIX_PTHREAD_SEMANTICS -DDARWIN -Wall -D_GNU_SOURCE -DNDEBUG  conftest.c >&5
conftest.c:53:31: error: security/pam_appl.h: No such file or directory
configure:2891: $? = 1
configure: failed program was:
| /* confdefs.h.  */
| 
| #define PACKAGE_NAME ""
| #define PACKAGE_TARNAME ""
| #define PACKAGE_VERSION ""
| #define PACKAGE_STRING ""
| #define PACKAGE_BUGREPORT ""
| #define STDC_HEADERS 1
| #define HAVE_SYS_TYPES_H 1
| #define HAVE_SYS_STAT_H 1
| #define HAVE_STDLIB_H 1
| #define HAVE_STRING_H 1
| #define HAVE_MEMORY_H 1
| #define HAVE_STRINGS_H 1
| #define HAVE_INTTYPES_H 1
| #define HAVE_STDINT_H 1
| #define HAVE_UNISTD_H 1
| /* end confdefs.h.  */
| #include <stdio.h>
| #if HAVE_SYS_TYPES_H
| # include <sys/types.h>
| #endif
| #if HAVE_SYS_STAT_H
| # include <sys/stat.h>
| #endif
| #if STDC_HEADERS
| # include <stdlib.h>
| # include <stddef.h>
| #else
| # if HAVE_STDLIB_H
| #  include <stdlib.h>
| # endif
| #endif
| #if HAVE_STRING_H
| # if !STDC_HEADERS && HAVE_MEMORY_H
| #  include <memory.h>
| # endif
| # include <string.h>
| #endif
| #if HAVE_STRINGS_H
| # include <strings.h>
| #endif
| #if HAVE_INTTYPES_H
| # include <inttypes.h>
| #else
| # if HAVE_STDINT_H
| #  include <stdint.h>
| # endif
| #endif
| #if HAVE_UNISTD_H
| # include <unistd.h>
| #endif
| #include <security/pam_appl.h>
configure:2914: result: no
configure:2918: checking security/pam_appl.h presence
configure:2928: gcc -E  conftest.c
conftest.c:19:31: error: security/pam_appl.h: No such file or directory
configure:2934: $? = 1
configure: failed program was:
| /* confdefs.h.  */
| 
| #define PACKAGE_NAME ""
| #define PACKAGE_TARNAME ""
| #define PACKAGE_VERSION ""
| #define PACKAGE_STRING ""
| #define PACKAGE_BUGREPORT ""
| #define STDC_HEADERS 1
| #define HAVE_SYS_TYPES_H 1
| #define HAVE_SYS_STAT_H 1
| #define HAVE_STDLIB_H 1
| #define HAVE_STRING_H 1
| #define HAVE_MEMORY_H 1
| #define HAVE_STRINGS_H 1
| #define HAVE_INTTYPES_H 1
| #define HAVE_STDINT_H 1
| #define HAVE_UNISTD_H 1
| /* end confdefs.h.  */
| #include <security/pam_appl.h>
configure:2954: result: no
configure:2989: checking for security/pam_appl.h
configure:2996: result: no
configure:2873: checking pam/pam_appl.h usability
configure:2885: gcc -c -g -O2 -D_REENTRANT -D_POSIX_PTHREAD_SEMANTICS -DDARWIN -Wall -D_GNU_SOURCE -DNDEBUG  conftest.c >&5
configure:2891: $? = 0
configure:2895: test -z 
			 || test ! -s conftest.err
configure:2898: $? = 0
configure:2901: test -s conftest.o
configure:2904: $? = 0
configure:2914: result: yes
configure:2918: checking pam/pam_appl.h presence
configure:2928: gcc -E  conftest.c
configure:2934: $? = 0
configure:2954: result: yes
configure:2989: checking for pam/pam_appl.h
configure:2996: result: yes
configure:3132: creating ./config.status

## ---------------------- ##
## Running config.status. ##
## ---------------------- ##

This file was extended by config.status, which was
generated by GNU Autoconf 2.59.  Invocation command line was

  CONFIG_FILES    = 
  CONFIG_HEADERS  = 
  CONFIG_LINKS    = 
  CONFIG_COMMANDS = 
  $ ./config.status 

on simost4.apple.com

config.status:644: creating Makefile
config.status:747: creating config.h
config.status:851: config.h is unchanged

## ---------------- ##
## Cache variables. ##
## ---------------- ##

ac_cv_c_compiler_gnu=yes
ac_cv_env_CC_set=
ac_cv_env_CC_value=
ac_cv_env_CFLAGS_set=set
ac_cv_env_CFLAGS_value='-g -O2 -D_REENTRANT -D_POSIX_PTHREAD_SEMANTICS -DDARWIN -Wall -D_GNU_SOURCE -DNDEBUG'
ac_cv_env_CPPFLAGS_set=
ac_cv_env_CPPFLAGS_value=
ac_cv_env_CPP_set=
ac_cv_env_CPP_value=
ac_cv_env_LDFLAGS_set=
ac_cv_env_LDFLAGS_value=
ac_cv_env_build_alias_set=
ac_cv_env_build_alias_value=
ac_cv_env_host_alias_set=
ac_cv_env_host_alias_value=
ac_cv_env_target_alias_set=
ac_cv_env_target_alias_value=
ac_cv_exeext=
ac_cv_header_inttypes_h=yes
ac_cv_header_memory_h=yes
ac_cv_header_pam_pam_appl_h=yes
ac_cv_header_security_pam_appl_h=no
ac_cv_header_stdc=yes
ac_cv_header_stdint_h=yes
ac_cv_header_stdlib_h=yes
ac_cv_header_string_h=yes
ac_cv_header_strings_h=yes
ac_cv_header_sys_stat_h=yes
ac_cv_header_sys_types_h=yes
ac_cv_header_unistd_h=yes
ac_cv_lib_dl_dlopen=yes
ac_cv_lib_pam_pam_start=yes
ac_cv_objext=o
ac_cv_prog_CPP='gcc -E'
ac_cv_prog_ac_ct_CC=gcc
ac_cv_prog_cc_g=yes
ac_cv_prog_cc_stdc=
ac_cv_prog_egrep='grep -E'

## ----------------- ##
## Output variables. ##
## ----------------- ##

CC='gcc'
CFLAGS='-g -O2 -D_REENTRANT -D_POSIX_PTHREAD_SEMANTICS -DDARWIN -Wall -D_GNU_SOURCE -DNDEBUG'
CPP='gcc -E'
CPPFLAGS=''
DEFS='-DHAVE_CONFIG_H'
ECHO_C='ECHO_N=''
ECHO_T=''
EGREP='grep -E'
EXEEXT=''
LDFLAGS=''
LIBOBJS=''
LIBS='-lresolv  -lpthread'
LTLIBOBJS=''
OBJEXT='o'
PACKAGE_BUGREPORT=''
PACKAGE_NAME=''
PACKAGE_STRING=''
PACKAGE_TARNAME=''
PACKAGE_VERSION=''
PATH_SEPARATOR=':'
SHELL='/bin/sh'
ac_ct_CC='gcc'
bindir='${exec_prefix}/bin'
build_alias=''
datadir='${prefix}/share'
exec_prefix='${prefix}'
host_alias=''
includedir='${prefix}/include'
infodir='${prefix}/info'
libdir='${exec_prefix}/lib'
libexecdir='${exec_prefix}/libexec'
localstatedir='/private/var'
mandir='/usr/share/man'
oldincludedir='/usr/include'
pam_cflags='-I.'
pam_ldflags='-lpam -ldl'
prefix='/usr'
program_transform_name='s,x,x,'
sbindir='${exec_prefix}/sbin'
sharedstatedir='${prefix}/com'
sysconfdir='/private/etc'
target_alias=''
targetname='rlm_pam'

## ----------- ##
## confdefs.h. ##
## ----------- ##

#define HAVE_INTTYPES_H 1
#define HAVE_MEMORY_H 1
#define HAVE_PAM_PAM_APPL_H 1
#define HAVE_STDINT_H 1
#define HAVE_STDLIB_H 1
#define HAVE_STRINGS_H 1
#define HAVE_STRING_H 1
#define HAVE_SYS_STAT_H 1
#define HAVE_SYS_TYPES_H 1
#define HAVE_UNISTD_H 1
#define PACKAGE_BUGREPORT ""
#define PACKAGE_NAME ""
#define PACKAGE_STRING ""
#define PACKAGE_TARNAME ""
#define PACKAGE_VERSION ""
#define STDC_HEADERS 1

configure: exit 0
